Test (2B): basic agreement ...
leader is 2
leader is 1
--- FAIL: TestBasicAgree2B (2.01s)
    config.go:594: one(100) failed to reach agreement
Test (2B): RPC byte count ...
leader is 2
  ... Passed --   1.6  3   54  114932   11
Test (2B): test progressive failure of followers ...
leader is 0
  ... Passed --   4.8  3  124   25930    3
Test (2B): test failure of leaders ...
leader is 2
leader is 0
  ... Passed --   5.4  3  202   42878    3
Test (2B): agreement after follower reconnects ...
leader is 2
leader is 2
  ... Passed --   4.3  3   96   24435    7
Test (2B): no agreement if too many followers disconnect ...
leader is 4
leader is 1
  ... Passed --   3.5  5  204   42700    3
Test (2B): concurrent Start()s ...
leader is 2
  ... Passed --   1.2  3   34    9100    6
Test (2B): rejoin of partitioned leader ...
leader is 0
leader is 2
leader is 1
  ... Passed --   4.4  3  158   35514    4
Test (2B): leader backs up quickly over incorrect follower logs ...
leader is 2
leader is 4
leader is 0
leader is 2
  ... Passed --  17.2  5 2411 1692416  102
Test (2B): RPC counts aren't too high ...
leader is 1
  ... Passed --   2.1  3   66   20380   12
FAIL
exit status 1
FAIL	6.5840/raft	46.593s
