Test (2B): basic agreement ...
leader is 2
leader is 1
--- FAIL: TestBasicAgree2B (2.00s)
    config.go:594: one(100) failed to reach agreement
Test (2B): RPC byte count ...
leader is 1
  ... Passed --   1.6  3   48  113988   11
Test (2B): test progressive failure of followers ...
leader is 0
  ... Passed --   4.3  3  122   25800    3
Test (2B): test failure of leaders ...
leader is 1
leader is 0
  ... Passed --   5.3  3  200   42274    3
Test (2B): agreement after follower reconnects ...
leader is 1
leader is 1
  ... Passed --   5.7  3  134   35121    8
Test (2B): no agreement if too many followers disconnect ...
leader is 3
leader is 1
  ... Passed --   3.8  5  211   43380    3
Test (2B): concurrent Start()s ...
leader is 1
  ... Passed --   0.6  3   24    6316    6
Test (2B): rejoin of partitioned leader ...
leader is 2
leader is 1
leader is 0
  ... Passed --   6.3  3  192   45852    4
Test (2B): leader backs up quickly over incorrect follower logs ...
leader is 4
leader is 2
leader is 1
leader is 4
  ... Passed --  17.1  5 2144 1568709  103
Test (2B): RPC counts aren't too high ...
leader is 1
  ... Passed --   2.1  3   66   20170   12
FAIL
exit status 1
FAIL	6.5840/raft	48.927s
