Test (2C): basic persistence ...
leader is 1
leader is 2
leader is 2
leader is 0
leader is 2
  ... Passed --   5.6  3  136   34092    7
Test (2C): more persistence ...
leader is 4
leader is 2
leader is 0
leader is 3
leader is 1
leader is 4
  ... Passed --  16.4  5 1112  234584   16
Test (2C): partitioned leader and one follower crash, leader restarts ...
leader is 0
leader is 0
  ... Passed --   1.5  3   42   10046    4
Test (2C): Figure 8 ...
leader is 2
leader is 4
leader is 0
leader is 0
leader is 1
leader is 2
leader is 3
leader is 1
leader is 1
leader is 1
leader is 1
leader is 4
leader is 4
leader is 2
leader is 1
leader is 0
leader is 4
leader is 1
leader is 0
leader is 2
leader is 2
leader is 1
leader is 3
leader is 3
leader is 3
leader is 4
leader is 0
leader is 1
leader is 3
leader is 3
leader is 4
leader is 0
leader is 2
leader is 4
leader is 3
leader is 1
leader is 2
leader is 4
leader is 1
leader is 1
leader is 0
leader is 3
leader is 3
leader is 3
leader is 2
leader is 2
leader is 2
leader is 4
leader is 4
leader is 0
leader is 1
leader is 2
leader is 4
leader is 4
leader is 0
leader is 0
leader is 3
leader is 2
leader is 1
leader is 0
leader is 4
leader is 1
leader is 0
leader is 2
leader is 4
leader is 3
leader is 3
leader is 2
leader is 0
leader is 0
leader is 1
leader is 2
leader is 3
leader is 3
leader is 3
leader is 3
leader is 1
leader is 4
leader is 4
  ... Passed --  32.6  5 1780  376920   79
Test (2C): unreliable agreement ...
leader is 0
  ... Passed --   3.6  5 1132  368585  246
Test (2C): Figure 8 (unreliable) ...
leader is 2
leader is 3
leader is 1
leader is 0
leader is 3
leader is 4
2024/06/21 08:27:15 4: log map[1:1567 2:4591 3:5295 4:3079 5:7421 6:2759 7:6103 8:981 9:7936 10:4970 11:2418 12:6345 13:6387 14:7208 15:5009]; server map[1:1567 2:4591 3:5295 4:3079 5:7421 6:2759 7:6103 8:981 9:7936 10:4970 11:2418 12:6345 13:6387 14:7208 15:5009 16:9508]
2024/06/21 08:27:15 apply error: commit index=16 server=4 6109 != server=0 9508
exit status 1
FAIL	6.5840/raft	64.764s
