Test (2C): basic persistence ...
leader is 1
leader is 1
leader is 1
leader is 0
leader is 2
  ... Passed --   5.9  3  136   34160    7
Test (2C): more persistence ...
leader is 4
leader is 2
leader is 0
leader is 3
leader is 1
leader is 4
  ... Passed --  16.4  5 1104  237502   16
Test (2C): partitioned leader and one follower crash, leader restarts ...
leader is 1
leader is 1
  ... Passed --   1.5  3   42   10114    4
Test (2C): Figure 8 ...
leader is 4
leader is 2
leader is 1
leader is 1
leader is 0
leader is 0
leader is 3
leader is 3
leader is 2
leader is 0
leader is 0
leader is 4
leader is 1
leader is 0
leader is 3
leader is 1
leader is 0
leader is 4
leader is 3
leader is 3
leader is 1
leader is 0
leader is 0
leader is 0
leader is 2
leader is 4
leader is 0
leader is 3
leader is 4
leader is 4
leader is 4
leader is 0
leader is 0
leader is 0
leader is 0
leader is 3
leader is 1
leader is 4
leader is 0
leader is 2
leader is 4
leader is 4
leader is 0
leader is 0
leader is 2
leader is 3
leader is 1
leader is 4
leader is 0
leader is 2
leader is 4
leader is 1
leader is 3
leader is 3
leader is 3
leader is 2
leader is 4
leader is 0
leader is 0
leader is 3
leader is 3
leader is 3
leader is 2
leader is 4
leader is 1
leader is 0
leader is 3
leader is 4
leader is 4
leader is 1
leader is 2
leader is 4
leader is 3
leader is 0
leader is 2
leader is 2
leader is 4
leader is 4
  ... Passed --  27.9  5 1599  334459   77
Test (2C): unreliable agreement ...
leader is 3
  ... Passed --   4.0  5 1150  375174  246
Test (2C): Figure 8 (unreliable) ...
leader is 1
leader is 4
leader is 0
leader is 2
leader is 4
leader is 3
leader is 1
leader is 3
leader is 0
leader is 4
leader is 4
leader is 2
  ... Passed --  37.2  5 10073 21010733  375
Test (2C): churn ...
leader is 4
leader is 4
leader is 1
  ... Passed --  16.2  5 4224 6187202  799
Test (2C): unreliable churn ...
leader is 1
leader is 0
2024/06/21 08:19:08 0: log map[1:5958597520936631664 2:8782393825142912849 3:4914741494381280807 4:6030974787601462447 5:1351660403480072637 6:2989561114758896568 7:3143456161873824035 8:3736744473393872575 9:7280321413710478139 10:2441071713199456329 11:8490659100547134328 12:4046297220064951280 13:271801602277113677 14:1916764094919904231 15:6600836020391320010 16:6026183137040420098 17:8452782587694893330 18:3408948973965168332 19:4790624265286955106 20:2896956909320839842 21:1050733748346327310 22:3577491331563359486 23:4935008860700501924 24:2323292622544946029 25:6922344973134733586 26:4128654656251052552 27:7826291914130110487 28:4162645239013088787 29:7691894471690301625 30:3135974695424085707 31:1196164205240775102 32:4759847456605278797 33:4348399042460898045 34:5450533255071414180 35:4989025725484360159 36:6892053916395283864 37:590708403855689119 38:8111380190536458971 39:1160622059781449552 40:5892974213016081783 41:4767521341018373357 42:7309618852920062523 43:4484430115511301454 44:4237798662585237306 45:6975283924057877801 46:5521341639952121518 47:1916557008222906828 48:6602181139682916271 49:5016739234815513159 50:8219283837936202351 51:3946757118136273049 52:3870942896297846755 53:1766307207988357992 54:1462107625133033336 55:2649393666049252647 56:716137276937838563 57:3660909383086252993 58:4787175991849452167 59:853347451154909124 60:1370261802582418125 61:9052781217196759586 62:6088058393855841640 63:6254462318285571209 64:6199261372178226583 65:8963894513006946043 66:9033053838787945014 67:7011827074021876432 68:2970030367063823741 69:1606355882141550789 70:8181770089282980956 71:1240047236969281644 72:4603469314668081857 73:1112092834378785584 74:1346892749063400118 75:3450993450222873608 76:1709929283937250393 77:7912380568494889232 78:5821529812366717044 79:4693944466766529491 80:4458464060268965613 81:3350762742237976181 82:2196731637906862166 83:6296284082920218147 84:3082030967702318043 85:3281010516497426042 86:5403886448942778798 87:2036955803671401423 88:5496293589703411763 89:8525793984113564091 90:760662275692564126 91:3027415484681957699 92:8539032223942831452 93:8056082522256419628 94:4261878457669394174 95:600789297194580827 96:4118809001692624248 97:8321373496856473288 98:8414297170046391662 99:6547631460794270064 100:3884148084102936779 101:1601070269745379277 102:9097543621139754588 103:5284535807193659877 104:3893624327518203678 105:7740593222125953496 106:5919536747138767021 107:8985055233381015801 108:8808146626777525169 109:6987911828171377377 110:515767921208265661 111:1219869198591843401 112:484105739186578413 113:2080598160304949306 114:1819579991020308477 115:6637283134316257264 116:1579890183244766983 117:3086514347015484069 118:881051618547264881 119:4924148354578301933 120:1806238865071821791 121:1487787161972512266 122:8827516536546620978 123:5617215501380505941 124:3310847218020088558 125:3893546427452378549 126:3696947818623611172 127:1539007957174185723 128:168478564581527902 129:4825612061083556283 130:1371401765271362256 131:3187484559033626775 132:5585380368900572877 133:7408433868751635023 134:714217312103850695 135:4851484474949345031 136:3045568951147953284 137:774667268180660948 138:5160728816923173795 139:4399879594158726347 140:3688884864715238435 141:3156695203128749314 142:4694689446499946622 143:2523470445951553802 144:1350049504747761158 145:8174952087933397213 146:7298744339788668845 147:4413732804270221470 148:3131106230554659947 149:6932312334579606867 150:8899427217652963335 151:6865372952690078766 152:9086303103984838805 153:5715768182690842054 154:7914231614305522833 155:8639182933486730280 156:7332434256287654592 157:3848691996813584898 158:8481576848417416068 159:60515532086270100 160:5342919449737373543 161:3173430274373020954 162:1980502863361962018 163:1936995367912263146 164:4791727651160788672 165:9195984562663687096 166:9071651276624369861 167:368841798259661715 168:2172454491842633956 169:7752674090231927660 170:5362142078196788973 171:3749958249921003055 172:2146072554507537158 173:6801623805290659846 174:363413720683278368 175:4596228792002361859 176:4836218873166049046 177:1129772882530719575 178:4398194247684996136 179:8995725523936545856 180:5941341838695746817 181:6335517131718508856 182:6115549157790391048 183:8664528180150006246 184:3551870215234358913 185:8066252692785844222 186:2992322385853552776 187:8403135944674255448 188:5493582975427614311 189:1054063818590449166 190:7082278998035416009 191:1939288711308456454 192:6009718469371789135 193:8431419606237352970 194:837416416109745308 195:553204180688225620 196:5452920809589403264 197:2222536602906715909 198:2329442827111401618 199:1612175883173674835 200:300026552196666899 201:3394130975598807267 202:5460886597393213164 203:1000468312571903800 204:4438979950680689399 205:4730258549859686942 206:6715472069971499402 207:7020990227667140351 208:2543097561660898490 209:6684886886407760255]; server map[1:5958597520936631664 2:8782393825142912849 3:4914741494381280807 4:6030974787601462447 5:1351660403480072637 6:2989561114758896568 7:3143456161873824035 8:3736744473393872575 9:7280321413710478139 10:2441071713199456329 11:8490659100547134328 12:4046297220064951280 13:271801602277113677 14:1916764094919904231 15:6600836020391320010 16:6026183137040420098 17:8452782587694893330 18:3408948973965168332 19:4790624265286955106 20:2896956909320839842 21:1050733748346327310 22:3577491331563359486 23:4935008860700501924 24:2323292622544946029 25:6922344973134733586 26:4128654656251052552 27:7826291914130110487 28:4162645239013088787 29:7691894471690301625 30:3135974695424085707 31:1196164205240775102 32:4759847456605278797 33:4348399042460898045 34:5450533255071414180 35:4989025725484360159 36:6892053916395283864 37:590708403855689119 38:8111380190536458971 39:1160622059781449552 40:5892974213016081783 41:4767521341018373357 42:7309618852920062523 43:4484430115511301454 44:4237798662585237306 45:6975283924057877801 46:5521341639952121518 47:1916557008222906828 48:6602181139682916271 49:5016739234815513159 50:8219283837936202351 51:3946757118136273049 52:3870942896297846755 53:1766307207988357992 54:1462107625133033336 55:2649393666049252647 56:716137276937838563 57:3660909383086252993 58:4787175991849452167 59:853347451154909124 60:1370261802582418125 61:9052781217196759586 62:6088058393855841640 63:6254462318285571209 64:6199261372178226583 65:8963894513006946043 66:9033053838787945014 67:7011827074021876432 68:2970030367063823741 69:1606355882141550789 70:8181770089282980956 71:1240047236969281644 72:4603469314668081857 73:1112092834378785584 74:1346892749063400118 75:3450993450222873608 76:1709929283937250393 77:7912380568494889232 78:5821529812366717044 79:4693944466766529491 80:4458464060268965613 81:3350762742237976181 82:2196731637906862166 83:6296284082920218147 84:3082030967702318043 85:3281010516497426042 86:5403886448942778798 87:2036955803671401423 88:5496293589703411763 89:8525793984113564091 90:760662275692564126 91:3027415484681957699 92:8539032223942831452 93:8056082522256419628 94:4261878457669394174 95:600789297194580827 96:4118809001692624248 97:8321373496856473288 98:8414297170046391662 99:6547631460794270064 100:3884148084102936779 101:1601070269745379277 102:9097543621139754588 103:5284535807193659877 104:3893624327518203678 105:7740593222125953496 106:5919536747138767021 107:8985055233381015801 108:8808146626777525169 109:6987911828171377377 110:515767921208265661 111:1219869198591843401 112:484105739186578413 113:2080598160304949306 114:1819579991020308477 115:6637283134316257264 116:1579890183244766983 117:3086514347015484069 118:881051618547264881 119:4924148354578301933 120:1806238865071821791 121:1487787161972512266 122:8827516536546620978 123:5617215501380505941 124:3310847218020088558 125:3893546427452378549 126:3696947818623611172 127:1539007957174185723 128:168478564581527902 129:4825612061083556283 130:1371401765271362256 131:3187484559033626775 132:5585380368900572877 133:7408433868751635023 134:714217312103850695 135:4851484474949345031 136:3045568951147953284 137:774667268180660948 138:5160728816923173795 139:4399879594158726347 140:3688884864715238435 141:3156695203128749314 142:4694689446499946622 143:2523470445951553802 144:1350049504747761158 145:8174952087933397213 146:7298744339788668845 147:4413732804270221470 148:3131106230554659947 149:6932312334579606867 150:8899427217652963335 151:6865372952690078766 152:9086303103984838805 153:5715768182690842054 154:7914231614305522833 155:8639182933486730280 156:7332434256287654592 157:3848691996813584898 158:8481576848417416068 159:60515532086270100 160:5342919449737373543 161:3173430274373020954 162:1980502863361962018 163:1936995367912263146 164:4791727651160788672 165:9195984562663687096 166:9071651276624369861 167:368841798259661715 168:2172454491842633956 169:7752674090231927660 170:5362142078196788973 171:3749958249921003055 172:2146072554507537158 173:6801623805290659846 174:363413720683278368 175:4596228792002361859 176:4836218873166049046 177:1129772882530719575 178:4398194247684996136 179:8995725523936545856 180:5941341838695746817 181:6335517131718508856 182:6115549157790391048 183:8664528180150006246 184:3551870215234358913 185:8066252692785844222 186:2992322385853552776 187:8403135944674255448 188:5493582975427614311 189:1054063818590449166 190:7082278998035416009 191:1939288711308456454 192:6009718469371789135 193:8431419606237352970 194:837416416109745308 195:553204180688225620 196:5452920809589403264 197:2222536602906715909 198:2329442827111401618 199:1612175883173674835 200:300026552196666899 201:3394130975598807267 202:5460886597393213164 203:1000468312571903800 204:4438979950680689399 205:4730258549859686942 206:6715472069971499402 207:7020990227667140351 208:2543097561660898490 209:6684886886407760255 210:5619301502982805024]
2024/06/21 08:19:08 apply error: commit index=210 server=0 8535878909922703603 != server=1 5619301502982805024
exit status 1
FAIL	6.5840/raft	115.709s
