Test (2C): basic persistence ...
leader is 1
leader is 2
leader is 2
leader is 0
leader is 2
  ... Passed --   5.6  3  132   33444    6
Test (2C): more persistence ...
leader is 4
leader is 2
leader is 0
leader is 3
leader is 1
leader is 4
  ... Passed --  16.5  5 1216  261822   16
Test (2C): partitioned leader and one follower crash, leader restarts ...
leader is 0
leader is 0
  ... Passed --   1.5  3   42   10046    4
Test (2C): Figure 8 ...
leader is 4
leader is 3
leader is 1
leader is 0
leader is 2
leader is 2
leader is 1
leader is 4
leader is 4
leader is 0
leader is 0
leader is 3
leader is 3
leader is 2
leader is 4
leader is 4
leader is 3
leader is 1
leader is 2
leader is 2
leader is 4
leader is 4
leader is 0
leader is 0
leader is 3
leader is 4
leader is 4
leader is 4
leader is 1
leader is 2
leader is 4
leader is 4
leader is 3
leader is 0
leader is 2
leader is 1
leader is 4
leader is 4
leader is 4
leader is 2
leader is 4
leader is 4
leader is 3
leader is 2
leader is 2
leader is 4
leader is 4
leader is 3
leader is 3
leader is 1
leader is 0
leader is 4
leader is 4
leader is 1
leader is 0
leader is 0
leader is 0
leader is 0
leader is 4
leader is 4
leader is 4
leader is 3
leader is 3
leader is 2
leader is 2
leader is 2
leader is 1
leader is 0
leader is 0
leader is 0
leader is 3
leader is 4
leader is 2
leader is 1
leader is 0
leader is 2
leader is 1
leader is 1
leader is 0
leader is 4
leader is 3
leader is 2
leader is 2
leader is 0
leader is 0
  ... Passed --  28.4  5 1726  365086   84
Test (2C): unreliable agreement ...
leader is 4
  ... Passed --   4.3  5 1162  377935  246
Test (2C): Figure 8 (unreliable) ...
leader is 3
leader is 2
leader is 4
leader is 0
leader is 1
leader is 4
2024/06/21 08:12:49 4: log map[1:7511 2:1894 3:8955 4:9399 5:7323 6:949]; server map[1:7511 2:1894 3:8955 4:9399 5:7323 6:949 7:8150]
2024/06/21 08:12:49 apply error: commit index=7 server=4 4472 != server=0 8150
exit status 1
FAIL	6.5840/raft	66.439s
