Test (2C): basic persistence ...
leader is 2
leader is 1
leader is 1
leader is 2
leader is 2
  ... Passed --   5.9  3  138   34792    7
Test (2C): more persistence ...
leader is 2
leader is 0
leader is 3
leader is 1
leader is 4
leader is 2
  ... Passed --  16.6  5 1036  217024   16
Test (2C): partitioned leader and one follower crash, leader restarts ...
leader is 1
leader is 1
  ... Passed --   1.4  3   40    9540    4
Test (2C): Figure 8 ...
leader is 2
leader is 0
leader is 3
leader is 3
leader is 1
leader is 4
leader is 4
leader is 0
leader is 2
leader is 2
leader is 1
leader is 3
leader is 0
leader is 0
leader is 4
leader is 4
leader is 4
leader is 1
leader is 3
leader is 2
leader is 4
leader is 4
leader is 4
leader is 0
leader is 1
leader is 1
leader is 4
leader is 3
leader is 2
leader is 0
leader is 1
leader is 1
leader is 1
leader is 3
leader is 4
leader is 0
leader is 3
leader is 3
leader is 2
leader is 1
leader is 0
leader is 0
leader is 3
leader is 4
leader is 0
leader is 2
leader is 4
leader is 4
leader is 0
leader is 0
leader is 2
leader is 1
leader is 4
leader is 2
leader is 1
leader is 1
leader is 3
leader is 0
leader is 2
leader is 2
leader is 4
leader is 1
leader is 3
leader is 0
leader is 2
leader is 4
leader is 4
leader is 0
leader is 1
leader is 1
leader is 3
leader is 3
leader is 0
leader is 2
leader is 3
leader is 4
  ... Passed --  30.9  5 1700  358394   74
Test (2C): unreliable agreement ...
leader is 3
  ... Passed --   3.9  5 1148  378021  246
Test (2C): Figure 8 (unreliable) ...
leader is 1
leader is 0
leader is 4
leader is 2
leader is 0
leader is 3
leader is 4
leader is 1
2024/06/21 08:20:33 1: log map[1:6840 2:6016 3:5637 4:1900 5:521 6:7512 7:8754 8:1026 9:5000 10:5197 11:1841 12:6661 13:6860 14:2760 15:1261 16:159 17:9139 18:3081 19:5685 20:5619 21:2944 22:1406 23:6278 24:8358 25:2640]; server map[1:6840 2:6016 3:5637 4:1900 5:521 6:7512 7:8754 8:1026 9:5000 10:5197 11:1841 12:6661 13:6860 14:2760 15:1261 16:159 17:9139 18:3081 19:5685 20:5619 21:2944 22:1406 23:6278 24:8358 25:2640 26:9964]
2024/06/21 08:20:33 apply error: commit index=26 server=1 4205 != server=4 9964
exit status 1
FAIL	6.5840/raft	66.533s
