Test (2C): basic persistence ...
leader is 2
leader is 0
leader is 0
leader is 2
leader is 2
  ... Passed --   5.5  3  130   32594    7
Test (2C): more persistence ...
leader is 0
leader is 3
leader is 1
leader is 4
leader is 2
leader is 0
  ... Passed --  16.7  5 1206  261380   16
Test (2C): partitioned leader and one follower crash, leader restarts ...
leader is 0
leader is 0
  ... Passed --   1.4  3   40    9476    4
Test (2C): Figure 8 ...
leader is 3
leader is 1
leader is 4
leader is 4
leader is 4
leader is 0
leader is 0
leader is 2
leader is 2
leader is 4
leader is 4
leader is 1
leader is 3
leader is 0
leader is 0
leader is 4
leader is 1
leader is 0
leader is 3
leader is 4
leader is 2
leader is 2
leader is 2
leader is 1
leader is 3
leader is 3
leader is 0
leader is 4
leader is 1
leader is 1
leader is 3
leader is 0
leader is 0
leader is 2
leader is 4
leader is 4
leader is 3
leader is 3
leader is 1
leader is 2
leader is 4
leader is 0
leader is 0
leader is 0
leader is 3
leader is 2
leader is 2
leader is 4
leader is 1
leader is 1
leader is 3
leader is 3
leader is 3
leader is 4
leader is 4
leader is 4
leader is 1
leader is 0
leader is 0
leader is 0
leader is 2
leader is 2
leader is 2
leader is 4
leader is 3
leader is 2
leader is 1
leader is 1
leader is 1
leader is 1
leader is 0
leader is 3
leader is 1
leader is 4
leader is 0
leader is 3
leader is 2
leader is 1
leader is 4
leader is 2
leader is 0
leader is 3
leader is 3
leader is 3
leader is 4
leader is 4
leader is 1
leader is 3
leader is 4
leader is 4
leader is 2
leader is 2
leader is 0
leader is 0
leader is 3
leader is 3
leader is 3
leader is 3
  ... Passed --  34.2  5 1976  418504   98
Test (2C): unreliable agreement ...
leader is 0
  ... Passed --   3.6  5 1132  370021  246
Test (2C): Figure 8 (unreliable) ...
leader is 1
leader is 3
leader is 2
leader is 4
leader is 1
leader is 0
leader is 2
leader is 3
leader is 4
leader is 2
leader is 2
leader is 3
leader is 0
leader is 1
leader is 2
leader is 4
leader is 3
  ... Passed --  35.5  5 11762 22239368  121
Test (2C): churn ...
leader is 0
leader is 0
leader is 3
leader is 3
leader is 4
  ... Passed --  16.2  5 3148 2930358  542
Test (2C): unreliable churn ...
leader is 2
leader is 1
2024/06/21 08:35:45 1: log map[1:7201321081700429065 2:4039930256664973849 3:8227059240427928864 4:7462722209024318300 5:7006745197063150986 6:2805973379132704221 7:5571937814627525096 8:3108688414971986399 9:6821720554697042686 10:970382876369868051 11:9183521838412308220 12:1734012959965866324 13:5976130801860883351 14:6706382629349236296 15:3977634851608143960 16:1033543005378754660 17:6700850107785851129 18:7423052325705904334 19:3672429578260083929 20:7529035760852306104 21:2595355372839145068 22:5573666928823979889 23:6552261617291314508 24:892906598447234851 25:4306784158742622327 26:8705624332717076109 27:4647809480495805459 28:2531042073658967595 29:5827474054556837190 30:2611768347989060824 31:7058715555055356490 32:7107873903399642638 33:6863669054033097038 34:7979009301082454628 35:7163626154917213808 36:8233884579457264060 37:6427256567012172982 38:6069885217544016625 39:9042652723435975586 40:1604362003109415786 41:1124879681736210625 42:9026930779911595419 43:3574960697445478097 44:1406226933268797141 45:414215685523334116 46:4947253198248507512 47:9053395801952467353 48:3815299363505887184 49:7962161815998527502 50:6378627849919647464 51:3758258408775278874 52:6888685009932574734 53:8121212340194534361 54:1750522383441643023 55:7463231258881964498 56:5780522713580007926 57:7260593210830337452 58:5342545977370382534 59:8944877209272547717 60:7164058680126012010 61:2576286141075276499 62:4723756149710123589 63:288796888807547383 64:8585943985228276397 65:2854502980521136163 66:3984114427909402584 67:264285149593938217 68:1659568694441950119 69:7660620130703772340 70:1772807377310663341 71:4524303185560067658 72:4075569680610217153 73:9213038677145620701 74:7873180735753685587 75:6623900352552303256 76:8219461575061315668 77:7041583534175823850 78:6334985626753916539 79:2562887068871016188 80:4597850284682684967 81:3248263867085521019 82:2488350032205636566 83:9198914531469297418 84:1961106214235928837 85:8835417610405902647 86:2421766365595370716 87:936749736255433943 88:556149794530826291 89:3714835587190412018 90:7410935730820271783 91:7107144435900014744 92:6727966975745502188 93:2848585005806319425 94:1257573523336308133 95:6054948612712510276 96:6056113687166798264 97:5684427378135765450 98:3099878192475845360 99:7421847355957507560 100:7622819841262962736 101:600232355978281865 102:3099430935876076669 103:4079085345125725077 104:205760681070791182 105:303707010606555592 106:8729817525012089457 107:3845842403173027856 108:6069992213117918849 109:7223354911645314914 110:7344085978839777823 111:5519029547155278560 112:4743015288155862090 113:6422644267731278283 114:1547405493269908643 115:8491378418039833056 116:3796252315426903522 117:2871470578547873272 118:8571118102111510234 119:2198356726438028155 120:807258494915029196 121:7474831821998790548 122:869778313687680359 123:5493234755443641588 124:4983126812715634350 125:2790949576503159277 126:3245931179955570355 127:869810379041722024 128:6946446575951785065 129:84686922762539739 130:8639549142662028542 131:240467115461693145 132:7956974710180345451 133:8470319285257949505 134:3328085225000381382 135:2594717270684313178 136:6781538471570869332 137:3693929270477157669 138:6171940885967935641 139:5015243529331721519 140:151749112723772309 141:199815966144696051 142:3937138658541420304 143:4098482623372563905 144:3347554114320711270 145:5005018254994956429 146:5005353166169765073 147:5153216896017043623 148:2947693516677405298 149:1236427472212426718 150:4740442226689135440 151:4233689240488002774 152:9085593529303325059 153:3602273411174267689 154:3203481824237052108 155:3246910612650498716 156:137101398165135326 157:4313570002825623639 158:6918313328607013367 159:7075416765137858997]; server map[1:7201321081700429065 2:4039930256664973849 3:8227059240427928864 4:7462722209024318300 5:7006745197063150986 6:2805973379132704221 7:5571937814627525096 8:3108688414971986399 9:6821720554697042686 10:970382876369868051 11:9183521838412308220 12:1734012959965866324 13:5976130801860883351 14:6706382629349236296 15:3977634851608143960 16:1033543005378754660 17:6700850107785851129 18:7423052325705904334 19:3672429578260083929 20:7529035760852306104 21:2595355372839145068 22:5573666928823979889 23:6552261617291314508 24:892906598447234851 25:4306784158742622327 26:8705624332717076109 27:4647809480495805459 28:2531042073658967595 29:5827474054556837190 30:2611768347989060824 31:7058715555055356490 32:7107873903399642638 33:6863669054033097038 34:7979009301082454628 35:7163626154917213808 36:8233884579457264060 37:6427256567012172982 38:6069885217544016625 39:9042652723435975586 40:1604362003109415786 41:1124879681736210625 42:9026930779911595419 43:3574960697445478097 44:1406226933268797141 45:414215685523334116 46:4947253198248507512 47:9053395801952467353 48:3815299363505887184 49:7962161815998527502 50:6378627849919647464 51:3758258408775278874 52:6888685009932574734 53:8121212340194534361 54:1750522383441643023 55:7463231258881964498 56:5780522713580007926 57:7260593210830337452 58:5342545977370382534 59:8944877209272547717 60:7164058680126012010 61:2576286141075276499 62:4723756149710123589 63:288796888807547383 64:8585943985228276397 65:2854502980521136163 66:3984114427909402584 67:264285149593938217 68:1659568694441950119 69:7660620130703772340 70:1772807377310663341 71:4524303185560067658 72:4075569680610217153 73:9213038677145620701 74:7873180735753685587 75:6623900352552303256 76:8219461575061315668 77:7041583534175823850 78:6334985626753916539 79:2562887068871016188 80:4597850284682684967 81:3248263867085521019 82:2488350032205636566 83:9198914531469297418 84:1961106214235928837 85:8835417610405902647 86:2421766365595370716 87:936749736255433943 88:556149794530826291 89:3714835587190412018 90:7410935730820271783 91:7107144435900014744 92:6727966975745502188 93:2848585005806319425 94:1257573523336308133 95:6054948612712510276 96:6056113687166798264 97:5684427378135765450 98:3099878192475845360 99:7421847355957507560 100:7622819841262962736 101:600232355978281865 102:3099430935876076669 103:4079085345125725077 104:205760681070791182 105:303707010606555592 106:8729817525012089457 107:3845842403173027856 108:6069992213117918849 109:7223354911645314914 110:7344085978839777823 111:5519029547155278560 112:4743015288155862090 113:6422644267731278283 114:1547405493269908643 115:8491378418039833056 116:3796252315426903522 117:2871470578547873272 118:8571118102111510234 119:2198356726438028155 120:807258494915029196 121:7474831821998790548 122:869778313687680359 123:5493234755443641588 124:4983126812715634350 125:2790949576503159277 126:3245931179955570355 127:869810379041722024 128:6946446575951785065 129:84686922762539739 130:8639549142662028542 131:240467115461693145 132:7956974710180345451 133:8470319285257949505 134:3328085225000381382 135:2594717270684313178 136:6781538471570869332 137:3693929270477157669 138:6171940885967935641 139:5015243529331721519 140:151749112723772309 141:199815966144696051 142:3937138658541420304 143:4098482623372563905 144:3347554114320711270 145:5005018254994956429 146:5005353166169765073 147:5153216896017043623 148:2947693516677405298 149:1236427472212426718 150:4740442226689135440 151:4233689240488002774 152:9085593529303325059 153:3602273411174267689 154:3203481824237052108 155:3246910612650498716 156:137101398165135326 157:4313570002825623639 158:6918313328607013367 159:7075416765137858997 160:4555193753792166198]
2024/06/21 08:35:45 apply error: commit index=160 server=1 5034907327644025982 != server=2 4555193753792166198
exit status 1
FAIL	6.5840/raft	117.784s
