Test (2C): basic persistence ...
leader is 1
leader is 1
leader is 1
leader is 0
leader is 2
  ... Passed --   5.7  3  138   34914    6
Test (2C): more persistence ...
leader is 2
leader is 0
leader is 3
leader is 1
leader is 4
leader is 2
  ... Passed --  16.5  5 1203  259020   16
Test (2C): partitioned leader and one follower crash, leader restarts ...
leader is 1
leader is 1
  ... Passed --   1.5  3   42   10114    4
Test (2C): Figure 8 ...
leader is 0
leader is 1
leader is 3
leader is 3
leader is 3
leader is 2
leader is 2
leader is 1
leader is 4
leader is 4
leader is 4
leader is 4
leader is 4
leader is 0
leader is 0
leader is 2
leader is 3
leader is 3
leader is 1
leader is 2
leader is 4
leader is 3
leader is 1
leader is 1
leader is 2
leader is 4
leader is 1
leader is 1
leader is 0
leader is 2
leader is 2
leader is 2
leader is 1
leader is 1
leader is 4
leader is 4
leader is 4
leader is 3
leader is 2
leader is 0
leader is 4
leader is 3
leader is 1
leader is 2
leader is 4
leader is 4
leader is 3
leader is 3
leader is 3
leader is 3
leader is 0
leader is 2
leader is 2
leader is 2
leader is 4
leader is 1
leader is 0
leader is 0
leader is 2
leader is 2
leader is 2
leader is 3
leader is 1
leader is 4
leader is 3
leader is 1
leader is 4
leader is 3
leader is 3
leader is 0
leader is 1
leader is 1
leader is 4
leader is 2
leader is 3
leader is 0
leader is 4
leader is 4
leader is 4
leader is 4
leader is 4
leader is 4
leader is 1
leader is 0
leader is 3
leader is 1
leader is 4
leader is 4
leader is 2
leader is 2
leader is 1
  ... Passed --  32.2  5 1789  376566   89
Test (2C): unreliable agreement ...
leader is 3
  ... Passed --   3.9  5 1147  374029  246
Test (2C): Figure 8 (unreliable) ...
leader is 3
leader is 0
leader is 1
2024/06/21 08:14:10 1: log map[1:2556 2:3272 3:6456 4:9175 5:259]; server map[1:2556 2:3272 3:6456 4:9175 5:259 6:6760]
2024/06/21 08:14:10 apply error: commit index=6 server=1 5788 != server=3 6760
exit status 1
FAIL	6.5840/raft	61.823s
