Test (2C): basic persistence ...
leader is 2
leader is 0
leader is 0
leader is 1
leader is 0
  ... Passed --   5.2  3  130   33278    7
Test (2C): more persistence ...
leader is 4
leader is 2
leader is 0
leader is 3
leader is 1
leader is 4
  ... Passed --  16.8  5 1240  263000   16
Test (2C): partitioned leader and one follower crash, leader restarts ...
leader is 1
leader is 1
  ... Passed --   1.5  3   42   10114    4
Test (2C): Figure 8 ...
leader is 1
leader is 2
leader is 4
leader is 3
leader is 1
leader is 2
leader is 0
leader is 0
leader is 3
leader is 1
leader is 2
leader is 2
leader is 2
leader is 4
leader is 3
leader is 0
leader is 1
leader is 4
leader is 2
leader is 3
leader is 4
leader is 4
leader is 1
leader is 0
leader is 2
leader is 4
leader is 1
leader is 0
leader is 4
leader is 2
leader is 1
leader is 1
leader is 0
leader is 3
leader is 3
leader is 2
leader is 2
leader is 1
leader is 1
leader is 3
leader is 3
leader is 4
leader is 0
leader is 2
leader is 1
leader is 1
leader is 4
leader is 0
leader is 0
leader is 0
leader is 0
leader is 2
leader is 2
leader is 2
leader is 3
leader is 4
leader is 0
leader is 1
leader is 3
leader is 2
leader is 0
leader is 0
leader is 1
leader is 4
leader is 3
leader is 4
leader is 1
leader is 1
leader is 2
leader is 0
leader is 0
leader is 0
leader is 4
leader is 3
leader is 0
leader is 0
  ... Passed --  27.4  5 1512  313052   76
Test (2C): unreliable agreement ...
leader is 4
  ... Passed --   3.6  5 1132  374172  246
Test (2C): Figure 8 (unreliable) ...
leader is 2
leader is 4
leader is 0
leader is 3
leader is 1
leader is 0
leader is 1
leader is 2
leader is 3
leader is 0
leader is 1
leader is 4
leader is 2
leader is 0
leader is 3
leader is 0
leader is 4
  ... Passed --  33.7  5 9860 14112029   95
Test (2C): churn ...
leader is 4
leader is 2
leader is 0
  ... Passed --  16.2  5 4076 6897153  775
Test (2C): unreliable churn ...
leader is 4
leader is 2
2024/06/21 08:26:13 2: log map[1:2859204323684046869 2:6216224345543573037 3:6406805838797581345 4:8707567499261252993 5:6004362349891499314 6:8859167212846723988 7:832001270215378787 8:7311599830631332346 9:7226234172707893406 10:9163898862888569133 11:8748958198129631780 12:2630738667813365278 13:6269920565869746524 14:1605164076687265695 15:6364491729814675691 16:3582164338165744835 17:2122979890596150066 18:6080710945498084512 19:1152968469818516011 20:2460272992957465794 21:3350617766222174545 22:895002591837863621 23:4803674995031302483 24:4110254922840978497 25:213094927797242550 26:3536605868226506608 27:3913054229550400170 28:6083468950163321614 29:20097189926568819 30:488132860827051439 31:6599289125032946596 32:1256737869617816780 33:3503196553707522545 34:4008738239267323873 35:2166427553817434067 36:502157356120587472 37:1195563956795173129 38:8254841974567031472 39:7620345955584445018 40:3517084158011569216 41:6608250299528628212 42:4606075349254842052 43:8766347705431668782 44:1585706508912367499 45:6925803142877545910 46:114796132397482219 47:2366370221072294739 48:1423724250734086465 49:1005043126242631462 50:1053979386156859447 51:3586816937940558238 52:9218049032337423847 53:5635437442301417271 54:5590986210368878220 55:2596541678221741795 56:494344136794804401 57:3598068825203651130 58:3901863009320504342 59:1895250665236523693 60:8151823938809972469 61:989997626549831841 62:7776340876860257868 63:6700083813697269284 64:8628600446081226210 65:3114170495490080901 66:2722898909517033363 67:3577722604550020634 68:7167309866589449797 69:3300438664942679977 70:6246171720821026363 71:6343744598072793637 72:6927609137699377997 73:6879743534596723718 74:3119585116682708744 75:6813519347248357260 76:5626756316567775071 77:6458362987317415441 78:7572485320289675279 79:4351255822744666587 80:3763484703737473502 81:1347980130092482541 82:4020290784889742551 83:690991356878874514 84:1311008873707988154 85:1771691362629708787 86:2041205436707204378 87:2316286963385108319 88:5901784593192970432 89:2240250920528620444 90:3907981669320739526 91:1100933450424126625 92:7680478529332614804 93:39153532952283093 94:7988890083640577798 95:1247605522653427955 96:802410752337619606 97:1922061341148566817]; server map[1:2859204323684046869 2:6216224345543573037 3:6406805838797581345 4:8707567499261252993 5:6004362349891499314 6:8859167212846723988 7:832001270215378787 8:7311599830631332346 9:7226234172707893406 10:9163898862888569133 11:8748958198129631780 12:2630738667813365278 13:6269920565869746524 14:1605164076687265695 15:6364491729814675691 16:3582164338165744835 17:2122979890596150066 18:6080710945498084512 19:1152968469818516011 20:2460272992957465794 21:3350617766222174545 22:895002591837863621 23:4803674995031302483 24:4110254922840978497 25:213094927797242550 26:3536605868226506608 27:3913054229550400170 28:6083468950163321614 29:20097189926568819 30:488132860827051439 31:6599289125032946596 32:1256737869617816780 33:3503196553707522545 34:4008738239267323873 35:2166427553817434067 36:502157356120587472 37:1195563956795173129 38:8254841974567031472 39:7620345955584445018 40:3517084158011569216 41:6608250299528628212 42:4606075349254842052 43:8766347705431668782 44:1585706508912367499 45:6925803142877545910 46:114796132397482219 47:2366370221072294739 48:1423724250734086465 49:1005043126242631462 50:1053979386156859447 51:3586816937940558238 52:9218049032337423847 53:5635437442301417271 54:5590986210368878220 55:2596541678221741795 56:494344136794804401 57:3598068825203651130 58:3901863009320504342 59:1895250665236523693 60:8151823938809972469 61:989997626549831841 62:7776340876860257868 63:6700083813697269284 64:8628600446081226210 65:3114170495490080901 66:2722898909517033363 67:3577722604550020634 68:7167309866589449797 69:3300438664942679977 70:6246171720821026363 71:6343744598072793637 72:6927609137699377997 73:6879743534596723718 74:3119585116682708744 75:6813519347248357260 76:5626756316567775071 77:6458362987317415441 78:7572485320289675279 79:4351255822744666587 80:3763484703737473502 81:1347980130092482541 82:4020290784889742551 83:690991356878874514 84:1311008873707988154 85:1771691362629708787 86:2041205436707204378 87:2316286963385108319 88:5901784593192970432 89:2240250920528620444 90:3907981669320739526 91:1100933450424126625 92:7680478529332614804 93:39153532952283093 94:7988890083640577798 95:1247605522653427955 96:802410752337619606 97:1922061341148566817 98:4902421458740897418]
2024/06/21 08:26:13 2: log map[1:2859204323684046869 2:6216224345543573037 3:6406805838797581345 4:8707567499261252993 5:6004362349891499314 6:8859167212846723988 7:832001270215378787 8:7311599830631332346 9:7226234172707893406 10:9163898862888569133 11:8748958198129631780 12:2630738667813365278 13:6269920565869746524 14:1605164076687265695 15:6364491729814675691 16:3582164338165744835 17:2122979890596150066 18:6080710945498084512 19:1152968469818516011 20:2460272992957465794 21:3350617766222174545 22:895002591837863621 23:4803674995031302483 24:4110254922840978497 25:213094927797242550 26:3536605868226506608 27:3913054229550400170 28:6083468950163321614 29:20097189926568819 30:488132860827051439 31:6599289125032946596 32:1256737869617816780 33:3503196553707522545 34:4008738239267323873 35:2166427553817434067 36:502157356120587472 37:1195563956795173129 38:8254841974567031472 39:7620345955584445018 40:3517084158011569216 41:6608250299528628212 42:4606075349254842052 43:8766347705431668782 44:1585706508912367499 45:6925803142877545910 46:114796132397482219 47:2366370221072294739 48:1423724250734086465 49:1005043126242631462 50:1053979386156859447 51:3586816937940558238 52:9218049032337423847 53:5635437442301417271 54:5590986210368878220 55:2596541678221741795 56:494344136794804401 57:3598068825203651130 58:3901863009320504342 59:1895250665236523693 60:8151823938809972469 61:989997626549831841 62:7776340876860257868 63:6700083813697269284 64:8628600446081226210 65:3114170495490080901 66:2722898909517033363 67:3577722604550020634 68:7167309866589449797 69:3300438664942679977 70:6246171720821026363 71:6343744598072793637 72:6927609137699377997 73:6879743534596723718 74:3119585116682708744 75:6813519347248357260 76:5626756316567775071 77:6458362987317415441 78:7572485320289675279 79:4351255822744666587 80:3763484703737473502 81:1347980130092482541 82:4020290784889742551 83:690991356878874514 84:1311008873707988154 85:1771691362629708787 86:2041205436707204378 87:2316286963385108319 88:5901784593192970432 89:2240250920528620444 90:3907981669320739526 91:1100933450424126625 92:7680478529332614804 93:39153532952283093 94:7988890083640577798 95:1247605522653427955 96:802410752337619606 97:1922061341148566817]; server map[1:2859204323684046869 2:6216224345543573037 3:6406805838797581345 4:8707567499261252993 5:6004362349891499314 6:8859167212846723988 7:832001270215378787 8:7311599830631332346 9:7226234172707893406 10:9163898862888569133 11:8748958198129631780 12:2630738667813365278 13:6269920565869746524 14:1605164076687265695 15:6364491729814675691 16:3582164338165744835 17:2122979890596150066 18:6080710945498084512 19:1152968469818516011 20:2460272992957465794 21:3350617766222174545 22:895002591837863621 23:4803674995031302483 24:4110254922840978497 25:213094927797242550 26:3536605868226506608 27:3913054229550400170 28:6083468950163321614 29:20097189926568819 30:488132860827051439 31:6599289125032946596 32:1256737869617816780 33:3503196553707522545 34:4008738239267323873 35:2166427553817434067 36:502157356120587472 37:1195563956795173129 38:8254841974567031472 39:7620345955584445018 40:3517084158011569216 41:6608250299528628212 42:4606075349254842052 43:8766347705431668782 44:1585706508912367499 45:6925803142877545910 46:114796132397482219 47:2366370221072294739 48:1423724250734086465 49:1005043126242631462 50:1053979386156859447 51:3586816937940558238 52:9218049032337423847 53:5635437442301417271 54:5590986210368878220 55:2596541678221741795 56:494344136794804401 57:3598068825203651130 58:3901863009320504342 59:1895250665236523693 60:8151823938809972469 61:989997626549831841 62:7776340876860257868 63:6700083813697269284 64:8628600446081226210 65:3114170495490080901 66:2722898909517033363 67:3577722604550020634 68:7167309866589449797 69:3300438664942679977 70:6246171720821026363 71:6343744598072793637 72:6927609137699377997 73:6879743534596723718 74:3119585116682708744 75:6813519347248357260 76:5626756316567775071 77:6458362987317415441 78:7572485320289675279 79:4351255822744666587 80:3763484703737473502 81:1347980130092482541 82:4020290784889742551 83:690991356878874514 84:1311008873707988154 85:1771691362629708787 86:2041205436707204378 87:2316286963385108319 88:5901784593192970432 89:2240250920528620444 90:3907981669320739526 91:1100933450424126625 92:7680478529332614804 93:39153532952283093 94:7988890083640577798 95:1247605522653427955 96:802410752337619606 97:1922061341148566817 98:4902421458740897418]
2024/06/21 08:26:13 apply error: commit index=98 server=2 64481612319923584 != server=4 4902421458740897418
exit status 1
FAIL	6.5840/raft	114.566s
