Test (2C): basic persistence ...
leader is 1
leader is 0
leader is 0
leader is 2
leader is 1
  ... Passed --   5.7  3  134   33738    7
Test (2C): more persistence ...
leader is 2
leader is 0
leader is 3
leader is 1
leader is 4
leader is 2
  ... Passed --  16.8  5 1239  261692   16
Test (2C): partitioned leader and one follower crash, leader restarts ...
leader is 0
leader is 0
  ... Passed --   1.5  3   42   10046    4
Test (2C): Figure 8 ...
leader is 0
leader is 1
leader is 4
leader is 2
leader is 2
leader is 0
leader is 3
leader is 4
leader is 1
leader is 3
leader is 0
leader is 1
leader is 2
leader is 0
leader is 3
leader is 3
leader is 3
leader is 3
leader is 4
leader is 4
leader is 4
leader is 2
leader is 0
leader is 4
leader is 1
leader is 1
leader is 3
leader is 3
leader is 3
leader is 0
leader is 1
leader is 1
leader is 4
leader is 2
leader is 1
leader is 1
leader is 0
leader is 0
leader is 3
leader is 2
leader is 4
leader is 1
leader is 1
leader is 0
leader is 3
leader is 3
leader is 2
leader is 2
leader is 2
leader is 2
leader is 2
leader is 4
leader is 1
leader is 1
leader is 3
leader is 4
leader is 0
leader is 1
leader is 3
leader is 4
leader is 4
leader is 2
leader is 3
leader is 0
leader is 4
leader is 4
leader is 1
leader is 3
leader is 4
leader is 2
leader is 2
  ... Passed --  26.7  5 1416  295581   70
Test (2C): unreliable agreement ...
leader is 2
  ... Passed --   4.3  5 1164  377189  246
Test (2C): Figure 8 (unreliable) ...
leader is 3
leader is 1
leader is 4
leader is 2
leader is 3
leader is 0
leader is 4
leader is 1
leader is 2
leader is 1
  ... Passed --  34.4  5 10888 31865843  495
Test (2C): churn ...
leader is 1
leader is 2
2024/06/21 08:22:27 2: log map[1:8385827098154352591 2:5525824115567735115 3:1501340018462031180 4:167621404972419937 5:6248964779289703996 6:5316110490266422935 7:8290113541281473916 8:6273145260646170015 9:7118263615338955418 10:5495639869485921009 11:6176022160280101690 12:7010444501757358982 13:5267105007869771526 14:5143601178238277309 15:357590614315897589 16:4554371651281214553 17:3577218966179474675 18:8510058274044053996 19:2107258170719414677 20:6362293180003169594 21:7738262137635492262 22:6905549287707829471 23:8595178889904915743 24:8494961044435011675 25:2131230938863157716 26:2782141176991952353 27:6073722609152647722 28:7867119583612865200 29:8443967793691768777 30:2950196668099976508 31:1512529062138072163 32:3474238812892386147 33:7126769085065058599 34:9093352385360830494 35:6462017252621406924 36:2109370878479891194 37:8166520309906789988 38:8930189945313763015 39:8003505882222727236 40:1034334802120656107 41:5473194779211816947 42:7267986314357476449 43:7639459033705527565 44:1837490480933248051 45:7276162056523568995 46:6714964621428723811 47:3101432896105523306 48:1064293775673258274 49:1439887060709029117 50:1581583532451115913 51:8135347885587525795 52:9042938077042141873 53:4790742744715709888 54:6102754651983990274 55:7574186872079334757 56:5052143671525098316 57:7129043906273220741 58:8679606426695596183 59:8373413954946677344 60:1724158656145364409 61:7881639319014967018 62:3220045584768179696 63:3990887340147126950 64:16013763765481426 65:6442064566053559079 66:4076612975069193704 67:40454477061850973 68:8372707301035955157 69:3467153136120773398 70:9049665976722953160 71:440723960471971141 72:5202887099357088812 73:6820079601324554781 74:5173406115064033337 75:2249610539754501644 76:2118760697290280559 77:7200535598758370053 78:8442102799290491802 79:3603723931391214704 80:8495774440758225060 81:7978005718485488212 82:6546687410724607068 83:3974131043238372616 84:7663856913966881483 85:1373245995394696055 86:8307354528466256936 87:7400717597258532753 88:7581940887877897018 89:6233606410978475521 90:9088396738123599474 91:4027033491374741146 92:5000747770989791160 93:3711854462082412987 94:131693784885827450 95:1949184857784440557 96:1671638746228933149 97:901836009866849248 98:5115310145515463869 99:6918470118914504817 100:1809203094709103360 101:252517982378204434 102:7556461347096530924 103:9042502243034561741 104:5641280731038341982 105:267558849161091358 106:2486992631621685885 107:2021411748101097213 108:2463391414627459031 109:4370536145227068059 110:2540556420295762664 111:3767888595405017140 112:9118025050913358439 113:377578127635780538 114:4531992294899456489 115:963400522272837470 116:3094838433159783046 117:3669924089630458063 118:5710581096437896764 119:3111954747356926528 120:8706854676372176079 121:3572797329532240239 122:6127020330995668466 123:450187597237129148 124:8751992231061574222 125:6117293216817294765 126:2161877459774282321 127:3737786148345680799 128:6408098672506750348 129:472358370331863400 130:777488809078525490 131:3116581284975794891 132:8993853343146998018 133:6311671193184738895 134:534638843076847401 135:6770485803921553130 136:3331992871904894682 137:2303385953169508991 138:4422701825232333972 139:7129185351829007497 140:5575729223576384655 141:2708700793606680908 142:1470306721954776223 143:1760704910107288592 144:3713256331584780841 145:825900037084827882 146:3520462337199806972]; server map[1:8385827098154352591 2:5525824115567735115 3:1501340018462031180 4:167621404972419937 5:6248964779289703996 6:5316110490266422935 7:8290113541281473916 8:6273145260646170015 9:7118263615338955418 10:5495639869485921009 11:6176022160280101690 12:7010444501757358982 13:5267105007869771526 14:5143601178238277309 15:357590614315897589 16:4554371651281214553 17:3577218966179474675 18:8510058274044053996 19:2107258170719414677 20:6362293180003169594 21:7738262137635492262 22:6905549287707829471 23:8595178889904915743 24:8494961044435011675 25:2131230938863157716 26:2782141176991952353 27:6073722609152647722 28:7867119583612865200 29:8443967793691768777 30:2950196668099976508 31:1512529062138072163 32:3474238812892386147 33:7126769085065058599 34:9093352385360830494 35:6462017252621406924 36:2109370878479891194 37:8166520309906789988 38:8930189945313763015 39:8003505882222727236 40:1034334802120656107 41:5473194779211816947 42:7267986314357476449 43:7639459033705527565 44:1837490480933248051 45:7276162056523568995 46:6714964621428723811 47:3101432896105523306 48:1064293775673258274 49:1439887060709029117 50:1581583532451115913 51:8135347885587525795 52:9042938077042141873 53:4790742744715709888 54:6102754651983990274 55:7574186872079334757 56:5052143671525098316 57:7129043906273220741 58:8679606426695596183 59:8373413954946677344 60:1724158656145364409 61:7881639319014967018 62:3220045584768179696 63:3990887340147126950 64:16013763765481426 65:6442064566053559079 66:4076612975069193704 67:40454477061850973 68:8372707301035955157 69:3467153136120773398 70:9049665976722953160 71:440723960471971141 72:5202887099357088812 73:6820079601324554781 74:5173406115064033337 75:2249610539754501644 76:2118760697290280559 77:7200535598758370053 78:8442102799290491802 79:3603723931391214704 80:8495774440758225060 81:7978005718485488212 82:6546687410724607068 83:3974131043238372616 84:7663856913966881483 85:1373245995394696055 86:8307354528466256936 87:7400717597258532753 88:7581940887877897018 89:6233606410978475521 90:9088396738123599474 91:4027033491374741146 92:5000747770989791160 93:3711854462082412987 94:131693784885827450 95:1949184857784440557 96:1671638746228933149 97:901836009866849248 98:5115310145515463869 99:6918470118914504817 100:1809203094709103360 101:252517982378204434 102:7556461347096530924 103:9042502243034561741 104:5641280731038341982 105:267558849161091358 106:2486992631621685885 107:2021411748101097213 108:2463391414627459031 109:4370536145227068059 110:2540556420295762664 111:3767888595405017140 112:9118025050913358439 113:377578127635780538 114:4531992294899456489 115:963400522272837470 116:3094838433159783046 117:3669924089630458063 118:5710581096437896764 119:3111954747356926528 120:8706854676372176079 121:3572797329532240239 122:6127020330995668466 123:450187597237129148 124:8751992231061574222 125:6117293216817294765 126:2161877459774282321 127:3737786148345680799 128:6408098672506750348 129:472358370331863400 130:777488809078525490 131:3116581284975794891 132:8993853343146998018 133:6311671193184738895 134:534638843076847401 135:6770485803921553130 136:3331992871904894682 137:2303385953169508991 138:4422701825232333972 139:7129185351829007497 140:5575729223576384655 141:2708700793606680908 142:1470306721954776223 143:1760704910107288592 144:3713256331584780841 145:825900037084827882 146:3520462337199806972 147:1416114168376174076]
2024/06/21 08:22:27 apply error: commit index=147 server=2 5166146876373609983 != server=1 1416114168376174076
exit status 1
FAIL	6.5840/raft	92.559s
