Test (2C): basic persistence ...
leader is 1
leader is 0
leader is 0
leader is 1
leader is 0
  ... Passed --   5.9  3  142   35534    6
Test (2C): more persistence ...
leader is 1
leader is 4
leader is 2
leader is 0
leader is 3
leader is 1
  ... Passed --  17.3  5 1166  244792   16
Test (2C): partitioned leader and one follower crash, leader restarts ...
leader is 2
leader is 2
  ... Passed --   1.6  3   42   10110    4
Test (2C): Figure 8 ...
leader is 4
leader is 3
leader is 1
leader is 0
leader is 2
leader is 3
leader is 0
leader is 4
leader is 4
leader is 2
leader is 2
leader is 2
leader is 2
leader is 1
leader is 0
leader is 4
leader is 2
leader is 3
leader is 1
leader is 2
leader is 3
leader is 3
leader is 1
leader is 0
leader is 4
leader is 2
leader is 1
leader is 1
leader is 3
leader is 3
leader is 2
leader is 2
leader is 0
leader is 3
leader is 1
leader is 1
leader is 2
leader is 3
leader is 4
leader is 0
leader is 2
leader is 1
leader is 1
leader is 1
leader is 0
leader is 0
leader is 3
leader is 1
leader is 4
leader is 4
leader is 2
leader is 0
leader is 4
leader is 3
leader is 2
leader is 4
leader is 1
leader is 1
leader is 0
leader is 3
leader is 2
leader is 4
leader is 4
leader is 4
leader is 1
leader is 3
leader is 0
leader is 0
leader is 2
leader is 4
leader is 4
leader is 4
leader is 3
leader is 3
leader is 0
  ... Passed --  33.2  5 1836  390896   72
Test (2C): unreliable agreement ...
leader is 2
  ... Passed --   3.9  5 1143  373708  246
Test (2C): Figure 8 (unreliable) ...
leader is 0
leader is 2
leader is 3
leader is 4
leader is 1
leader is 0
leader is 2
leader is 4
2024/06/21 08:26:57 3: log map[1:9092 2:427 3:1132 4:9924 5:6259 6:9653 7:6284 8:4085 9:9692 10:5720 11:880 12:3739 13:3410 14:4875 15:5002 16:7318 17:310 18:8550 19:3948]; server map[1:9092 2:427 3:1132 4:9924 5:6259 6:9653 7:6284 8:4085 9:9692 10:5720 11:880 12:3739 13:3410 14:4875 15:5002 16:7318 17:310 18:8550 19:3948 20:5540]
2024/06/21 08:26:57 apply error: commit index=20 server=3 2107 != server=4 5540
exit status 1
FAIL	6.5840/raft	68.812s
