Test (2C): basic persistence ...
leader is 2
leader is 0
leader is 0
leader is 2
leader is 1
  ... Passed --   5.5  3  136   34574    6
Test (2C): more persistence ...
leader is 4
leader is 2
leader is 0
leader is 3
leader is 1
leader is 4
  ... Passed --  16.5  5 1235  261334   16
Test (2C): partitioned leader and one follower crash, leader restarts ...
leader is 0
leader is 0
  ... Passed --   1.5  3   42   10046    4
Test (2C): Figure 8 ...
leader is 2
leader is 4
leader is 3
leader is 1
leader is 2
leader is 4
leader is 1
leader is 0
leader is 0
leader is 0
leader is 3
leader is 3
leader is 3
leader is 1
leader is 4
leader is 4
leader is 4
leader is 0
leader is 3
leader is 3
leader is 3
leader is 3
leader is 1
leader is 2
leader is 2
leader is 0
leader is 4
leader is 4
leader is 4
leader is 1
leader is 1
leader is 1
leader is 1
leader is 2
leader is 0
leader is 0
leader is 4
leader is 1
leader is 3
leader is 4
leader is 2
leader is 0
leader is 1
leader is 3
leader is 3
leader is 4
leader is 4
leader is 4
leader is 0
leader is 2
leader is 2
leader is 2
leader is 1
leader is 4
leader is 3
leader is 3
leader is 1
leader is 2
leader is 4
leader is 4
leader is 3
leader is 3
leader is 3
leader is 2
leader is 0
leader is 0
leader is 4
leader is 3
leader is 0
leader is 1
leader is 2
leader is 2
leader is 3
leader is 4
leader is 0
leader is 1
leader is 3
leader is 0
leader is 4
leader is 2
leader is 0
leader is 3
leader is 3
leader is 4
leader is 1
leader is 0
leader is 1
leader is 2
leader is 2
leader is 0
leader is 4
leader is 4
  ... Passed --  34.1  5 1956  415282   92
Test (2C): unreliable agreement ...
leader is 3
  ... Passed --   4.8  5 1172  381560  246
Test (2C): Figure 8 (unreliable) ...
leader is 0
leader is 3
leader is 1
leader is 4
leader is 0
leader is 3
leader is 2
leader is 1
leader is 0
leader is 0
leader is 3
leader is 4
leader is 2
leader is 1
leader is 0
leader is 1
  ... Passed --  36.5  5 11427 24308211   86
Test (2C): churn ...
leader is 4
leader is 1
leader is 0
leader is 0
leader is 4
  ... Passed --  16.2  5 2130 1233613  249
Test (2C): unreliable churn ...
leader is 4
leader is 3
2024/06/21 08:28:52 3: log map[1:8225244477467437154 2:7575316326608053425 3:2425161378561746550 4:6900141946930387509 5:5482821040427739776 6:2714989568579499379 7:5040825549949550931 8:5265145612927595387 9:1639947564681433119 10:2521799805008378651 11:6350173528562421033 12:2330505428645721395 13:5698726315348912484 14:5604772430456150740 15:7548615623949757980 16:39914090574284498 17:7413616771598684781 18:2055784244175647140 19:4507475057892890018 20:1154850696351477202 21:1474764305661364971 22:5169112545681049330 23:584512203349914259 24:9012215013263810035 25:4256269255728932724 26:8188151527915517501 27:1231367423983250804 28:6312517349109795973 29:1019813512823746899 30:8004121101449507617 31:2116668585324374055 32:1762076517106010719 33:8874763982746905487 34:6039652781076045630 35:4087325499600264901 36:215165247292988156 37:4970302038488241453 38:261818730200788598 39:5754720853420362175 40:2973248046428628509 41:6564621701519209682 42:7141257001569196742 43:7049071464129258669 44:5674222185011275645 45:6107190541269193090 46:5472129620952684740 47:5651029515056892574 48:3144784525032259515 49:1335641555568103080 50:2178095261319288577 51:4805697654625763493 52:746066310610032871 53:5400956058482942991 54:9089211636555598048 55:5539766319686020272 56:7039102457080054944 57:6329266714072323177 58:5340018366779640241 59:3532916752050754441 60:5942151407049324202 61:5720803241661518538 62:1604256047997380843 63:731587145176222721 64:4972989604139792925 65:2940876582784405405 66:4791792461026476604 67:4689592344703453026 68:2581320188769741910 69:3429292225242831706 70:7619392410846972273 71:8386629169568413134 72:1013671563439385864 73:4332044935621771237 74:2850264568162029965 75:6266696011728138850 76:2279801686542204999 77:2383882155225177790 78:8364737772675904978 79:1882282224492846710 80:4178772026524033938 81:5008790642796324195 82:5986462111512488627 83:5439983334899012402 84:8247688458285004116 85:5626480745447959044 86:8915493750952130554 87:284468330342961628 88:2903881254002227373 89:4598554903510822184 90:6332766126644506345 91:6127283187877739188 92:6085210300525135959 93:8790951121687574499 94:4311247800101476271 95:7694881775533698848 96:6333375962911612155 97:5577541367972060466 98:4695549752966387148 99:9176778274589165637 100:585676378580053388 101:1910862888145669154 102:8118554186113123231 103:8321856437324818894 104:4969396043765679698 105:4513502001127198124 106:1878489725380496425 107:4756690254711613958 108:8472539834901523774 109:197982018089535905 110:5752025454902570434 111:5585048024936510732]; server map[1:8225244477467437154 2:7575316326608053425 3:2425161378561746550 4:6900141946930387509 5:5482821040427739776 6:2714989568579499379 7:5040825549949550931 8:5265145612927595387 9:1639947564681433119 10:2521799805008378651 11:6350173528562421033 12:2330505428645721395 13:5698726315348912484 14:5604772430456150740 15:7548615623949757980 16:39914090574284498 17:7413616771598684781 18:2055784244175647140 19:4507475057892890018 20:1154850696351477202 21:1474764305661364971 22:5169112545681049330 23:584512203349914259 24:9012215013263810035 25:4256269255728932724 26:8188151527915517501 27:1231367423983250804 28:6312517349109795973 29:1019813512823746899 30:8004121101449507617 31:2116668585324374055 32:1762076517106010719 33:8874763982746905487 34:6039652781076045630 35:4087325499600264901 36:215165247292988156 37:4970302038488241453 38:261818730200788598 39:5754720853420362175 40:2973248046428628509 41:6564621701519209682 42:7141257001569196742 43:7049071464129258669 44:5674222185011275645 45:6107190541269193090 46:5472129620952684740 47:5651029515056892574 48:3144784525032259515 49:1335641555568103080 50:2178095261319288577 51:4805697654625763493 52:746066310610032871 53:5400956058482942991 54:9089211636555598048 55:5539766319686020272 56:7039102457080054944 57:6329266714072323177 58:5340018366779640241 59:3532916752050754441 60:5942151407049324202 61:5720803241661518538 62:1604256047997380843 63:731587145176222721 64:4972989604139792925 65:2940876582784405405 66:4791792461026476604 67:4689592344703453026 68:2581320188769741910 69:3429292225242831706 70:7619392410846972273 71:8386629169568413134 72:1013671563439385864 73:4332044935621771237 74:2850264568162029965 75:6266696011728138850 76:2279801686542204999 77:2383882155225177790 78:8364737772675904978 79:1882282224492846710 80:4178772026524033938 81:5008790642796324195 82:5986462111512488627 83:5439983334899012402 84:8247688458285004116 85:5626480745447959044 86:8915493750952130554 87:284468330342961628 88:2903881254002227373 89:4598554903510822184 90:6332766126644506345 91:6127283187877739188 92:6085210300525135959 93:8790951121687574499 94:4311247800101476271 95:7694881775533698848 96:6333375962911612155 97:5577541367972060466 98:4695549752966387148 99:9176778274589165637 100:585676378580053388 101:1910862888145669154 102:8118554186113123231 103:8321856437324818894 104:4969396043765679698 105:4513502001127198124 106:1878489725380496425 107:4756690254711613958 108:8472539834901523774 109:197982018089535905 110:5752025454902570434 111:5585048024936510732 112:2842599101226882653]
2024/06/21 08:28:52 apply error: commit index=112 server=3 8282117721470658392 != server=4 2842599101226882653
exit status 1
FAIL	6.5840/raft	118.980s
