Test (2C): basic persistence ...
leader is 0
leader is 2
leader is 2
leader is 0
leader is 2
  ... Passed --   6.1  3  138   34440    6
Test (2C): more persistence ...
leader is 4
leader is 2
leader is 0
leader is 3
leader is 1
leader is 4
  ... Passed --  16.3  5 1217  262580   16
Test (2C): partitioned leader and one follower crash, leader restarts ...
leader is 1
leader is 1
  ... Passed --   1.5  3   42   10114    4
Test (2C): Figure 8 ...
leader is 4
leader is 3
leader is 1
leader is 0
leader is 0
leader is 0
leader is 0
leader is 3
leader is 3
leader is 4
leader is 4
leader is 2
leader is 0
leader is 4
leader is 1
leader is 2
leader is 2
leader is 4
leader is 4
leader is 0
leader is 3
leader is 3
leader is 3
leader is 1
leader is 0
leader is 0
leader is 0
leader is 2
leader is 2
leader is 2
leader is 2
leader is 2
leader is 2
leader is 2
leader is 1
leader is 4
leader is 3
leader is 0
leader is 0
leader is 0
leader is 2
leader is 2
leader is 4
leader is 3
leader is 1
leader is 2
leader is 0
leader is 1
leader is 4
leader is 0
leader is 3
leader is 1
leader is 1
leader is 1
leader is 2
leader is 2
leader is 4
leader is 4
leader is 4
leader is 3
leader is 3
leader is 0
leader is 4
leader is 4
leader is 1
leader is 1
leader is 3
leader is 3
leader is 2
leader is 4
leader is 3
leader is 0
leader is 2
leader is 2
leader is 2
leader is 1
leader is 3
leader is 0
leader is 2
leader is 1
leader is 0
leader is 2
leader is 2
leader is 4
leader is 1
leader is 1
leader is 3
leader is 2
leader is 1
leader is 1
leader is 1
leader is 1
leader is 1
  ... Passed --  32.3  5 1980  421537   92
Test (2C): unreliable agreement ...
leader is 2
  ... Passed --   4.1  5 1151  375609  246
Test (2C): Figure 8 (unreliable) ...
leader is 3
leader is 4
leader is 0
leader is 2
leader is 4
leader is 3
leader is 1
leader is 3
leader is 3
2024/06/21 08:13:35 3: log map[1:9729 2:8983 3:5401 4:6882 5:8832 6:4617 7:581 8:8637 9:6679]; server map[1:9729 2:8983 3:5401 4:6882 5:8832 6:4617 7:581 8:8637 9:6679 10:9022]
2024/06/21 08:13:35 apply error: commit index=10 server=3 4943 != server=2 9022
exit status 1
FAIL	6.5840/raft	89.033s
