Test (2C): basic persistence ...
leader is 2
leader is 2
leader is 2
leader is 0
leader is 2
  ... Passed --   5.7  3  136   34464    6
Test (2C): more persistence ...
leader is 3
leader is 1
leader is 4
leader is 2
leader is 0
leader is 3
  ... Passed --  16.7  5 1318  286104   16
Test (2C): partitioned leader and one follower crash, leader restarts ...
leader is 1
leader is 1
  ... Passed --   1.5  3   42   10114    4
Test (2C): Figure 8 ...
leader is 4
leader is 1
leader is 0
leader is 0
leader is 2
leader is 2
leader is 1
leader is 0
leader is 4
leader is 4
leader is 3
leader is 4
leader is 3
leader is 1
leader is 1
leader is 1
leader is 2
leader is 2
leader is 2
leader is 3
leader is 3
leader is 3
leader is 4
leader is 1
leader is 0
leader is 0
leader is 2
leader is 3
leader is 3
leader is 3
leader is 4
leader is 1
leader is 1
leader is 0
leader is 2
leader is 3
leader is 4
leader is 2
leader is 1
leader is 0
leader is 0
leader is 3
leader is 4
leader is 4
leader is 1
leader is 2
leader is 0
leader is 3
leader is 3
leader is 4
leader is 4
leader is 2
leader is 2
leader is 1
leader is 0
leader is 4
leader is 4
leader is 4
leader is 3
leader is 2
leader is 1
leader is 4
leader is 2
leader is 0
leader is 4
leader is 1
leader is 3
leader is 2
leader is 4
leader is 1
leader is 3
leader is 3
leader is 0
leader is 1
leader is 1
leader is 1
leader is 4
leader is 4
leader is 4
leader is 4
leader is 2
leader is 1
leader is 1
leader is 1
  ... Passed --  32.0  5 1888  401789   80
Test (2C): unreliable agreement ...
leader is 2
  ... Passed --   4.4  5 1156  377027  246
Test (2C): Figure 8 (unreliable) ...
leader is 2
leader is 1
leader is 3
2024/06/21 08:36:35 3: log map[1:4330 2:8071 3:1218]; server map[1:4330 2:8071 3:1218 4:2198]
2024/06/21 08:36:35 apply error: commit index=4 server=3 4968 != server=1 2198
exit status 1
FAIL	6.5840/raft	63.278s
