Test (2C): basic persistence ...
leader is 2
leader is 2
leader is 2
leader is 0
leader is 2
  ... Passed --   5.6  3  134   34024    6
Test (2C): more persistence ...
leader is 1
leader is 4
leader is 2
leader is 0
leader is 3
leader is 1
  ... Passed --  16.5  5 1210  261718   16
Test (2C): partitioned leader and one follower crash, leader restarts ...
leader is 1
leader is 1
  ... Passed --   1.5  3   42   10114    4
Test (2C): Figure 8 ...
leader is 2
leader is 0
leader is 4
leader is 4
leader is 1
leader is 3
leader is 2
leader is 0
leader is 0
leader is 4
leader is 4
leader is 4
leader is 3
leader is 0
leader is 0
leader is 0
leader is 0
leader is 0
leader is 0
leader is 1
leader is 2
leader is 4
leader is 3
leader is 3
leader is 2
leader is 1
leader is 1
leader is 3
leader is 0
leader is 1
leader is 1
leader is 1
leader is 1
leader is 3
leader is 3
leader is 4
leader is 2
leader is 3
leader is 1
leader is 4
leader is 3
leader is 0
leader is 2
leader is 1
leader is 1
leader is 4
leader is 0
leader is 3
leader is 3
leader is 1
leader is 1
leader is 1
leader is 2
leader is 2
leader is 0
leader is 4
leader is 3
leader is 3
leader is 0
leader is 1
leader is 1
leader is 2
leader is 4
leader is 3
leader is 0
leader is 1
leader is 4
leader is 3
leader is 2
leader is 1
leader is 0
leader is 4
leader is 1
leader is 3
leader is 0
leader is 4
leader is 2
leader is 2
  ... Passed --  28.6  5 1664  348554   75
Test (2C): unreliable agreement ...
leader is 4
  ... Passed --   3.9  5 1142  379295  246
Test (2C): Figure 8 (unreliable) ...
leader is 1
leader is 0
leader is 3
leader is 4
leader is 3
leader is 2
leader is 0
leader is 4
leader is 3
leader is 1
leader is 3
leader is 0
leader is 2
  ... Passed --  39.4  5 9520 20297854   57
Test (2C): churn ...
leader is 4
leader is 4
leader is 3
leader is 4
  ... Passed --  16.2  5 3678 2185492  630
Test (2C): unreliable churn ...
leader is 0
leader is 1
leader is 2
leader is 1
2024/06/21 08:24:55 1: log map[1:445471448700566874 2:380360915537357896 3:3241829589432249188 4:5051701359004774499 5:7084963659197208967 6:1741648053063556733 7:6308819826589766782 8:487742294521770862 9:6534204540318744378 10:6698890713728556630 11:8949632481945637256 12:844423869342167111 13:1360265100455293909 14:8798960841196764140 15:5160710785726600069 16:2306423638738222323 17:1445031502557919440 18:7803484462306924537 19:7091405253935275907 20:7688533493594447757 21:906880501742308614 22:7611647251204948164 23:4428824756427593903 24:2082916175610290549 25:2869875423145964417 26:6306938163197451923 27:8490638854539366211 28:443130625600648671 29:7149343891429196237 30:4041075461107600961 31:8595917970375109285 32:7770972970567019565 33:7855533842082626409 34:2507306264792670544 35:9142345881772876435 36:2784338505317936378 37:702155438631336897 38:7837842035673546530 39:850190472101940648 40:3047867074087941109 41:7137751808510153922 42:18447855471475671 43:4715843137235630253 44:1313431235763421419 45:733862420089385763 46:4710486907877213136 47:8612686100330565752 48:4082219767763185477 49:6503394020336028600 50:9056134628566736890 51:1273485645253186421 52:4896677146520751816 53:3272220980906511154 54:8560960000536648109 55:4837999858589445378 56:6888153542072138012 57:5116670227280697150 58:8708066684468037449 59:4239267545882026644 60:3620113552873053861 61:2073309299293901234 62:4987688810230049014 63:7769400907308946516 64:3335010952296490791 65:4041853380879122862 66:8809077687120059919 67:7521908227484560873 68:6625688572683742736 69:1352074486757339417 70:5676044787151121017 71:636413806174934245 72:1862489641245142142 73:7607918626190702594 74:4035593768386109197 75:4065271968421335021 76:8090202870277103259 77:6655752189357580159 78:6864255602465365362 79:8993718250030473134 80:779516003462736060 81:5016992592662383821 82:8969108651489545930 83:3223311858348890463 84:3968298056807407100 85:9114005851707525098 86:5638857580989344478 87:8715231147517423726 88:679286932252088650 89:8200703867790372985 90:5886457708632213468 91:132217088933013911 92:8933443979228043526 93:553259059676003021 94:1157058533992507212 95:1828590672278948850 96:3722683856270207804 97:5571780549965628830 98:2559837873225838471 99:8961290434325204711 100:286513918982040195 101:1413855608042129631 102:7768367885085976743 103:1102105526211367399 104:2326866626397785333 105:6304282399454922319 106:5602736767738707792 107:7699313887059658742 108:5587427049757216259 109:6309962030856825193 110:1200752809546679822 111:8550370045494762600 112:5942457607072760436 113:8876461033922083817 114:9038025990323552046 115:599074712675968545 116:8522959461748446940 117:2689078245941048142 118:7806068219166614460 119:4057461790543477403 120:248294470776359653 121:7587852936936801277 122:5201387547275713091 123:389523019642836628 124:7399274310482542028 125:5846022588755420420 126:4552579301215222017 127:3816066851182028857 128:1314730584622006568 129:4103876852796313878 130:2520001850776570597 131:9148102991268443225 132:963544693614760605 133:3633235170650966194 134:1717776452222311662 135:4919742211473893885 136:3565241189456345183 137:1772290730485603933 138:83300190860748566 139:6879525452314769048 140:3837433988173582657 141:1676268643779486949 142:1632025293823569352 143:5254570621038768160 144:7762931182246481747 145:8469809316181634965 146:6581482361681520911 147:4749511118600989573 148:1307297455924287732 149:6438834144969602224 150:5556729051128924914 151:4329543174158219863 152:2600295511448778971 153:3196145331091109100 154:5969745007921609491 155:6109505228166706366 156:878213422960975205 157:8104904645893926231 158:8676177031978025278 159:4966626573455450087 160:1382608205270103595 161:4882307199390807786 162:1389131020398399309 163:1408500531429360682 164:8101483353453468378 165:7908177887430588647 166:740901378086740129 167:18684543469415008 168:6675252543595021663 169:1136656680808607952 170:5468176006577704016 171:6816417019669602632 172:9014849303738325202 173:4416387832637748699 174:3774165356497414530 175:3853395768945837231 176:3780691192740581321 177:1555246054564338856 178:77850255568663469 179:6236340570569932428 180:3361043897639558969 181:6402810660681173458 182:2705314291445609396 183:1606534818902302679 184:2725653592679660314 185:4235498526765771089 186:5827540360537818297 187:6481742209849385183 188:3007553099496906018 189:5681458075264590467 190:1573308824026043250 191:8081165078119034079 192:5246248294468539339 193:6090079602637976973 194:96266880903165651 195:7275554347349895300 196:9144867012914571125 197:4903239531843218521 198:4391418366016423071 199:3256805480797087373 200:718484310377355745 201:1363152904644174109 202:6070161506061386905]; server map[1:445471448700566874 2:380360915537357896 3:3241829589432249188 4:5051701359004774499 5:7084963659197208967 6:1741648053063556733 7:6308819826589766782 8:487742294521770862 9:6534204540318744378 10:6698890713728556630 11:8949632481945637256 12:844423869342167111 13:1360265100455293909 14:8798960841196764140 15:5160710785726600069 16:2306423638738222323 17:1445031502557919440 18:7803484462306924537 19:7091405253935275907 20:7688533493594447757 21:906880501742308614 22:7611647251204948164 23:4428824756427593903 24:2082916175610290549 25:2869875423145964417 26:6306938163197451923 27:8490638854539366211 28:443130625600648671 29:7149343891429196237 30:4041075461107600961 31:8595917970375109285 32:7770972970567019565 33:7855533842082626409 34:2507306264792670544 35:9142345881772876435 36:2784338505317936378 37:702155438631336897 38:7837842035673546530 39:850190472101940648 40:3047867074087941109 41:7137751808510153922 42:18447855471475671 43:4715843137235630253 44:1313431235763421419 45:733862420089385763 46:4710486907877213136 47:8612686100330565752 48:4082219767763185477 49:6503394020336028600 50:9056134628566736890 51:1273485645253186421 52:4896677146520751816 53:3272220980906511154 54:8560960000536648109 55:4837999858589445378 56:6888153542072138012 57:5116670227280697150 58:8708066684468037449 59:4239267545882026644 60:3620113552873053861 61:2073309299293901234 62:4987688810230049014 63:7769400907308946516 64:3335010952296490791 65:4041853380879122862 66:8809077687120059919 67:7521908227484560873 68:6625688572683742736 69:1352074486757339417 70:5676044787151121017 71:636413806174934245 72:1862489641245142142 73:7607918626190702594 74:4035593768386109197 75:4065271968421335021 76:8090202870277103259 77:6655752189357580159 78:6864255602465365362 79:8993718250030473134 80:779516003462736060 81:5016992592662383821 82:8969108651489545930 83:3223311858348890463 84:3968298056807407100 85:9114005851707525098 86:5638857580989344478 87:8715231147517423726 88:679286932252088650 89:8200703867790372985 90:5886457708632213468 91:132217088933013911 92:8933443979228043526 93:553259059676003021 94:1157058533992507212 95:1828590672278948850 96:3722683856270207804 97:5571780549965628830 98:2559837873225838471 99:8961290434325204711 100:286513918982040195 101:1413855608042129631 102:7768367885085976743 103:1102105526211367399 104:2326866626397785333 105:6304282399454922319 106:5602736767738707792 107:7699313887059658742 108:5587427049757216259 109:6309962030856825193 110:1200752809546679822 111:8550370045494762600 112:5942457607072760436 113:8876461033922083817 114:9038025990323552046 115:599074712675968545 116:8522959461748446940 117:2689078245941048142 118:7806068219166614460 119:4057461790543477403 120:248294470776359653 121:7587852936936801277 122:5201387547275713091 123:389523019642836628 124:7399274310482542028 125:5846022588755420420 126:4552579301215222017 127:3816066851182028857 128:1314730584622006568 129:4103876852796313878 130:2520001850776570597 131:9148102991268443225 132:963544693614760605 133:3633235170650966194 134:1717776452222311662 135:4919742211473893885 136:3565241189456345183 137:1772290730485603933 138:83300190860748566 139:6879525452314769048 140:3837433988173582657 141:1676268643779486949 142:1632025293823569352 143:5254570621038768160 144:7762931182246481747 145:8469809316181634965 146:6581482361681520911 147:4749511118600989573 148:1307297455924287732 149:6438834144969602224 150:5556729051128924914 151:4329543174158219863 152:2600295511448778971 153:3196145331091109100 154:5969745007921609491 155:6109505228166706366 156:878213422960975205 157:8104904645893926231 158:8676177031978025278 159:4966626573455450087 160:1382608205270103595 161:4882307199390807786 162:1389131020398399309 163:1408500531429360682 164:8101483353453468378 165:7908177887430588647 166:740901378086740129 167:18684543469415008 168:6675252543595021663 169:1136656680808607952 170:5468176006577704016 171:6816417019669602632 172:9014849303738325202 173:4416387832637748699 174:3774165356497414530 175:3853395768945837231 176:3780691192740581321 177:1555246054564338856 178:77850255568663469 179:6236340570569932428 180:3361043897639558969 181:6402810660681173458 182:2705314291445609396 183:1606534818902302679 184:2725653592679660314 185:4235498526765771089 186:5827540360537818297 187:6481742209849385183 188:3007553099496906018 189:5681458075264590467 190:1573308824026043250 191:8081165078119034079 192:5246248294468539339 193:6090079602637976973 194:96266880903165651 195:7275554347349895300 196:9144867012914571125 197:4903239531843218521 198:4391418366016423071 199:3256805480797087373 200:718484310377355745 201:1363152904644174109 202:6070161506061386905 203:9070804960912614370]
2024/06/21 08:24:55 apply error: commit index=203 server=1 8512034841595412109 != server=2 9070804960912614370
exit status 1
FAIL	6.5840/raft	120.450s
