Test (2C): basic persistence ...
leader is 1
leader is 1
leader is 1
leader is 0
leader is 2
  ... Passed --   5.5  3  132   32944    6
Test (2C): more persistence ...
leader is 2
leader is 0
leader is 3
leader is 1
leader is 4
leader is 2
  ... Passed --  16.0  5 1015  212894   16
Test (2C): partitioned leader and one follower crash, leader restarts ...
leader is 1
leader is 1
  ... Passed --   1.5  3   42   10114    4
Test (2C): Figure 8 ...
leader is 4
leader is 2
leader is 3
leader is 0
leader is 0
leader is 2
leader is 3
leader is 4
leader is 0
leader is 0
leader is 1
leader is 3
leader is 3
leader is 0
leader is 4
leader is 4
leader is 3
leader is 2
leader is 1
leader is 4
leader is 4
leader is 3
leader is 0
leader is 2
leader is 1
leader is 1
leader is 1
leader is 1
leader is 1
leader is 0
leader is 4
leader is 4
leader is 3
leader is 2
leader is 4
leader is 0
leader is 0
leader is 3
leader is 3
leader is 3
leader is 3
leader is 1
leader is 4
leader is 4
leader is 2
leader is 3
leader is 1
leader is 1
leader is 1
leader is 4
leader is 4
leader is 0
leader is 0
leader is 2
leader is 4
leader is 3
leader is 3
leader is 0
leader is 0
leader is 0
leader is 2
leader is 2
leader is 4
leader is 4
leader is 4
leader is 4
leader is 4
leader is 4
leader is 4
leader is 1
leader is 0
leader is 0
leader is 0
leader is 3
leader is 3
leader is 1
leader is 4
leader is 3
leader is 2
leader is 2
leader is 0
leader is 1
leader is 1
leader is 4
leader is 4
leader is 4
leader is 0
leader is 0
leader is 2
leader is 1
leader is 1
leader is 3
leader is 4
leader is 0
  ... Passed --  31.5  5 1907  403483   93
Test (2C): unreliable agreement ...
leader is 3
  ... Passed --   4.2  5 1155  377274  246
Test (2C): Figure 8 (unreliable) ...
leader is 3
leader is 0
leader is 2
leader is 4
leader is 4
leader is 2
leader is 1
2024/06/21 08:17:46 1: log map[1:5605 2:6419 3:4713 4:4692 5:6532 6:9979 7:7751 8:6025 9:8306 10:6608 11:608 12:7389 13:5122 14:8739 15:7633 16:2799 17:1375 18:5947 19:5910 20:9150 21:1893 22:1437 23:8951 24:9680 25:5710 26:8316 27:4455 28:1731 29:9339 30:894 31:3387 32:4282 33:2888 34:6727 35:7019 36:5198 37:2702 38:9064 39:4071 40:2168 41:4696 42:2801 43:1319 44:3675 45:5709 46:2899 47:5947 48:9408 49:3595 50:4151 51:9854 52:9399 53:2898 54:4472 55:1827 56:5278 57:3212 58:232 59:936 60:4686 61:9433 62:6230 63:1936 64:4550 65:673 66:9338 67:3955 68:1523 69:3598 70:8970 71:5912 72:3519 73:3524 74:4153 75:9058 76:3976 77:5198 78:1592 79:9394 80:7540 81:465 82:1558 83:6987 84:7493 85:6235 86:3329 87:2446 88:8393 89:850 90:889 91:19 92:3934 93:6429 94:359 95:219 96:2601 97:413 98:1198 99:902 100:2448 101:9501 102:4745 103:1672 104:3479 105:1732 106:6966 107:5264 108:5904 109:2399 110:8051 111:9746 112:3968 113:5783 114:7588 115:8433 116:2575 117:8905 118:8919 119:5333 120:1083 121:1391 122:4013 123:9194 124:4226 125:1876 126:7853 127:1577 128:2291 129:3045 130:7594 131:9626 132:2086 133:5730 134:856 135:709 136:2195 137:3508 138:1818 139:8168 140:2435 141:8542 142:441 143:6769 144:2435 145:1320 146:5616 147:5100 148:3676 149:7721 150:1214 151:7787 152:5875 153:6104 154:4182 155:7252 156:3161 157:551 158:7495 159:1129 160:6472 161:806 162:2647 163:7206 164:497 165:3985 166:8666 167:5639 168:3961 169:4338 170:6356 171:1586 172:5197 173:7026 174:7194 175:6923 176:1525 177:9260 178:606 179:9262 180:5898 181:4833 182:6608 183:6681 184:8275 185:4425 186:4292]; server map[1:5605 2:6419 3:4713 4:4692 5:6532 6:9979 7:7751 8:6025 9:8306 10:6608 11:608 12:7389 13:5122 14:8739 15:7633 16:2799 17:1375 18:5947 19:5910 20:9150 21:1893 22:1437 23:8951 24:9680 25:5710 26:8316 27:4455 28:1731 29:9339 30:894 31:3387 32:4282 33:2888 34:6727 35:7019 36:5198 37:2702 38:9064 39:4071 40:2168 41:4696 42:2801 43:1319 44:3675 45:5709 46:2899 47:5947 48:9408 49:3595 50:4151 51:9854 52:9399 53:2898 54:4472 55:1827 56:5278 57:3212 58:232 59:936 60:4686 61:9433 62:6230 63:1936 64:4550 65:673 66:9338 67:3955 68:1523 69:3598 70:8970 71:5912 72:3519 73:3524 74:4153 75:9058 76:3976 77:5198 78:1592 79:9394 80:7540 81:465 82:1558 83:6987 84:7493 85:6235 86:3329 87:2446 88:8393 89:850 90:889 91:19 92:3934 93:6429 94:359 95:219 96:2601 97:413 98:1198 99:902 100:2448 101:9501 102:4745 103:1672 104:3479 105:1732 106:6966 107:5264 108:5904 109:2399 110:8051 111:9746 112:3968 113:5783 114:7588 115:8433 116:2575 117:8905 118:8919 119:5333 120:1083 121:1391 122:4013 123:9194 124:4226 125:1876 126:7853 127:1577 128:2291 129:3045 130:7594 131:9626 132:2086 133:5730 134:856 135:709 136:2195 137:3508 138:1818 139:8168 140:2435 141:8542 142:441 143:6769 144:2435 145:1320 146:5616 147:5100 148:3676 149:7721 150:1214 151:7787 152:5875 153:6104 154:4182 155:7252 156:3161 157:551 158:7495 159:1129 160:6472 161:806 162:2647 163:7206 164:497 165:3985 166:8666 167:5639 168:3961 169:4338 170:6356 171:1586 172:5197 173:7026 174:7194 175:6923 176:1525 177:9260 178:606 179:9262 180:5898 181:4833 182:6608 183:6681 184:8275 185:4425 186:4292 187:6848]
2024/06/21 08:17:46 apply error: commit index=187 server=1 3237 != server=2 6848
exit status 1
FAIL	6.5840/raft	78.273s
