Test (2C): basic persistence ...
leader is 0
leader is 1
leader is 1
leader is 0
leader is 2
  ... Passed --   5.6  3  130   32664    6
Test (2C): more persistence ...
leader is 3
leader is 1
leader is 4
leader is 2
leader is 0
leader is 3
  ... Passed --  16.6  5 1132  237140   16
Test (2C): partitioned leader and one follower crash, leader restarts ...
leader is 1
leader is 1
  ... Passed --   1.5  3   42   10114    4
Test (2C): Figure 8 ...
leader is 4
leader is 0
leader is 1
leader is 3
leader is 2
leader is 2
leader is 0
leader is 4
leader is 1
leader is 3
leader is 0
leader is 2
leader is 2
leader is 1
leader is 1
leader is 4
leader is 0
leader is 3
leader is 2
leader is 1
leader is 1
leader is 3
leader is 3
leader is 4
leader is 1
leader is 1
leader is 1
leader is 2
leader is 2
leader is 3
leader is 3
leader is 4
leader is 0
leader is 1
leader is 2
leader is 2
leader is 4
leader is 4
leader is 0
leader is 1
leader is 3
leader is 4
leader is 4
leader is 1
leader is 2
leader is 0
leader is 0
leader is 0
leader is 0
leader is 4
leader is 3
leader is 2
leader is 1
leader is 0
leader is 4
leader is 4
leader is 3
leader is 2
leader is 0
leader is 4
leader is 3
leader is 3
leader is 1
leader is 1
leader is 1
leader is 1
leader is 0
leader is 2
leader is 2
leader is 1
leader is 4
leader is 3
leader is 3
leader is 1
leader is 0
leader is 0
  ... Passed --  27.1  5 1544  323538   77
Test (2C): unreliable agreement ...
leader is 1
  ... Passed --   3.7  5 1130  373002  246
Test (2C): Figure 8 (unreliable) ...
leader is 0
leader is 4
leader is 3
leader is 2
leader is 1
leader is 0
leader is 4
leader is 2
leader is 2
leader is 4
leader is 3
leader is 1
leader is 4
leader is 0
  ... Passed --  30.9  5 8996 18829716  390
Test (2C): churn ...
leader is 2
leader is 3
leader is 3
leader is 3
leader is 4
  ... Passed --  16.2  5 3604 2903651  567
Test (2C): unreliable churn ...
leader is 1
leader is 2
leader is 1
2024/06/21 08:39:16 1: log map[1:7224736349587107711 2:6373976490070850512 3:7531659465265026824 4:9207239292035836075 5:4753044417075253597 6:7572398212907420345 7:2838967187396644086 8:8780369900570116934 9:90269521798926282 10:8863589679480169529 11:2207094624212506966 12:5161324612136935758 13:3302482924739877607 14:2945230843148940214 15:6641380738581808216 16:2204745409216263740 17:5113477700208715928 18:5097441670363381381 19:1813636255848658997 20:7184971740058145738 21:4467364554031816445 22:3911756263274938208 23:4785993519137616034 24:4012787383540908571 25:5150576739935162876 26:4721005556363731886 27:2639546895140763134 28:8138412484096443317 29:8126074504867811096 30:5201921439400381870 31:6783243204446157847 32:2796108578515488268 33:7852651878417040330 34:4821820311415058260 35:811664191750414433 36:7634330055891970427 37:6492444636951859504 38:9090005044819935487 39:2313290320335822824 40:3012450381967721112 41:7162525011828309928 42:2679124581573708498 43:1309569937935919850 44:2553368695137805940 45:429526705008236926 46:5035047514343437277 47:4806271036661586508 48:4460891685770649780 49:4745545220670841553 50:5908899519081769488 51:5105738584376189145 52:4624299576243620006 53:1346419273733371217 54:4503821223415677027 55:214035903431706668 56:2321712287723169287 57:2300394339503544134 58:7197092151991434196 59:3315856373594276916 60:8244649916427655895 61:6025412832915216712 62:6200541187628506414 63:7066642420948815748 64:6220312408930466734 65:2824657278005449101 66:879127187754754986 67:4639618656194171722 68:8445458244053308629 69:101773152061100926 70:5973621631188159589 71:9192492212686877932 72:8683194548565115164 73:2241605983006038468 74:6190466095166179579 75:8597841788206741071 76:7707825711557955112 77:6883071102266318555 78:6697818506232907028 79:1686958108571338657 80:5369076298168090174 81:735017856540616676 82:2485201405200331282 83:7827524794822247162 84:7464048917514512900 85:4117674986367852218 86:1285705222212770068 87:1942055917844558325 88:6426206436706674406 89:5702418467777189281 90:6116787871029979536 91:4499067307549864894 92:1386353593151518212 93:9212757572362374287 94:1545725428040464762 95:8325306838876608632 96:6515100865246422225 97:8884560563838834576 98:1742060619437053668 99:1178113893646054905 100:7602701677209574478 101:6196694414994592143 102:1718981302144858793 103:2146085872100931004 104:3280575390124543968 105:2949561557383820226 106:8579397139762669302 107:3016196429447003526 108:3005568838963493600 109:6796300671153310856 110:1977497692947865483]; server map[1:7224736349587107711 2:6373976490070850512 3:7531659465265026824 4:9207239292035836075 5:4753044417075253597 6:7572398212907420345 7:2838967187396644086 8:8780369900570116934 9:90269521798926282 10:8863589679480169529 11:2207094624212506966 12:5161324612136935758 13:3302482924739877607 14:2945230843148940214 15:6641380738581808216 16:2204745409216263740 17:5113477700208715928 18:5097441670363381381 19:1813636255848658997 20:7184971740058145738 21:4467364554031816445 22:3911756263274938208 23:4785993519137616034 24:4012787383540908571 25:5150576739935162876 26:4721005556363731886 27:2639546895140763134 28:8138412484096443317 29:8126074504867811096 30:5201921439400381870 31:6783243204446157847 32:2796108578515488268 33:7852651878417040330 34:4821820311415058260 35:811664191750414433 36:7634330055891970427 37:6492444636951859504 38:9090005044819935487 39:2313290320335822824 40:3012450381967721112 41:7162525011828309928 42:2679124581573708498 43:1309569937935919850 44:2553368695137805940 45:429526705008236926 46:5035047514343437277 47:4806271036661586508 48:4460891685770649780 49:4745545220670841553 50:5908899519081769488 51:5105738584376189145 52:4624299576243620006 53:1346419273733371217 54:4503821223415677027 55:214035903431706668 56:2321712287723169287 57:2300394339503544134 58:7197092151991434196 59:3315856373594276916 60:8244649916427655895 61:6025412832915216712 62:6200541187628506414 63:7066642420948815748 64:6220312408930466734 65:2824657278005449101 66:879127187754754986 67:4639618656194171722 68:8445458244053308629 69:101773152061100926 70:5973621631188159589 71:9192492212686877932 72:8683194548565115164 73:2241605983006038468 74:6190466095166179579 75:8597841788206741071 76:7707825711557955112 77:6883071102266318555 78:6697818506232907028 79:1686958108571338657 80:5369076298168090174 81:735017856540616676 82:2485201405200331282 83:7827524794822247162 84:7464048917514512900 85:4117674986367852218 86:1285705222212770068 87:1942055917844558325 88:6426206436706674406 89:5702418467777189281 90:6116787871029979536 91:4499067307549864894 92:1386353593151518212 93:9212757572362374287 94:1545725428040464762 95:8325306838876608632 96:6515100865246422225 97:8884560563838834576 98:1742060619437053668 99:1178113893646054905 100:7602701677209574478 101:6196694414994592143 102:1718981302144858793 103:2146085872100931004 104:3280575390124543968 105:2949561557383820226 106:8579397139762669302 107:3016196429447003526 108:3005568838963493600 109:6796300671153310856 110:1977497692947865483 111:6826499880752481453]
2024/06/21 08:39:16 apply error: commit index=111 server=1 5763761207071458127 != server=2 6826499880752481453
exit status 1
FAIL	6.5840/raft	106.225s
