Test (2C): basic persistence ...
leader is 0
leader is 1
leader is 1
leader is 2
leader is 1
  ... Passed --   5.9  3  140   35392    7
Test (2C): more persistence ...
leader is 0
leader is 3
leader is 1
leader is 4
leader is 2
leader is 0
  ... Passed --  16.7  5 1136  238886   16
Test (2C): partitioned leader and one follower crash, leader restarts ...
leader is 1
leader is 1
  ... Passed --   1.5  3   42   10114    4
Test (2C): Figure 8 ...
leader is 4
leader is 1
leader is 3
leader is 2
leader is 4
leader is 3
leader is 3
leader is 0
leader is 4
leader is 3
leader is 2
leader is 4
leader is 0
leader is 2
leader is 2
leader is 4
leader is 3
leader is 0
leader is 0
leader is 4
leader is 1
leader is 2
leader is 4
leader is 0
leader is 3
leader is 4
leader is 0
leader is 2
leader is 3
leader is 4
leader is 1
leader is 0
leader is 0
leader is 2
leader is 1
leader is 0
leader is 0
leader is 0
leader is 0
leader is 4
leader is 1
leader is 4
leader is 0
leader is 2
leader is 1
leader is 1
leader is 1
leader is 3
leader is 4
leader is 1
leader is 2
leader is 2
leader is 0
leader is 0
leader is 0
leader is 4
leader is 4
leader is 3
leader is 0
leader is 0
leader is 2
leader is 3
leader is 3
leader is 4
leader is 1
leader is 1
leader is 1
leader is 3
leader is 3
leader is 3
leader is 0
leader is 2
leader is 3
leader is 4
leader is 1
leader is 0
leader is 0
leader is 4
leader is 4
  ... Passed --  31.7  5 1800  378793   77
Test (2C): unreliable agreement ...
leader is 0
  ... Passed --   3.9  5 1144  373914  246
Test (2C): Figure 8 (unreliable) ...
leader is 1
leader is 3
leader is 4
leader is 2
leader is 3
leader is 2
leader is 2
leader is 2
leader is 4
leader is 0
leader is 1
leader is 3
leader is 0
leader is 2
2024/06/21 08:15:50 2: log map[1:5866 2:8036 3:8223 4:7987 5:2604 6:7044 7:9588 8:1869 9:3187 10:7364 11:1895 12:431 13:9857 14:1877 15:2847 16:973 17:5535 18:1212 19:2325 20:6708 21:9728 22:43 23:9644 24:7743 25:163 26:6703 27:2379 28:5598 29:2246 30:4502 31:3664 32:172 33:9838 34:183 35:2868 36:780 37:3018 38:3580 39:589 40:6421 41:1570 42:9075 43:5073 44:9954 45:525 46:4308 47:5116 48:5685 49:5922 50:4411 51:1341 52:515 53:8307 54:2937 55:2129 56:1113 57:8631 58:2716 59:9388 60:2925 61:8643 62:9687 63:8566 64:1717 65:7614 66:2616 67:1676 68:2583 69:7867 70:6908 71:6062 72:3382 73:7123 74:6391 75:4527 76:2557 77:1607 78:6433 79:8917 80:9390 81:9885 82:8571 83:6636 84:7517 85:6834 86:9367 87:3192 88:2974 89:7323 90:9703]; server map[1:5866 2:8036 3:8223 4:7987 5:2604 6:7044 7:9588 8:1869 9:3187 10:7364 11:1895 12:431 13:9857 14:1877 15:2847 16:973 17:5535 18:1212 19:2325 20:6708 21:9728 22:43 23:9644 24:7743 25:163 26:6703 27:2379 28:5598 29:2246 30:4502 31:3664 32:172 33:9838 34:183 35:2868 36:780 37:3018 38:3580 39:589 40:6421 41:1570 42:9075 43:5073 44:9954 45:525 46:4308 47:5116 48:5685 49:5922 50:4411 51:1341 52:515 53:8307 54:2937 55:2129 56:1113 57:8631 58:2716 59:9388 60:2925 61:8643 62:9687 63:8566 64:1717 65:7614 66:2616 67:1676 68:2583 69:7867 70:6908 71:6062 72:3382 73:7123 74:6391 75:4527 76:2557 77:1607 78:6433 79:8917 80:9390 81:9885 82:8571 83:6636 84:7517 85:6834 86:9367 87:3192 88:2974 89:7323 90:9703 91:8521]
2024/06/21 08:15:50 apply error: commit index=91 server=2 514 != server=1 8521
exit status 1
FAIL	6.5840/raft	90.519s
