Test (2C): basic persistence ...
leader is 2
leader is 1
leader is 1
leader is 2
leader is 1
  ... Passed --   5.9  3  140   35212    6
Test (2C): more persistence ...
leader is 3
leader is 1
leader is 4
leader is 2
leader is 0
leader is 3
  ... Passed --  16.5  5 1128  236576   16
Test (2C): partitioned leader and one follower crash, leader restarts ...
leader is 0
leader is 0
  ... Passed --   1.5  3   42   10046    4
Test (2C): Figure 8 ...
leader is 4
leader is 1
leader is 3
leader is 3
leader is 3
leader is 0
leader is 0
leader is 1
leader is 2
leader is 4
leader is 4
leader is 0
leader is 3
leader is 3
leader is 3
leader is 3
leader is 3
leader is 2
leader is 0
leader is 4
leader is 2
leader is 3
leader is 1
leader is 4
leader is 3
leader is 2
leader is 2
leader is 0
leader is 1
leader is 3
leader is 0
leader is 0
leader is 4
leader is 2
leader is 3
leader is 3
leader is 3
leader is 1
leader is 0
leader is 0
leader is 2
leader is 3
leader is 3
leader is 1
leader is 0
leader is 0
leader is 2
leader is 3
leader is 3
leader is 3
leader is 3
leader is 0
leader is 1
leader is 2
leader is 2
leader is 2
leader is 0
leader is 4
leader is 3
leader is 2
leader is 2
leader is 0
leader is 0
leader is 0
leader is 1
leader is 0
leader is 3
leader is 3
leader is 4
leader is 4
leader is 4
leader is 2
leader is 2
leader is 2
leader is 2
leader is 2
leader is 2
leader is 1
leader is 0
leader is 3
leader is 4
leader is 1
leader is 1
leader is 1
leader is 2
leader is 3
leader is 1
leader is 1
leader is 4
leader is 4
leader is 4
leader is 3
leader is 3
leader is 3
  ... Passed --  32.1  5 1852  389338   89
Test (2C): unreliable agreement ...
leader is 4
  ... Passed --   3.7  5 1136  369722  246
Test (2C): Figure 8 (unreliable) ...
leader is 3
leader is 2
leader is 0
leader is 4
leader is 1
leader is 4
leader is 3
leader is 0
leader is 2
2024/06/21 08:41:05 2: log map[1:1074 2:3952 3:1882 4:3375 5:227 6:5872 7:9336 8:9840 9:9398 10:4173 11:3290 12:910 13:1922 14:2764 15:2889 16:3300 17:1554 18:9710 19:6767 20:64 21:4095 22:4041 23:4294 24:5648 25:9255 26:2804 27:6370 28:3817 29:1328 30:342 31:1881 32:4596 33:7282 34:6020 35:6366 36:3760 37:5287 38:1827 39:6774 40:4869 41:5935 42:9428 43:5675 44:5845 45:4180 46:9475 47:3778 48:1461 49:4756 50:4400]; server map[1:1074 2:3952 3:1882 4:3375 5:227 6:5872 7:9336 8:9840 9:9398 10:4173 11:3290 12:910 13:1922 14:2764 15:2889 16:3300 17:1554 18:9710 19:6767 20:64 21:4095 22:4041 23:4294 24:5648 25:9255 26:2804 27:6370 28:3817 29:1328 30:342 31:1881 32:4596 33:7282 34:6020 35:6366 36:3760 37:5287 38:1827 39:6774 40:4869 41:5935 42:9428 43:5675 44:5845 45:4180 46:9475 47:3778 48:1461 49:4756 50:4400 51:5440 52:8130]
2024/06/21 08:41:05 2: log map[1:1074 2:3952 3:1882 4:3375 5:227 6:5872 7:9336 8:9840 9:9398 10:4173 11:3290 12:910 13:1922 14:2764 15:2889 16:3300 17:1554 18:9710 19:6767 20:64 21:4095 22:4041 23:4294 24:5648 25:9255 26:2804 27:6370 28:3817 29:1328 30:342 31:1881 32:4596 33:7282 34:6020 35:6366 36:3760 37:5287 38:1827 39:6774 40:4869 41:5935 42:9428 43:5675 44:5845 45:4180 46:9475 47:3778 48:1461 49:4756 50:4400]; server map[1:1074 2:3952 3:1882 4:3375 5:227 6:5872 7:9336 8:9840 9:9398 10:4173 11:3290 12:910 13:1922 14:2764 15:2889 16:3300 17:1554 18:9710 19:6767 20:64 21:4095 22:4041 23:4294 24:5648 25:9255 26:2804 27:6370 28:3817 29:1328 30:342 31:1881 32:4596 33:7282 34:6020 35:6366 36:3760 37:5287 38:1827 39:6774 40:4869 41:5935 42:9428 43:5675 44:5845 45:4180 46:9475 47:3778 48:1461 49:4756 50:4400 51:5440 52:8130]
2024/06/21 08:41:05 apply error: commit index=51 server=2 8999 != server=3 5440
exit status 1
FAIL	6.5840/raft	82.007s
