Test (2C): basic persistence ...
leader is 2
leader is 2
leader is 2
leader is 1
leader is 1
  ... Passed --   5.7  3  134   34020    7
Test (2C): more persistence ...
leader is 4
leader is 2
leader is 0
leader is 3
leader is 1
leader is 4
  ... Passed --  16.5  5 1217  263326   16
Test (2C): partitioned leader and one follower crash, leader restarts ...
leader is 1
leader is 1
  ... Passed --   1.5  3   42   10114    4
Test (2C): Figure 8 ...
leader is 4
leader is 2
leader is 0
leader is 3
leader is 3
leader is 3
leader is 3
leader is 1
leader is 4
leader is 4
leader is 0
leader is 0
leader is 2
leader is 2
leader is 4
leader is 3
leader is 1
leader is 0
leader is 4
leader is 4
leader is 2
leader is 2
leader is 2
leader is 0
leader is 3
leader is 3
leader is 4
leader is 2
leader is 0
leader is 1
leader is 2
leader is 3
leader is 3
leader is 4
leader is 0
leader is 3
leader is 1
leader is 4
leader is 2
leader is 2
leader is 1
leader is 1
leader is 0
leader is 4
leader is 4
leader is 3
leader is 2
leader is 1
leader is 4
leader is 4
leader is 3
leader is 3
leader is 1
leader is 1
leader is 0
leader is 4
leader is 4
leader is 0
leader is 3
leader is 4
leader is 4
leader is 4
leader is 2
leader is 0
leader is 1
leader is 3
leader is 0
leader is 1
leader is 3
leader is 3
leader is 4
leader is 0
leader is 3
leader is 3
leader is 2
leader is 2
leader is 2
  ... Passed --  30.7  5 1748  370980   76
Test (2C): unreliable agreement ...
leader is 1
  ... Passed --   3.9  5 1144  374489  246
Test (2C): Figure 8 (unreliable) ...
leader is 3
leader is 2
leader is 1
leader is 0
leader is 4
leader is 2
2024/06/21 08:17:06 2: log map[1:3478 2:4363 3:7879 4:1078 5:1329 6:9338 7:7569 8:3056 9:4970 10:279 11:2016 12:9641 13:9287 14:2178 15:299 16:5046 17:6642 18:7568 19:6877 20:1170 21:8694 22:9548 23:518 24:5295 25:8802]; server map[1:3478 2:4363 3:7879 4:1078 5:1329 6:9338 7:7569 8:3056 9:4970 10:279 11:2016 12:9641 13:9287 14:2178 15:299 16:5046 17:6642 18:7568 19:6877 20:1170 21:8694 22:9548 23:518 24:5295 25:8802 26:1535]
2024/06/21 08:17:06 apply error: commit index=26 server=2 1316 != server=4 1535
exit status 1
FAIL	6.5840/raft	63.224s
