Test (2C): basic persistence ...
leader is 1
leader is 0
leader is 0
leader is 2
leader is 2
  ... Passed --   5.6  3  132   33288    7
Test (2C): more persistence ...
leader is 4
leader is 2
leader is 0
leader is 3
leader is 1
leader is 4
  ... Passed --  16.5  5 1016  213430   16
Test (2C): partitioned leader and one follower crash, leader restarts ...
leader is 1
leader is 1
  ... Passed --   1.4  3   40    9540    4
Test (2C): Figure 8 ...
leader is 3
leader is 1
leader is 0
leader is 0
leader is 0
leader is 0
leader is 4
leader is 4
leader is 4
leader is 4
leader is 2
leader is 3
leader is 3
leader is 4
leader is 4
leader is 1
leader is 2
leader is 4
leader is 4
leader is 4
leader is 0
leader is 3
leader is 2
leader is 2
leader is 1
leader is 0
leader is 0
leader is 0
leader is 4
leader is 3
leader is 2
leader is 0
leader is 0
leader is 0
leader is 4
leader is 2
leader is 3
leader is 0
leader is 0
leader is 0
leader is 2
leader is 2
leader is 4
leader is 4
leader is 3
leader is 1
leader is 4
leader is 0
leader is 2
leader is 2
leader is 4
leader is 4
leader is 1
leader is 1
leader is 0
leader is 2
leader is 4
leader is 3
leader is 3
leader is 0
leader is 1
leader is 1
leader is 3
leader is 3
leader is 0
leader is 0
leader is 1
leader is 3
leader is 4
leader is 4
leader is 4
leader is 0
leader is 0
leader is 0
leader is 2
leader is 2
leader is 3
leader is 1
leader is 1
leader is 1
leader is 1
leader is 4
leader is 0
leader is 2
leader is 2
leader is 4
leader is 0
leader is 3
leader is 3
leader is 1
leader is 1
  ... Passed --  30.8  5 1759  369527   89
Test (2C): unreliable agreement ...
leader is 1
  ... Passed --   3.9  5 1148  377167  246
Test (2C): Figure 8 (unreliable) ...
leader is 2
leader is 0
leader is 1
leader is 4
leader is 3
leader is 3
leader is 2
2024/06/21 08:13:50 2: log map[1:7007 2:4498 3:763 4:9724 5:7590 6:2587 7:9715 8:26 9:8272 10:8501 11:2812 12:9559 13:4711 14:9840 15:2643 16:7911]; server map[1:7007 2:4498 3:763 4:9724 5:7590 6:2587 7:9715 8:26 9:8272 10:8501 11:2812 12:9559 13:4711 14:9840 15:2643 16:7911 17:1812 18:4179]
2024/06/21 08:13:50 2: log map[1:7007 2:4498 3:763 4:9724 5:7590 6:2587 7:9715 8:26 9:8272 10:8501 11:2812 12:9559 13:4711 14:9840 15:2643 16:7911]; server map[1:7007 2:4498 3:763 4:9724 5:7590 6:2587 7:9715 8:26 9:8272 10:8501 11:2812 12:9559 13:4711 14:9840 15:2643 16:7911 17:1812 18:4179]
2024/06/21 08:13:50 apply error: commit index=17 server=2 1066 != server=4 1812
exit status 1
FAIL	6.5840/raft	80.414s
