Test (2C): basic persistence ...
leader is 1
leader is 1
leader is 1
leader is 0
leader is 0
  ... Passed --   5.7  3  134   33956    7
Test (2C): more persistence ...
leader is 4
leader is 2
leader is 0
leader is 3
leader is 1
leader is 4
  ... Passed --  16.6  5 1204  260648   16
Test (2C): partitioned leader and one follower crash, leader restarts ...
leader is 0
leader is 0
  ... Passed --   1.5  3   42   10046    4
Test (2C): Figure 8 ...
leader is 2
leader is 3
leader is 4
leader is 4
leader is 1
leader is 2
leader is 3
leader is 3
leader is 0
leader is 2
leader is 1
leader is 0
leader is 0
leader is 0
leader is 4
leader is 3
leader is 1
leader is 2
leader is 4
leader is 0
leader is 1
leader is 1
leader is 1
leader is 2
leader is 2
leader is 2
leader is 2
leader is 4
leader is 4
leader is 4
leader is 3
leader is 3
leader is 0
leader is 0
leader is 1
leader is 4
leader is 0
leader is 3
leader is 1
leader is 4
leader is 2
leader is 1
leader is 4
leader is 4
leader is 4
leader is 3
leader is 3
leader is 0
leader is 0
leader is 0
leader is 2
leader is 4
leader is 0
leader is 0
leader is 0
leader is 0
leader is 1
leader is 2
leader is 2
leader is 0
leader is 0
leader is 1
leader is 3
leader is 3
leader is 2
leader is 0
leader is 0
leader is 4
leader is 4
leader is 3
leader is 1
leader is 0
leader is 4
leader is 1
leader is 0
leader is 3
leader is 2
leader is 2
  ... Passed --  28.8  5 1656  349113   77
Test (2C): unreliable agreement ...
leader is 3
  ... Passed --   4.0  5 1149  373953  246
Test (2C): Figure 8 (unreliable) ...
leader is 1
leader is 3
leader is 2
leader is 4
leader is 0
leader is 3
leader is 2
leader is 1
leader is 1
leader is 3
leader is 2
leader is 2
leader is 1
leader is 4
leader is 3
  ... Passed --  36.9  5 10744 31433033   54
Test (2C): churn ...
leader is 1
leader is 2
leader is 0
leader is 4
  ... Passed --  16.3  5 2479 2252542  410
Test (2C): unreliable churn ...
leader is 0
leader is 1
2024/06/21 08:37:50 1: log map[1:3365819448303368935 2:7850044459562876392 3:3225623930784575800 4:2861884881924764532 5:4119596458993346713 6:3769049742433926017 7:2224468944967662234 8:8989358364116934870 9:4596818313806402641 10:823731861894815645 11:3317497992296601065 12:7264593538184867903 13:1656466686616794044 14:41480384880177443 15:1705754135858961172 16:2446503062632083405 17:4098133034374731031 18:4453641306890496619 19:177899490824501326 20:5552658302062141767 21:6268406350342168884 22:1478590311543442951 23:5590143315347717685 24:2423747338165706360 25:245654896134229431 26:4518780064507263617 27:3776047723196427116 28:4583584650711134641 29:1577016446965060845 30:5460619363026511659 31:4642653023506720454 32:7956785268747435284 33:5173004377366944993 34:1849785505492494828 35:3850298230694148545 36:4438220089714762315 37:6640905322016672112 38:4841422574081906702 39:1480366804650188740 40:3234149021575019508 41:1753477080064195104 42:2259080322834528204 43:8826347472630344008 44:5180971299215670613 45:8498141328882348463 46:602215342434158118 47:1221696985788760810 48:8688631696420670677 49:3884251689274820211 50:4977349664500396364 51:5249545671657387400 52:8635103731610274652 53:3280209931795013151 54:8620380406566431729 55:6655933322340188534 56:615179400489704080 57:8357494904040759788 58:3379359473144881463 59:110460243012041707 60:6696183738845341853 61:1958477110193538807 62:4774309399833183641 63:335717187815538723 64:7593180144650998992 65:3735978739508257308 66:98626130194709790 67:5607802444649998453]; server map[1:3365819448303368935 2:7850044459562876392 3:3225623930784575800 4:2861884881924764532 5:4119596458993346713 6:3769049742433926017 7:2224468944967662234 8:8989358364116934870 9:4596818313806402641 10:823731861894815645 11:3317497992296601065 12:7264593538184867903 13:1656466686616794044 14:41480384880177443 15:1705754135858961172 16:2446503062632083405 17:4098133034374731031 18:4453641306890496619 19:177899490824501326 20:5552658302062141767 21:6268406350342168884 22:1478590311543442951 23:5590143315347717685 24:2423747338165706360 25:245654896134229431 26:4518780064507263617 27:3776047723196427116 28:4583584650711134641 29:1577016446965060845 30:5460619363026511659 31:4642653023506720454 32:7956785268747435284 33:5173004377366944993 34:1849785505492494828 35:3850298230694148545 36:4438220089714762315 37:6640905322016672112 38:4841422574081906702 39:1480366804650188740 40:3234149021575019508 41:1753477080064195104 42:2259080322834528204 43:8826347472630344008 44:5180971299215670613 45:8498141328882348463 46:602215342434158118 47:1221696985788760810 48:8688631696420670677 49:3884251689274820211 50:4977349664500396364 51:5249545671657387400 52:8635103731610274652 53:3280209931795013151 54:8620380406566431729 55:6655933322340188534 56:615179400489704080 57:8357494904040759788 58:3379359473144881463 59:110460243012041707 60:6696183738845341853 61:1958477110193538807 62:4774309399833183641 63:335717187815538723 64:7593180144650998992 65:3735978739508257308 66:98626130194709790 67:5607802444649998453 68:8326524743943667129]
2024/06/21 08:37:50 apply error: commit index=68 server=1 8075086351759776265 != server=0 8326524743943667129
exit status 1
FAIL	6.5840/raft	112.329s
