Test (2C): basic persistence ...
leader is 1
leader is 1
leader is 1
leader is 2
leader is 1
  ... Passed --   5.6  3  132   33560    6
Test (2C): more persistence ...
leader is 4
leader is 2
leader is 0
leader is 3
leader is 1
leader is 4
  ... Passed --  16.2  5 1116  234990   16
Test (2C): partitioned leader and one follower crash, leader restarts ...
leader is 2
leader is 2
  ... Passed --   1.5  3   42   10110    4
Test (2C): Figure 8 ...
leader is 0
leader is 2
leader is 1
leader is 3
leader is 4
leader is 4
leader is 2
leader is 0
leader is 0
leader is 4
leader is 2
leader is 3
leader is 3
leader is 0
leader is 1
leader is 1
leader is 4
leader is 0
leader is 2
leader is 2
leader is 3
leader is 4
leader is 1
leader is 0
leader is 2
leader is 3
leader is 3
leader is 4
leader is 4
leader is 0
leader is 0
leader is 2
leader is 1
leader is 1
leader is 3
leader is 4
leader is 0
leader is 0
leader is 0
leader is 1
leader is 4
leader is 3
leader is 3
leader is 3
leader is 2
leader is 2
leader is 0
leader is 0
leader is 1
leader is 3
leader is 4
leader is 0
leader is 2
leader is 3
leader is 1
leader is 4
leader is 4
leader is 0
leader is 2
leader is 2
leader is 2
leader is 1
leader is 3
leader is 4
leader is 4
  ... Passed --  25.6  5 1456  307311   62
Test (2C): unreliable agreement ...
leader is 3
  ... Passed --   4.5  5 1160  376799  246
Test (2C): Figure 8 (unreliable) ...
leader is 2
leader is 4
leader is 1
leader is 0
leader is 4
leader is 3
leader is 1
leader is 2
2024/06/21 08:22:08 2: log map[1:6618 2:3966 3:8895 4:7612 5:4612 6:5654 7:5921 8:6702 9:4680 10:9095 11:6486 12:8381 13:5683 14:8808 15:4135 16:8347 17:3375 18:1001 19:9862 20:6216 21:2638 22:5425 23:2461 24:1411 25:9078 26:9765 27:4031]; server map[1:6618 2:3966 3:8895 4:7612 5:4612 6:5654 7:5921 8:6702 9:4680 10:9095 11:6486 12:8381 13:5683 14:8808 15:4135 16:8347 17:3375 18:1001 19:9862 20:6216 21:2638 22:5425 23:2461 24:1411 25:9078 26:9765 27:4031 28:623]
2024/06/21 08:22:08 apply error: commit index=28 server=2 2061 != server=3 623
exit status 1
FAIL	6.5840/raft	60.537s
