Test (2C): basic persistence ...
leader is 0
leader is 1
leader is 2
leader is 2
leader is 1
leader is 0
  ... Passed --   5.3  3  138   35278    7
Test (2C): more persistence ...
leader is 4
leader is 2
leader is 0
leader is 3
leader is 1
leader is 4
  ... Passed --  16.5  5 1104  237700   16
Test (2C): partitioned leader and one follower crash, leader restarts ...
leader is 1
leader is 1
  ... Passed --   1.5  3   42   10114    4
Test (2C): Figure 8 ...
leader is 4
leader is 3
leader is 2
leader is 0
leader is 0
leader is 0
leader is 0
leader is 1
leader is 3
leader is 0
leader is 2
leader is 4
leader is 4
leader is 3
leader is 0
leader is 1
leader is 3
leader is 3
leader is 4
leader is 4
leader is 0
leader is 1
leader is 1
leader is 1
leader is 3
leader is 3
leader is 0
leader is 3
leader is 4
leader is 4
leader is 2
leader is 1
leader is 1
leader is 4
leader is 0
leader is 3
leader is 3
leader is 1
leader is 1
leader is 4
leader is 3
leader is 2
leader is 1
leader is 3
leader is 2
leader is 4
leader is 4
leader is 1
leader is 2
leader is 0
leader is 4
leader is 4
leader is 4
leader is 4
leader is 1
leader is 0
leader is 3
leader is 3
leader is 3
leader is 2
leader is 1
leader is 1
leader is 0
leader is 4
leader is 4
leader is 2
leader is 3
leader is 0
leader is 0
leader is 0
leader is 1
leader is 4
leader is 3
leader is 0
leader is 0
leader is 2
leader is 2
leader is 2
leader is 4
leader is 4
leader is 1
leader is 3
leader is 3
leader is 0
leader is 0
  ... Passed --  30.7  5 1815  382424   79
Test (2C): unreliable agreement ...
leader is 2
  ... Passed --   3.8  5 1132  373667  246
Test (2C): Figure 8 (unreliable) ...
leader is 0
leader is 4
leader is 2
2024/06/21 08:36:15 1: log map[1:820 2:4578]; server map[1:820 2:4578 3:2897]
2024/06/21 08:36:15 apply error: commit index=3 server=1 136 != server=0 2897
exit status 1
FAIL	6.5840/raft	59.826s
