Test (2C): basic persistence ...
leader is 1
leader is 2
leader is 2
leader is 1
leader is 1
  ... Passed --   5.7  3  132   33642    7
Test (2C): more persistence ...
leader is 0
leader is 2
leader is 0
leader is 3
leader is 1
leader is 4
leader is 2
  ... Passed --  16.4  5 1039  218834   16
Test (2C): partitioned leader and one follower crash, leader restarts ...
leader is 1
leader is 1
  ... Passed --   1.5  3   42   10114    4
Test (2C): Figure 8 ...
leader is 1
leader is 2
leader is 3
leader is 4
leader is 2
leader is 0
leader is 3
leader is 2
leader is 2
leader is 4
leader is 4
leader is 1
leader is 1
leader is 3
leader is 2
leader is 4
leader is 0
leader is 0
leader is 1
leader is 1
leader is 4
leader is 0
leader is 2
leader is 3
leader is 3
leader is 3
leader is 4
leader is 1
leader is 2
leader is 2
leader is 4
leader is 3
leader is 1
leader is 0
leader is 4
leader is 2
leader is 3
leader is 1
leader is 2
leader is 4
leader is 0
leader is 0
leader is 1
leader is 1
leader is 3
leader is 2
leader is 0
leader is 4
leader is 1
leader is 0
leader is 0
leader is 3
leader is 4
leader is 4
leader is 4
leader is 1
leader is 1
leader is 2
leader is 3
leader is 3
leader is 4
leader is 4
leader is 1
leader is 1
leader is 1
leader is 2
leader is 0
leader is 3
leader is 3
leader is 4
leader is 2
leader is 2
leader is 2
leader is 3
leader is 3
leader is 1
leader is 2
leader is 2
leader is 2
leader is 4
leader is 0
leader is 0
leader is 0
  ... Passed --  29.3  5 1723  362604   81
Test (2C): unreliable agreement ...
leader is 3
  ... Passed --   4.1  5 1151  378773  246
Test (2C): Figure 8 (unreliable) ...
leader is 3
leader is 4
leader is 1
leader is 2
leader is 3
leader is 0
leader is 4
leader is 1
leader is 3
leader is 2
leader is 3
leader is 3
leader is 0
leader is 2
leader is 0
leader is 3
leader is 1
  ... Passed --  33.9  5 10976 16706216  246
Test (2C): churn ...
leader is 4
leader is 1
leader is 3
leader is 2
  ... Passed --  16.5  5 3856 4220506  648
Test (2C): unreliable churn ...
leader is 1
leader is 0
2024/06/21 08:30:26 0: log map[1:389150806023356628 2:5902920358830671273 3:7174663601697075771 4:2316760769588390074 5:7626469001999380735 6:3281765934236686619 7:6572926267065871758 8:4387060017674424880 9:6284265195347462534 10:92964677681559382 11:6639609660582574613 12:5391227885739546382 13:8408922399002584958 14:882246409778806693 15:1081060054969118046 16:1052949059463016657 17:9057794936624803623 18:181770480894294332 19:39047592024744850 20:1439274672588897643 21:2648818324155273389 22:6937451387253422997 23:4425848092179216731 24:7303120439248973227 25:411119939130646279 26:6096189540331685054 27:2872724309213748434 28:6616467790210040644 29:7765754374865409257 30:7855653265637580226 31:8888838607458901709 32:1159925115145028821 33:7686058030641595305 34:7806777410605301812 35:6704047120634169207 36:3703741667710325273 37:5768507731923439259 38:2939686294574823200 39:292089887823240935 40:6848398061111452997 41:1059009889647436761 42:6239958239917264922 43:2233549770678036631 44:6688890764978521875 45:7272032740761330249 46:1614660610579447759 47:823101784532022861 48:4997022457118335396 49:5130353369820347551 50:7727328940172169682 51:3422216010439554825 52:4372112077766141123 53:2494255691831385673 54:4741530431516842762 55:4831719700227082003 56:2670275075231434222 57:1703433189951896249 58:692311514652231876 59:5406651807455836071 60:7305672139170905596 61:6617551408182943557 62:7522811781444883886 63:6719396493005578658 64:2061868044849982767 65:2825706811353142830 66:4560051313022286300 67:5295987460465308988 68:7581017668495906765 69:6692536265061171330 70:8001519611174488291 71:5902408846840531096 72:7141407189726978228 73:7955379790697724300 74:8444761349747605610 75:5971389738500428691 76:6380827632108081275 77:4225144778015184387 78:6403731773793075508 79:5503382308170074946 80:686881826581773388 81:2439141618854967124 82:7089501043620190090 83:4815726052629436816 84:4226318755896371232 85:6098159705989232773 86:2843114181108334565 87:8369254796821504797 88:2075405425931180735 89:6509928455595019886 90:5637129964555333452 91:5372619724046339507 92:3075247624994130762 93:1017407602774472437 94:1974048416816786399 95:538123502109121963]; server map[1:389150806023356628 2:5902920358830671273 3:7174663601697075771 4:2316760769588390074 5:7626469001999380735 6:3281765934236686619 7:6572926267065871758 8:4387060017674424880 9:6284265195347462534 10:92964677681559382 11:6639609660582574613 12:5391227885739546382 13:8408922399002584958 14:882246409778806693 15:1081060054969118046 16:1052949059463016657 17:9057794936624803623 18:181770480894294332 19:39047592024744850 20:1439274672588897643 21:2648818324155273389 22:6937451387253422997 23:4425848092179216731 24:7303120439248973227 25:411119939130646279 26:6096189540331685054 27:2872724309213748434 28:6616467790210040644 29:7765754374865409257 30:7855653265637580226 31:8888838607458901709 32:1159925115145028821 33:7686058030641595305 34:7806777410605301812 35:6704047120634169207 36:3703741667710325273 37:5768507731923439259 38:2939686294574823200 39:292089887823240935 40:6848398061111452997 41:1059009889647436761 42:6239958239917264922 43:2233549770678036631 44:6688890764978521875 45:7272032740761330249 46:1614660610579447759 47:823101784532022861 48:4997022457118335396 49:5130353369820347551 50:7727328940172169682 51:3422216010439554825 52:4372112077766141123 53:2494255691831385673 54:4741530431516842762 55:4831719700227082003 56:2670275075231434222 57:1703433189951896249 58:692311514652231876 59:5406651807455836071 60:7305672139170905596 61:6617551408182943557 62:7522811781444883886 63:6719396493005578658 64:2061868044849982767 65:2825706811353142830 66:4560051313022286300 67:5295987460465308988 68:7581017668495906765 69:6692536265061171330 70:8001519611174488291 71:5902408846840531096 72:7141407189726978228 73:7955379790697724300 74:8444761349747605610 75:5971389738500428691 76:6380827632108081275 77:4225144778015184387 78:6403731773793075508 79:5503382308170074946 80:686881826581773388 81:2439141618854967124 82:7089501043620190090 83:4815726052629436816 84:4226318755896371232 85:6098159705989232773 86:2843114181108334565 87:8369254796821504797 88:2075405425931180735 89:6509928455595019886 90:5637129964555333452 91:5372619724046339507 92:3075247624994130762 93:1017407602774472437 94:1974048416816786399 95:538123502109121963 96:8620308422058876034]
2024/06/21 08:30:26 0: log map[1:389150806023356628 2:5902920358830671273 3:7174663601697075771 4:2316760769588390074 5:7626469001999380735 6:3281765934236686619 7:6572926267065871758 8:4387060017674424880 9:6284265195347462534 10:92964677681559382 11:6639609660582574613 12:5391227885739546382 13:8408922399002584958 14:882246409778806693 15:1081060054969118046 16:1052949059463016657 17:9057794936624803623 18:181770480894294332 19:39047592024744850 20:1439274672588897643 21:2648818324155273389 22:6937451387253422997 23:4425848092179216731 24:7303120439248973227 25:411119939130646279 26:6096189540331685054 27:2872724309213748434 28:6616467790210040644 29:7765754374865409257 30:7855653265637580226 31:8888838607458901709 32:1159925115145028821 33:7686058030641595305 34:7806777410605301812 35:6704047120634169207 36:3703741667710325273 37:5768507731923439259 38:2939686294574823200 39:292089887823240935 40:6848398061111452997 41:1059009889647436761 42:6239958239917264922 43:2233549770678036631 44:6688890764978521875 45:7272032740761330249 46:1614660610579447759 47:823101784532022861 48:4997022457118335396 49:5130353369820347551 50:7727328940172169682 51:3422216010439554825 52:4372112077766141123 53:2494255691831385673 54:4741530431516842762 55:4831719700227082003 56:2670275075231434222 57:1703433189951896249 58:692311514652231876 59:5406651807455836071 60:7305672139170905596 61:6617551408182943557 62:7522811781444883886 63:6719396493005578658 64:2061868044849982767 65:2825706811353142830 66:4560051313022286300 67:5295987460465308988 68:7581017668495906765 69:6692536265061171330 70:8001519611174488291 71:5902408846840531096 72:7141407189726978228 73:7955379790697724300 74:8444761349747605610 75:5971389738500428691 76:6380827632108081275 77:4225144778015184387 78:6403731773793075508 79:5503382308170074946 80:686881826581773388 81:2439141618854967124 82:7089501043620190090 83:4815726052629436816 84:4226318755896371232 85:6098159705989232773 86:2843114181108334565 87:8369254796821504797 88:2075405425931180735 89:6509928455595019886 90:5637129964555333452 91:5372619724046339507 92:3075247624994130762 93:1017407602774472437 94:1974048416816786399 95:538123502109121963]; server map[1:389150806023356628 2:5902920358830671273 3:7174663601697075771 4:2316760769588390074 5:7626469001999380735 6:3281765934236686619 7:6572926267065871758 8:4387060017674424880 9:6284265195347462534 10:92964677681559382 11:6639609660582574613 12:5391227885739546382 13:8408922399002584958 14:882246409778806693 15:1081060054969118046 16:1052949059463016657 17:9057794936624803623 18:181770480894294332 19:39047592024744850 20:1439274672588897643 21:2648818324155273389 22:6937451387253422997 23:4425848092179216731 24:7303120439248973227 25:411119939130646279 26:6096189540331685054 27:2872724309213748434 28:6616467790210040644 29:7765754374865409257 30:7855653265637580226 31:8888838607458901709 32:1159925115145028821 33:7686058030641595305 34:7806777410605301812 35:6704047120634169207 36:3703741667710325273 37:5768507731923439259 38:2939686294574823200 39:292089887823240935 40:6848398061111452997 41:1059009889647436761 42:6239958239917264922 43:2233549770678036631 44:6688890764978521875 45:7272032740761330249 46:1614660610579447759 47:823101784532022861 48:4997022457118335396 49:5130353369820347551 50:7727328940172169682 51:3422216010439554825 52:4372112077766141123 53:2494255691831385673 54:4741530431516842762 55:4831719700227082003 56:2670275075231434222 57:1703433189951896249 58:692311514652231876 59:5406651807455836071 60:7305672139170905596 61:6617551408182943557 62:7522811781444883886 63:6719396493005578658 64:2061868044849982767 65:2825706811353142830 66:4560051313022286300 67:5295987460465308988 68:7581017668495906765 69:6692536265061171330 70:8001519611174488291 71:5902408846840531096 72:7141407189726978228 73:7955379790697724300 74:8444761349747605610 75:5971389738500428691 76:6380827632108081275 77:4225144778015184387 78:6403731773793075508 79:5503382308170074946 80:686881826581773388 81:2439141618854967124 82:7089501043620190090 83:4815726052629436816 84:4226318755896371232 85:6098159705989232773 86:2843114181108334565 87:8369254796821504797 88:2075405425931180735 89:6509928455595019886 90:5637129964555333452 91:5372619724046339507 92:3075247624994130762 93:1017407602774472437 94:1974048416816786399 95:538123502109121963 96:8620308422058876034]
2024/06/21 08:30:26 apply error: commit index=96 server=0 87708816975275425 != server=3 8620308422058876034
exit status 1
FAIL	6.5840/raft	110.413s
