Test (2C): basic persistence ...
leader is 0
leader is 2
leader is 0
leader is 0
leader is 1
leader is 0
  ... Passed --   5.3  3  136   34400    7
Test (2C): more persistence ...
leader is 4
leader is 2
leader is 0
leader is 3
leader is 1
leader is 4
  ... Passed --  16.4  5 1197  259666   16
Test (2C): partitioned leader and one follower crash, leader restarts ...
leader is 2
leader is 2
  ... Passed --   1.5  3   42   10110    4
Test (2C): Figure 8 ...
leader is 4
leader is 3
leader is 2
leader is 1
leader is 1
leader is 0
leader is 0
leader is 2
leader is 2
leader is 4
leader is 3
leader is 0
leader is 2
leader is 1
leader is 0
leader is 4
leader is 3
leader is 0
leader is 0
leader is 2
leader is 4
leader is 4
leader is 3
leader is 3
leader is 0
leader is 4
leader is 3
leader is 4
leader is 1
leader is 1
leader is 2
leader is 3
leader is 4
leader is 1
leader is 3
leader is 3
leader is 2
leader is 2
leader is 4
leader is 0
leader is 1
leader is 1
leader is 3
leader is 4
leader is 1
leader is 0
leader is 3
leader is 4
leader is 2
leader is 0
leader is 0
leader is 4
leader is 1
leader is 1
leader is 1
leader is 3
leader is 3
leader is 3
leader is 3
leader is 2
leader is 4
leader is 3
leader is 0
leader is 1
leader is 2
leader is 4
  ... Passed --  26.7  5 1461  307526   64
Test (2C): unreliable agreement ...
leader is 3
  ... Passed --   3.8  5 1144  375676  246
Test (2C): Figure 8 (unreliable) ...
leader is 2
leader is 3
leader is 4
leader is 0
2024/06/21 08:16:20 0: log map[1:246 2:5885 3:369]; server map[1:246 2:5885 3:369 4:1841 5:3641]
2024/06/21 08:16:20 apply error: commit index=4 server=0 4871 != server=3 1841
exit status 1
FAIL	6.5840/raft	56.846s
