Test (2C): basic persistence ...
leader is 1
leader is 0
leader is 0
leader is 1
leader is 0
  ... Passed --   5.9  3  140   35088    6
Test (2C): more persistence ...
leader is 3
leader is 1
leader is 4
leader is 2
leader is 0
leader is 3
  ... Passed --  16.7  5 1028  215358   16
Test (2C): partitioned leader and one follower crash, leader restarts ...
leader is 0
leader is 0
  ... Passed --   1.0  3   38    9416    4
Test (2C): Figure 8 ...
leader is 4
leader is 0
leader is 2
leader is 3
leader is 1
leader is 2
leader is 4
leader is 0
leader is 3
leader is 3
leader is 4
leader is 1
leader is 1
leader is 2
leader is 3
leader is 4
leader is 1
leader is 1
leader is 0
leader is 0
leader is 1
leader is 4
leader is 3
leader is 3
leader is 1
leader is 2
leader is 4
leader is 0
leader is 0
leader is 2
leader is 2
leader is 3
leader is 3
leader is 3
leader is 3
leader is 1
leader is 4
leader is 4
leader is 3
leader is 2
leader is 2
leader is 2
leader is 0
leader is 4
leader is 2
leader is 0
leader is 0
leader is 0
leader is 1
leader is 4
leader is 3
leader is 0
leader is 4
leader is 4
leader is 4
leader is 4
leader is 3
leader is 0
leader is 0
leader is 1
leader is 2
leader is 3
leader is 4
leader is 4
leader is 0
leader is 1
leader is 1
leader is 3
leader is 0
leader is 1
leader is 2
leader is 4
leader is 3
leader is 0
leader is 1
leader is 4
leader is 3
leader is 3
leader is 2
leader is 2
leader is 1
leader is 3
leader is 3
leader is 4
leader is 0
leader is 0
leader is 3
leader is 3
leader is 3
leader is 1
leader is 4
leader is 2
leader is 0
leader is 0
  ... Passed --  35.2  5 1970  412595   91
Test (2C): unreliable agreement ...
leader is 1
  ... Passed --   3.7  5 1135  372481  246
Test (2C): Figure 8 (unreliable) ...
leader is 0
leader is 4
leader is 1
leader is 3
leader is 0
leader is 4
leader is 2
leader is 0
leader is 0
leader is 1
leader is 2
leader is 2
leader is 0
leader is 4
leader is 1
leader is 4
2024/06/21 08:33:01 4: log map[1:5601 2:2825 3:5876 4:2284 5:8452 6:4142 7:7439 8:5687 9:1530 10:5451 11:8075 12:7536 13:3410 14:3336 15:6252 16:4859 17:353 18:4225 19:1202 20:6720 21:2508 22:3746 23:9530 24:4538 25:4878 26:7550 27:4534 28:6782 29:1550 30:5444 31:2242 32:515 33:2513 34:4140 35:5035 36:1356 37:5970 38:2633 39:650 40:9377 41:5140 42:6957 43:9168 44:895 45:1380 46:8791 47:7247 48:6912 49:1841 50:7 51:9151 52:3672 53:8488 54:5974 55:5698 56:5776 57:869 58:4570 59:8548 60:5519 61:4263 62:6781 63:549 64:364 65:9392 66:4261 67:6538 68:8406 69:9401 70:8233 71:7920 72:8656 73:4411 74:9755 75:5458 76:1522 77:7171 78:4441 79:8335 80:6457 81:2812 82:3581 83:5783 84:476 85:8719 86:2491 87:6016 88:3352 89:7986 90:3956 91:4094 92:2975 93:7245 94:6552 95:5779 96:7936 97:8427 98:1902 99:1724 100:4134 101:7117 102:5227 103:1377 104:9955 105:3978 106:6466 107:2729 108:489 109:5874 110:1849 111:1389 112:7573 113:4469 114:5158 115:9800 116:9235 117:7179 118:5788 119:9389 120:4136 121:8658 122:603 123:9369 124:8237 125:2500 126:7583 127:3606 128:8081 129:3010 130:2656 131:1751 132:5189 133:5197 134:2126 135:2949 136:8008 137:1373 138:7486 139:5263 140:8801 141:41 142:591 143:9611 144:3462 145:9125 146:9044 147:8190 148:6674 149:2735 150:8176 151:2499 152:8204 153:2610 154:1481 155:5575 156:4671 157:5234 158:27 159:4648 160:5038 161:161 162:976 163:7300 164:8411 165:1992 166:3239 167:4679 168:6082 169:5240 170:8549 171:3715 172:4018 173:2773 174:1566 175:2044 176:8369 177:3003 178:7919 179:4387 180:7522 181:939 182:8294 183:2008 184:4688 185:8013 186:8673 187:8842 188:1178 189:2459 190:6889 191:3574 192:7541 193:1426 194:6666 195:4568 196:4021 197:2893 198:4361 199:6697 200:1339 201:9837]; server map[1:5601 2:2825 3:5876 4:2284 5:8452 6:4142 7:7439 8:5687 9:1530 10:5451 11:8075 12:7536 13:3410 14:3336 15:6252 16:4859 17:353 18:4225 19:1202 20:6720 21:2508 22:3746 23:9530 24:4538 25:4878 26:7550 27:4534 28:6782 29:1550 30:5444 31:2242 32:515 33:2513 34:4140 35:5035 36:1356 37:5970 38:2633 39:650 40:9377 41:5140 42:6957 43:9168 44:895 45:1380 46:8791 47:7247 48:6912 49:1841 50:7 51:9151 52:3672 53:8488 54:5974 55:5698 56:5776 57:869 58:4570 59:8548 60:5519 61:4263 62:6781 63:549 64:364 65:9392 66:4261 67:6538 68:8406 69:9401 70:8233 71:7920 72:8656 73:4411 74:9755 75:5458 76:1522 77:7171 78:4441 79:8335 80:6457 81:2812 82:3581 83:5783 84:476 85:8719 86:2491 87:6016 88:3352 89:7986 90:3956 91:4094 92:2975 93:7245 94:6552 95:5779 96:7936 97:8427 98:1902 99:1724 100:4134 101:7117 102:5227 103:1377 104:9955 105:3978 106:6466 107:2729 108:489 109:5874 110:1849 111:1389 112:7573 113:4469 114:5158 115:9800 116:9235 117:7179 118:5788 119:9389 120:4136 121:8658 122:603 123:9369 124:8237 125:2500 126:7583 127:3606 128:8081 129:3010 130:2656 131:1751 132:5189 133:5197 134:2126 135:2949 136:8008 137:1373 138:7486 139:5263 140:8801 141:41 142:591 143:9611 144:3462 145:9125 146:9044 147:8190 148:6674 149:2735 150:8176 151:2499 152:8204 153:2610 154:1481 155:5575 156:4671 157:5234 158:27 159:4648 160:5038 161:161 162:976 163:7300 164:8411 165:1992 166:3239 167:4679 168:6082 169:5240 170:8549 171:3715 172:4018 173:2773 174:1566 175:2044 176:8369 177:3003 178:7919 179:4387 180:7522 181:939 182:8294 183:2008 184:4688 185:8013 186:8673 187:8842 188:1178 189:2459 190:6889 191:3574 192:7541 193:1426 194:6666 195:4568 196:4021 197:2893 198:4361 199:6697 200:1339 201:9837 202:7297]
2024/06/21 08:33:01 apply error: commit index=202 server=4 7222 != server=2 7297
exit status 1
FAIL	6.5840/raft	99.189s
