Test (2C): basic persistence ...
leader is 1
leader is 1
leader is 1
leader is 0
leader is 0
  ... Passed --   5.6  3  132   33152    7
Test (2C): more persistence ...
leader is 3
leader is 1
leader is 4
leader is 2
leader is 0
leader is 3
  ... Passed --  16.7  5 1220  263322   16
Test (2C): partitioned leader and one follower crash, leader restarts ...
leader is 1
leader is 1
  ... Passed --   1.5  3   44   10620    4
Test (2C): Figure 8 ...
leader is 4
leader is 2
leader is 1
leader is 1
leader is 3
leader is 3
leader is 2
leader is 4
leader is 1
leader is 0
leader is 0
leader is 0
leader is 2
leader is 2
leader is 4
leader is 3
leader is 1
leader is 1
leader is 1
leader is 1
leader is 1
leader is 4
leader is 3
leader is 3
leader is 2
leader is 0
leader is 4
leader is 1
leader is 1
leader is 1
leader is 2
leader is 0
leader is 0
leader is 1
leader is 1
leader is 1
leader is 4
leader is 4
leader is 0
leader is 2
leader is 4
leader is 3
leader is 2
leader is 2
leader is 1
leader is 4
leader is 0
leader is 2
leader is 2
leader is 2
leader is 2
leader is 4
leader is 4
leader is 0
leader is 2
leader is 2
leader is 2
leader is 4
leader is 4
leader is 1
leader is 3
leader is 2
leader is 2
leader is 2
leader is 4
leader is 0
leader is 2
leader is 3
leader is 4
leader is 4
leader is 1
leader is 0
leader is 3
leader is 1
leader is 1
leader is 1
leader is 1
leader is 4
leader is 2
leader is 3
leader is 3
leader is 3
leader is 3
leader is 3
leader is 1
leader is 0
leader is 4
leader is 4
leader is 4
leader is 4
leader is 2
leader is 3
leader is 4
leader is 1
leader is 1
  ... Passed --  32.4  5 1996  425323   94
Test (2C): unreliable agreement ...
leader is 1
  ... Passed --   3.8  5 1138  375540  246
Test (2C): Figure 8 (unreliable) ...
leader is 4
leader is 1
leader is 0
leader is 3
leader is 1
leader is 2
leader is 4
leader is 1
leader is 3
leader is 0
leader is 2
leader is 3
leader is 3
leader is 3
leader is 4
leader is 2
leader is 0
leader is 1
leader is 1
  ... Passed --  38.0  5 10064 13819218  192
Test (2C): churn ...
leader is 4
leader is 1
leader is 1
leader is 3
  ... Passed --  16.2  5 4408 4081043  837
Test (2C): unreliable churn ...
leader is 3
leader is 4
leader is 0
2024/06/21 08:39:55 0: log map[1:8901130663190789413 2:5620199470415253839 3:6558267472263296360 4:2708237658181974691 5:4509327625134031869 6:4979061335313110954 7:8758728305941505103 8:1478002991150761290 9:6461000513617341285 10:7621655113010168375 11:7554487478165828196 12:4222892098267012293 13:2606390854908102897 14:4515069931498323898 15:2322985536533637509 16:2097058750238394737 17:1007588932174170718 18:8422992390520170787 19:4523391593805184079 20:1829615441986456463 21:5775381931931539439 22:297140488062313826 23:4230977720418870534 24:4906955707848493527 25:7617414714624462734 26:6254479613383014584 27:2749764400592570731 28:5305303128097935657 29:3325272968542910853 30:3827375601945147536 31:6410621764328047135 32:6816932188025022964 33:5027675665936579781 34:4961462371310900138 35:4660581357285121963 36:8780320283575918517 37:7992715899452213341 38:7606295813437584820 39:3233220163086552156 40:7055186925440025809 41:8128597755682213958 42:6533548802861666078 43:5425522134532049020 44:3149719124154158024 45:8862102803855520587 46:7325447659774069570 47:8930771224126951413 48:503061772072449749 49:3127926413041732840 50:4166521216554913307 51:1487953423458738323 52:5827800536950292944 53:8710625297219012575 54:3863275439783841771 55:307802880407909146 56:1364632248536888793 57:4503951618207348384 58:3800673883453057318 59:6003398973699818895 60:3223568067899982108 61:655431367835328532 62:3128512843829796229 63:3167334320933125248 64:140087226348670998 65:1741144772787692378 66:4485643777180045511 67:8373144526401075028 68:4181840263001056746 69:8306523780531518058 70:2308225256468770817 71:1392173537304840450 72:4332849479329653791 73:6511176284873356820 74:2659600304602549810 75:9115477113266195780 76:4378407195599908182 77:6928449887840603006 78:9109756033382719453 79:401883151216168964 80:7899089820877242700 81:2540792213120392370 82:6861333898700349243 83:4791473491485934770 84:5102408909122648495 85:7442832920566678341 86:1184386223627948246 87:7873323852340674265 88:5904190520230696845 89:7935220162736922858 90:2628745140778600824 91:5465206119922762118 92:6883248235512537542 93:5103529647807271996 94:8140132549760394947 95:4971988672114904660 96:7738229012473517593 97:4285250064154936713 98:1330898017484140217 99:2120669791026320564 100:5658658048193451771 101:732375909785429606 102:3435649399882490959 103:452165883508790499 104:6531039810961618186 105:1996052366423342745 106:6574791956301916019 107:7111358116412289982 108:7403916071354347107 109:9120071478665589549 110:2128260022168970138 111:3716621446211769123 112:7351800321405750245 113:1095502497724815945 114:2117358580266871644 115:7909806286575737282 116:7640506642305831978 117:8225640724660908194 118:8912584797147694788 119:4693566499484580427 120:2156954031432496526 121:6808564972464969870 122:4884895594901624775 123:1522395318380297282 124:5413068554674308292 125:2291333779340884954 126:785176687958145137 127:1891033458652257707 128:1578881719967063116 129:2576237018825293797 130:8009013387962606190 131:4704087455487387004 132:2739078082823248808 133:7644380800156979580 134:8128455978199401025 135:4567895001538149943 136:7729885903999525432 137:374935507551475811 138:9080842641089069053 139:4213959270949118939 140:496129156914558658 141:4516626720163176242 142:676085736747734765 143:1461363891709743567 144:912140774084541853 145:3208036859763151808 146:1859932034581746969 147:8156291958732886678 148:4425545394845118637 149:2576500208653582835 150:880789685732073111 151:7904102286644603084 152:5621078652075010838 153:8442897874528630488 154:4255177507505274331 155:1893648566441734705 156:7458876766953038251 157:4422912234206654537 158:4150051891360938308 159:533863995684520148 160:1048538989117762714 161:6964638173327760605 162:4326786066666146201 163:7217076533222681842 164:498543561241511781 165:3834392904648601068 166:261487260283376467 167:8509416050774795331 168:5346754807573937101 169:6852378504929532061 170:7287928308463211130 171:5853674428013953819 172:3313931409041061318 173:1066023433492128728 174:7571928123953218271 175:6269485148297668326 176:7305093508758632933 177:6061493361466473988 178:5012213746064264762 179:416386586911322518 180:7988168470629392059 181:3626441488708999067 182:4041189215928042196 183:5671834882645989400 184:1204684852015505910 185:6184743363444262863 186:1890182551714137898 187:4304594900397829655 188:2120075053730051605 189:486754270234448083 190:1067192369347537717 191:3199948904600785473 192:4038293019775411046 193:8927537981609071460 194:5077450768688304396 195:6430000713912925794 196:6610134296383309351 197:5503940645823780613 198:7776505346276606212 199:1126144433006725887 200:1227677168079605480 201:3304920525954492937 202:5672519811718727324 203:1289020526359952807 204:1604886481420358905 205:395323683392771970 206:967816313100151724 207:7018497171190301485 208:2458359383665513046 209:7935578640605721163 210:3589055954763752563 211:2561054623456359194 212:8681422713704191674 213:4616856372072121287 214:2620370626535167311 215:4995486494703730127 216:1229750358091394605 217:3562930937375609669 218:4127492000323293134 219:6213172661987501886 220:4120570062454523749 221:4850091669234530010 222:952399288245140637 223:4361167695679525257 224:883941886621235775 225:1099205500827091774 226:1644612646949580337 227:7617801979885518322 228:2466046175293235267 229:3602623844704055792 230:8593619629507493125 231:1618613691423037853 232:7188618691552966544 233:4206154573626201470 234:6450801480458359983 235:2382835369148048170 236:3686938449995328046 237:271697964841700279 238:2651722355756892403 239:6285105787269430804 240:1157536263993237447 241:5741313427587376022 242:8639282640938969257 243:4943877122697383327 244:1388947655253902307 245:3124138998006407054 246:1652170394586339013 247:458959090995187029 248:114014014844493456 249:221995575215783822 250:3913415099849990120 251:4675893687047234002 252:1346744174004033342 253:8352593281453504867 254:4488545782792420922 255:7140996510988855836 256:3637393299888008333 257:2715155519734346061 258:1065631255423714539 259:3438062620855612215 260:2332512848212638348 261:2636443910468790395 262:4798073677534707044 263:1393968260330689353 264:2889698729058640682 265:1026375720230936707 266:6289187964556634590 267:212479526109170261 268:530278043023567608 269:2138071002873993825 270:628845025601146995 271:4387680590117664934 272:7512223276165602938 273:1969717307242969334 274:5529559899735977590 275:4115955069583938523 276:2838181640399760318 277:5095477893006449159 278:6923192989405886854 279:1010396800287920259 280:7732552272175540143 281:8196582089242234998 282:8915070963484766021 283:8033977595506611919 284:7470552478037517589 285:2158352114161288864 286:8896161820276181021 287:5598219711089491770 288:8760684991013377623 289:2353841103091403165 290:2147721503241734486 291:6254768496688273416 292:2107288602389930102 293:7648285019982644316 294:2205586267921200430 295:6343054460402354891 296:7481141380363627764 297:1858961970957884510 298:5513532656149561229 299:1467891425194367764 300:9014532060070100336 301:2701157995807592953 302:5028700845310935649 303:5761060027143583073 304:373889406986307987 305:8359136419784392977 306:2310107755364050678 307:1099513894039204580 308:2505894528102950341 309:1936193700998328518 310:5814904916467734755 311:3131109322964610481 312:6271612969944656164 313:4442185099657093238 314:8020219808168798149 315:5470515473691396142 316:8582540594175696965 317:1437770209984472781 318:7047186859754218281 319:4654478696226303051 320:8944206517139403207 321:9183812077696651537 322:5716176748351410461 323:224858114249629567 324:5278569887095236296 325:6702369037782567267 326:6154830296146714285 327:5195694085309554902 328:2439759854761413313 329:4914170044106969226 330:5009512110749907724]; server map[1:8901130663190789413 2:5620199470415253839 3:6558267472263296360 4:2708237658181974691 5:4509327625134031869 6:4979061335313110954 7:8758728305941505103 8:1478002991150761290 9:6461000513617341285 10:7621655113010168375 11:7554487478165828196 12:4222892098267012293 13:2606390854908102897 14:4515069931498323898 15:2322985536533637509 16:2097058750238394737 17:1007588932174170718 18:8422992390520170787 19:4523391593805184079 20:1829615441986456463 21:5775381931931539439 22:297140488062313826 23:4230977720418870534 24:4906955707848493527 25:7617414714624462734 26:6254479613383014584 27:2749764400592570731 28:5305303128097935657 29:3325272968542910853 30:3827375601945147536 31:6410621764328047135 32:6816932188025022964 33:5027675665936579781 34:4961462371310900138 35:4660581357285121963 36:8780320283575918517 37:7992715899452213341 38:7606295813437584820 39:3233220163086552156 40:7055186925440025809 41:8128597755682213958 42:6533548802861666078 43:5425522134532049020 44:3149719124154158024 45:8862102803855520587 46:7325447659774069570 47:8930771224126951413 48:503061772072449749 49:3127926413041732840 50:4166521216554913307 51:1487953423458738323 52:5827800536950292944 53:8710625297219012575 54:3863275439783841771 55:307802880407909146 56:1364632248536888793 57:4503951618207348384 58:3800673883453057318 59:6003398973699818895 60:3223568067899982108 61:655431367835328532 62:3128512843829796229 63:3167334320933125248 64:140087226348670998 65:1741144772787692378 66:4485643777180045511 67:8373144526401075028 68:4181840263001056746 69:8306523780531518058 70:2308225256468770817 71:1392173537304840450 72:4332849479329653791 73:6511176284873356820 74:2659600304602549810 75:9115477113266195780 76:4378407195599908182 77:6928449887840603006 78:9109756033382719453 79:401883151216168964 80:7899089820877242700 81:2540792213120392370 82:6861333898700349243 83:4791473491485934770 84:5102408909122648495 85:7442832920566678341 86:1184386223627948246 87:7873323852340674265 88:5904190520230696845 89:7935220162736922858 90:2628745140778600824 91:5465206119922762118 92:6883248235512537542 93:5103529647807271996 94:8140132549760394947 95:4971988672114904660 96:7738229012473517593 97:4285250064154936713 98:1330898017484140217 99:2120669791026320564 100:5658658048193451771 101:732375909785429606 102:3435649399882490959 103:452165883508790499 104:6531039810961618186 105:1996052366423342745 106:6574791956301916019 107:7111358116412289982 108:7403916071354347107 109:9120071478665589549 110:2128260022168970138 111:3716621446211769123 112:7351800321405750245 113:1095502497724815945 114:2117358580266871644 115:7909806286575737282 116:7640506642305831978 117:8225640724660908194 118:8912584797147694788 119:4693566499484580427 120:2156954031432496526 121:6808564972464969870 122:4884895594901624775 123:1522395318380297282 124:5413068554674308292 125:2291333779340884954 126:785176687958145137 127:1891033458652257707 128:1578881719967063116 129:2576237018825293797 130:8009013387962606190 131:4704087455487387004 132:2739078082823248808 133:7644380800156979580 134:8128455978199401025 135:4567895001538149943 136:7729885903999525432 137:374935507551475811 138:9080842641089069053 139:4213959270949118939 140:496129156914558658 141:4516626720163176242 142:676085736747734765 143:1461363891709743567 144:912140774084541853 145:3208036859763151808 146:1859932034581746969 147:8156291958732886678 148:4425545394845118637 149:2576500208653582835 150:880789685732073111 151:7904102286644603084 152:5621078652075010838 153:8442897874528630488 154:4255177507505274331 155:1893648566441734705 156:7458876766953038251 157:4422912234206654537 158:4150051891360938308 159:533863995684520148 160:1048538989117762714 161:6964638173327760605 162:4326786066666146201 163:7217076533222681842 164:498543561241511781 165:3834392904648601068 166:261487260283376467 167:8509416050774795331 168:5346754807573937101 169:6852378504929532061 170:7287928308463211130 171:5853674428013953819 172:3313931409041061318 173:1066023433492128728 174:7571928123953218271 175:6269485148297668326 176:7305093508758632933 177:6061493361466473988 178:5012213746064264762 179:416386586911322518 180:7988168470629392059 181:3626441488708999067 182:4041189215928042196 183:5671834882645989400 184:1204684852015505910 185:6184743363444262863 186:1890182551714137898 187:4304594900397829655 188:2120075053730051605 189:486754270234448083 190:1067192369347537717 191:3199948904600785473 192:4038293019775411046 193:8927537981609071460 194:5077450768688304396 195:6430000713912925794 196:6610134296383309351 197:5503940645823780613 198:7776505346276606212 199:1126144433006725887 200:1227677168079605480 201:3304920525954492937 202:5672519811718727324 203:1289020526359952807 204:1604886481420358905 205:395323683392771970 206:967816313100151724 207:7018497171190301485 208:2458359383665513046 209:7935578640605721163 210:3589055954763752563 211:2561054623456359194 212:8681422713704191674 213:4616856372072121287 214:2620370626535167311 215:4995486494703730127 216:1229750358091394605 217:3562930937375609669 218:4127492000323293134 219:6213172661987501886 220:4120570062454523749 221:4850091669234530010 222:952399288245140637 223:4361167695679525257 224:883941886621235775 225:1099205500827091774 226:1644612646949580337 227:7617801979885518322 228:2466046175293235267 229:3602623844704055792 230:8593619629507493125 231:1618613691423037853 232:7188618691552966544 233:4206154573626201470 234:6450801480458359983 235:2382835369148048170 236:3686938449995328046 237:271697964841700279 238:2651722355756892403 239:6285105787269430804 240:1157536263993237447 241:5741313427587376022 242:8639282640938969257 243:4943877122697383327 244:1388947655253902307 245:3124138998006407054 246:1652170394586339013 247:458959090995187029 248:114014014844493456 249:221995575215783822 250:3913415099849990120 251:4675893687047234002 252:1346744174004033342 253:8352593281453504867 254:4488545782792420922 255:7140996510988855836 256:3637393299888008333 257:2715155519734346061 258:1065631255423714539 259:3438062620855612215 260:2332512848212638348 261:2636443910468790395 262:4798073677534707044 263:1393968260330689353 264:2889698729058640682 265:1026375720230936707 266:6289187964556634590 267:212479526109170261 268:530278043023567608 269:2138071002873993825 270:628845025601146995 271:4387680590117664934 272:7512223276165602938 273:1969717307242969334 274:5529559899735977590 275:4115955069583938523 276:2838181640399760318 277:5095477893006449159 278:6923192989405886854 279:1010396800287920259 280:7732552272175540143 281:8196582089242234998 282:8915070963484766021 283:8033977595506611919 284:7470552478037517589 285:2158352114161288864 286:8896161820276181021 287:5598219711089491770 288:8760684991013377623 289:2353841103091403165 290:2147721503241734486 291:6254768496688273416 292:2107288602389930102 293:7648285019982644316 294:2205586267921200430 295:6343054460402354891 296:7481141380363627764 297:1858961970957884510 298:5513532656149561229 299:1467891425194367764 300:9014532060070100336 301:2701157995807592953 302:5028700845310935649 303:5761060027143583073 304:373889406986307987 305:8359136419784392977 306:2310107755364050678 307:1099513894039204580 308:2505894528102950341 309:1936193700998328518 310:5814904916467734755 311:3131109322964610481 312:6271612969944656164 313:4442185099657093238 314:8020219808168798149 315:5470515473691396142 316:8582540594175696965 317:1437770209984472781 318:7047186859754218281 319:4654478696226303051 320:8944206517139403207 321:9183812077696651537 322:5716176748351410461 323:224858114249629567 324:5278569887095236296 325:6702369037782567267 326:6154830296146714285 327:5195694085309554902 328:2439759854761413313 329:4914170044106969226 330:5009512110749907724 331:5925143453405886682]
2024/06/21 08:39:55 0: log map[1:8901130663190789413 2:5620199470415253839 3:6558267472263296360 4:2708237658181974691 5:4509327625134031869 6:4979061335313110954 7:8758728305941505103 8:1478002991150761290 9:6461000513617341285 10:7621655113010168375 11:7554487478165828196 12:4222892098267012293 13:2606390854908102897 14:4515069931498323898 15:2322985536533637509 16:2097058750238394737 17:1007588932174170718 18:8422992390520170787 19:4523391593805184079 20:1829615441986456463 21:5775381931931539439 22:297140488062313826 23:4230977720418870534 24:4906955707848493527 25:7617414714624462734 26:6254479613383014584 27:2749764400592570731 28:5305303128097935657 29:3325272968542910853 30:3827375601945147536 31:6410621764328047135 32:6816932188025022964 33:5027675665936579781 34:4961462371310900138 35:4660581357285121963 36:8780320283575918517 37:7992715899452213341 38:7606295813437584820 39:3233220163086552156 40:7055186925440025809 41:8128597755682213958 42:6533548802861666078 43:5425522134532049020 44:3149719124154158024 45:8862102803855520587 46:7325447659774069570 47:8930771224126951413 48:503061772072449749 49:3127926413041732840 50:4166521216554913307 51:1487953423458738323 52:5827800536950292944 53:8710625297219012575 54:3863275439783841771 55:307802880407909146 56:1364632248536888793 57:4503951618207348384 58:3800673883453057318 59:6003398973699818895 60:3223568067899982108 61:655431367835328532 62:3128512843829796229 63:3167334320933125248 64:140087226348670998 65:1741144772787692378 66:4485643777180045511 67:8373144526401075028 68:4181840263001056746 69:8306523780531518058 70:2308225256468770817 71:1392173537304840450 72:4332849479329653791 73:6511176284873356820 74:2659600304602549810 75:9115477113266195780 76:4378407195599908182 77:6928449887840603006 78:9109756033382719453 79:401883151216168964 80:7899089820877242700 81:2540792213120392370 82:6861333898700349243 83:4791473491485934770 84:5102408909122648495 85:7442832920566678341 86:1184386223627948246 87:7873323852340674265 88:5904190520230696845 89:7935220162736922858 90:2628745140778600824 91:5465206119922762118 92:6883248235512537542 93:5103529647807271996 94:8140132549760394947 95:4971988672114904660 96:7738229012473517593 97:4285250064154936713 98:1330898017484140217 99:2120669791026320564 100:5658658048193451771 101:732375909785429606 102:3435649399882490959 103:452165883508790499 104:6531039810961618186 105:1996052366423342745 106:6574791956301916019 107:7111358116412289982 108:7403916071354347107 109:9120071478665589549 110:2128260022168970138 111:3716621446211769123 112:7351800321405750245 113:1095502497724815945 114:2117358580266871644 115:7909806286575737282 116:7640506642305831978 117:8225640724660908194 118:8912584797147694788 119:4693566499484580427 120:2156954031432496526 121:6808564972464969870 122:4884895594901624775 123:1522395318380297282 124:5413068554674308292 125:2291333779340884954 126:785176687958145137 127:1891033458652257707 128:1578881719967063116 129:2576237018825293797 130:8009013387962606190 131:4704087455487387004 132:2739078082823248808 133:7644380800156979580 134:8128455978199401025 135:4567895001538149943 136:7729885903999525432 137:374935507551475811 138:9080842641089069053 139:4213959270949118939 140:496129156914558658 141:4516626720163176242 142:676085736747734765 143:1461363891709743567 144:912140774084541853 145:3208036859763151808 146:1859932034581746969 147:8156291958732886678 148:4425545394845118637 149:2576500208653582835 150:880789685732073111 151:7904102286644603084 152:5621078652075010838 153:8442897874528630488 154:4255177507505274331 155:1893648566441734705 156:7458876766953038251 157:4422912234206654537 158:4150051891360938308 159:533863995684520148 160:1048538989117762714 161:6964638173327760605 162:4326786066666146201 163:7217076533222681842 164:498543561241511781 165:3834392904648601068 166:261487260283376467 167:8509416050774795331 168:5346754807573937101 169:6852378504929532061 170:7287928308463211130 171:5853674428013953819 172:3313931409041061318 173:1066023433492128728 174:7571928123953218271 175:6269485148297668326 176:7305093508758632933 177:6061493361466473988 178:5012213746064264762 179:416386586911322518 180:7988168470629392059 181:3626441488708999067 182:4041189215928042196 183:5671834882645989400 184:1204684852015505910 185:6184743363444262863 186:1890182551714137898 187:4304594900397829655 188:2120075053730051605 189:486754270234448083 190:1067192369347537717 191:3199948904600785473 192:4038293019775411046 193:8927537981609071460 194:5077450768688304396 195:6430000713912925794 196:6610134296383309351 197:5503940645823780613 198:7776505346276606212 199:1126144433006725887 200:1227677168079605480 201:3304920525954492937 202:5672519811718727324 203:1289020526359952807 204:1604886481420358905 205:395323683392771970 206:967816313100151724 207:7018497171190301485 208:2458359383665513046 209:7935578640605721163 210:3589055954763752563 211:2561054623456359194 212:8681422713704191674 213:4616856372072121287 214:2620370626535167311 215:4995486494703730127 216:1229750358091394605 217:3562930937375609669 218:4127492000323293134 219:6213172661987501886 220:4120570062454523749 221:4850091669234530010 222:952399288245140637 223:4361167695679525257 224:883941886621235775 225:1099205500827091774 226:1644612646949580337 227:7617801979885518322 228:2466046175293235267 229:3602623844704055792 230:8593619629507493125 231:1618613691423037853 232:7188618691552966544 233:4206154573626201470 234:6450801480458359983 235:2382835369148048170 236:3686938449995328046 237:271697964841700279 238:2651722355756892403 239:6285105787269430804 240:1157536263993237447 241:5741313427587376022 242:8639282640938969257 243:4943877122697383327 244:1388947655253902307 245:3124138998006407054 246:1652170394586339013 247:458959090995187029 248:114014014844493456 249:221995575215783822 250:3913415099849990120 251:4675893687047234002 252:1346744174004033342 253:8352593281453504867 254:4488545782792420922 255:7140996510988855836 256:3637393299888008333 257:2715155519734346061 258:1065631255423714539 259:3438062620855612215 260:2332512848212638348 261:2636443910468790395 262:4798073677534707044 263:1393968260330689353 264:2889698729058640682 265:1026375720230936707 266:6289187964556634590 267:212479526109170261 268:530278043023567608 269:2138071002873993825 270:628845025601146995 271:4387680590117664934 272:7512223276165602938 273:1969717307242969334 274:5529559899735977590 275:4115955069583938523 276:2838181640399760318 277:5095477893006449159 278:6923192989405886854 279:1010396800287920259 280:7732552272175540143 281:8196582089242234998 282:8915070963484766021 283:8033977595506611919 284:7470552478037517589 285:2158352114161288864 286:8896161820276181021 287:5598219711089491770 288:8760684991013377623 289:2353841103091403165 290:2147721503241734486 291:6254768496688273416 292:2107288602389930102 293:7648285019982644316 294:2205586267921200430 295:6343054460402354891 296:7481141380363627764 297:1858961970957884510 298:5513532656149561229 299:1467891425194367764 300:9014532060070100336 301:2701157995807592953 302:5028700845310935649 303:5761060027143583073 304:373889406986307987 305:8359136419784392977 306:2310107755364050678 307:1099513894039204580 308:2505894528102950341 309:1936193700998328518 310:5814904916467734755 311:3131109322964610481 312:6271612969944656164 313:4442185099657093238 314:8020219808168798149 315:5470515473691396142 316:8582540594175696965 317:1437770209984472781 318:7047186859754218281 319:4654478696226303051 320:8944206517139403207 321:9183812077696651537 322:5716176748351410461 323:224858114249629567 324:5278569887095236296 325:6702369037782567267 326:6154830296146714285 327:5195694085309554902 328:2439759854761413313 329:4914170044106969226 330:5009512110749907724]; server map[1:8901130663190789413 2:5620199470415253839 3:6558267472263296360 4:2708237658181974691 5:4509327625134031869 6:4979061335313110954 7:8758728305941505103 8:1478002991150761290 9:6461000513617341285 10:7621655113010168375 11:7554487478165828196 12:4222892098267012293 13:2606390854908102897 14:4515069931498323898 15:2322985536533637509 16:2097058750238394737 17:1007588932174170718 18:8422992390520170787 19:4523391593805184079 20:1829615441986456463 21:5775381931931539439 22:297140488062313826 23:4230977720418870534 24:4906955707848493527 25:7617414714624462734 26:6254479613383014584 27:2749764400592570731 28:5305303128097935657 29:3325272968542910853 30:3827375601945147536 31:6410621764328047135 32:6816932188025022964 33:5027675665936579781 34:4961462371310900138 35:4660581357285121963 36:8780320283575918517 37:7992715899452213341 38:7606295813437584820 39:3233220163086552156 40:7055186925440025809 41:8128597755682213958 42:6533548802861666078 43:5425522134532049020 44:3149719124154158024 45:8862102803855520587 46:7325447659774069570 47:8930771224126951413 48:503061772072449749 49:3127926413041732840 50:4166521216554913307 51:1487953423458738323 52:5827800536950292944 53:8710625297219012575 54:3863275439783841771 55:307802880407909146 56:1364632248536888793 57:4503951618207348384 58:3800673883453057318 59:6003398973699818895 60:3223568067899982108 61:655431367835328532 62:3128512843829796229 63:3167334320933125248 64:140087226348670998 65:1741144772787692378 66:4485643777180045511 67:8373144526401075028 68:4181840263001056746 69:8306523780531518058 70:2308225256468770817 71:1392173537304840450 72:4332849479329653791 73:6511176284873356820 74:2659600304602549810 75:9115477113266195780 76:4378407195599908182 77:6928449887840603006 78:9109756033382719453 79:401883151216168964 80:7899089820877242700 81:2540792213120392370 82:6861333898700349243 83:4791473491485934770 84:5102408909122648495 85:7442832920566678341 86:1184386223627948246 87:7873323852340674265 88:5904190520230696845 89:7935220162736922858 90:2628745140778600824 91:5465206119922762118 92:6883248235512537542 93:5103529647807271996 94:8140132549760394947 95:4971988672114904660 96:7738229012473517593 97:4285250064154936713 98:1330898017484140217 99:2120669791026320564 100:5658658048193451771 101:732375909785429606 102:3435649399882490959 103:452165883508790499 104:6531039810961618186 105:1996052366423342745 106:6574791956301916019 107:7111358116412289982 108:7403916071354347107 109:9120071478665589549 110:2128260022168970138 111:3716621446211769123 112:7351800321405750245 113:1095502497724815945 114:2117358580266871644 115:7909806286575737282 116:7640506642305831978 117:8225640724660908194 118:8912584797147694788 119:4693566499484580427 120:2156954031432496526 121:6808564972464969870 122:4884895594901624775 123:1522395318380297282 124:5413068554674308292 125:2291333779340884954 126:785176687958145137 127:1891033458652257707 128:1578881719967063116 129:2576237018825293797 130:8009013387962606190 131:4704087455487387004 132:2739078082823248808 133:7644380800156979580 134:8128455978199401025 135:4567895001538149943 136:7729885903999525432 137:374935507551475811 138:9080842641089069053 139:4213959270949118939 140:496129156914558658 141:4516626720163176242 142:676085736747734765 143:1461363891709743567 144:912140774084541853 145:3208036859763151808 146:1859932034581746969 147:8156291958732886678 148:4425545394845118637 149:2576500208653582835 150:880789685732073111 151:7904102286644603084 152:5621078652075010838 153:8442897874528630488 154:4255177507505274331 155:1893648566441734705 156:7458876766953038251 157:4422912234206654537 158:4150051891360938308 159:533863995684520148 160:1048538989117762714 161:6964638173327760605 162:4326786066666146201 163:7217076533222681842 164:498543561241511781 165:3834392904648601068 166:261487260283376467 167:8509416050774795331 168:5346754807573937101 169:6852378504929532061 170:7287928308463211130 171:5853674428013953819 172:3313931409041061318 173:1066023433492128728 174:7571928123953218271 175:6269485148297668326 176:7305093508758632933 177:6061493361466473988 178:5012213746064264762 179:416386586911322518 180:7988168470629392059 181:3626441488708999067 182:4041189215928042196 183:5671834882645989400 184:1204684852015505910 185:6184743363444262863 186:1890182551714137898 187:4304594900397829655 188:2120075053730051605 189:486754270234448083 190:1067192369347537717 191:3199948904600785473 192:4038293019775411046 193:8927537981609071460 194:5077450768688304396 195:6430000713912925794 196:6610134296383309351 197:5503940645823780613 198:7776505346276606212 199:1126144433006725887 200:1227677168079605480 201:3304920525954492937 202:5672519811718727324 203:1289020526359952807 204:1604886481420358905 205:395323683392771970 206:967816313100151724 207:7018497171190301485 208:2458359383665513046 209:7935578640605721163 210:3589055954763752563 211:2561054623456359194 212:8681422713704191674 213:4616856372072121287 214:2620370626535167311 215:4995486494703730127 216:1229750358091394605 217:3562930937375609669 218:4127492000323293134 219:6213172661987501886 220:4120570062454523749 221:4850091669234530010 222:952399288245140637 223:4361167695679525257 224:883941886621235775 225:1099205500827091774 226:1644612646949580337 227:7617801979885518322 228:2466046175293235267 229:3602623844704055792 230:8593619629507493125 231:1618613691423037853 232:7188618691552966544 233:4206154573626201470 234:6450801480458359983 235:2382835369148048170 236:3686938449995328046 237:271697964841700279 238:2651722355756892403 239:6285105787269430804 240:1157536263993237447 241:5741313427587376022 242:8639282640938969257 243:4943877122697383327 244:1388947655253902307 245:3124138998006407054 246:1652170394586339013 247:458959090995187029 248:114014014844493456 249:221995575215783822 250:3913415099849990120 251:4675893687047234002 252:1346744174004033342 253:8352593281453504867 254:4488545782792420922 255:7140996510988855836 256:3637393299888008333 257:2715155519734346061 258:1065631255423714539 259:3438062620855612215 260:2332512848212638348 261:2636443910468790395 262:4798073677534707044 263:1393968260330689353 264:2889698729058640682 265:1026375720230936707 266:6289187964556634590 267:212479526109170261 268:530278043023567608 269:2138071002873993825 270:628845025601146995 271:4387680590117664934 272:7512223276165602938 273:1969717307242969334 274:5529559899735977590 275:4115955069583938523 276:2838181640399760318 277:5095477893006449159 278:6923192989405886854 279:1010396800287920259 280:7732552272175540143 281:8196582089242234998 282:8915070963484766021 283:8033977595506611919 284:7470552478037517589 285:2158352114161288864 286:8896161820276181021 287:5598219711089491770 288:8760684991013377623 289:2353841103091403165 290:2147721503241734486 291:6254768496688273416 292:2107288602389930102 293:7648285019982644316 294:2205586267921200430 295:6343054460402354891 296:7481141380363627764 297:1858961970957884510 298:5513532656149561229 299:1467891425194367764 300:9014532060070100336 301:2701157995807592953 302:5028700845310935649 303:5761060027143583073 304:373889406986307987 305:8359136419784392977 306:2310107755364050678 307:1099513894039204580 308:2505894528102950341 309:1936193700998328518 310:5814904916467734755 311:3131109322964610481 312:6271612969944656164 313:4442185099657093238 314:8020219808168798149 315:5470515473691396142 316:8582540594175696965 317:1437770209984472781 318:7047186859754218281 319:4654478696226303051 320:8944206517139403207 321:9183812077696651537 322:5716176748351410461 323:224858114249629567 324:5278569887095236296 325:6702369037782567267 326:6154830296146714285 327:5195694085309554902 328:2439759854761413313 329:4914170044106969226 330:5009512110749907724 331:5925143453405886682]
2024/06/21 08:39:55 apply error: commit index=331 server=0 469134410901255758 != server=4 5925143453405886682
exit status 1
FAIL	6.5840/raft	130.385s
