Test (2C): basic persistence ...
leader is 1
leader is 1
leader is 1
leader is 2
leader is 1
  ... Passed --   5.8  3  136   34440    6
Test (2C): more persistence ...
leader is 4
leader is 2
leader is 0
leader is 3
leader is 1
leader is 4
  ... Passed --  16.8  5 1268  265858   16
Test (2C): partitioned leader and one follower crash, leader restarts ...
leader is 0
leader is 0
  ... Passed --   1.5  3   42   10046    4
Test (2C): Figure 8 ...
leader is 3
leader is 0
leader is 1
leader is 4
leader is 3
leader is 3
leader is 3
leader is 3
leader is 1
leader is 1
leader is 2
leader is 2
leader is 3
leader is 3
leader is 4
leader is 2
leader is 2
leader is 2
leader is 2
leader is 2
leader is 1
leader is 0
leader is 3
leader is 2
leader is 1
leader is 0
leader is 3
leader is 2
leader is 0
leader is 0
leader is 0
leader is 4
leader is 1
leader is 1
leader is 1
leader is 1
leader is 3
leader is 2
leader is 0
leader is 0
leader is 4
leader is 1
leader is 2
leader is 3
leader is 0
leader is 4
leader is 4
leader is 4
leader is 4
leader is 0
leader is 2
leader is 2
leader is 3
leader is 3
leader is 1
leader is 0
leader is 4
leader is 3
leader is 1
leader is 1
leader is 1
leader is 1
leader is 2
leader is 0
leader is 1
leader is 4
leader is 3
leader is 2
leader is 0
leader is 1
leader is 2
leader is 4
leader is 3
leader is 0
leader is 0
leader is 1
leader is 2
leader is 4
leader is 0
leader is 2
leader is 1
leader is 1
leader is 4
leader is 4
  ... Passed --  31.3  5 1795  378969   83
Test (2C): unreliable agreement ...
leader is 0
  ... Passed --   4.2  5 1160  376846  246
Test (2C): Figure 8 (unreliable) ...
leader is 2
leader is 0
leader is 4
leader is 1
leader is 3
leader is 2
leader is 4
leader is 1
leader is 0
leader is 2
2024/06/21 08:41:22 2: log map[1:3155 2:8510 3:4434 4:8111 5:3513 6:1192 7:2857 8:5476 9:9735 10:3891 11:3034 12:1036 13:6899 14:2354 15:9478 16:9147 17:5697 18:7200 19:3102 20:2297 21:3375 22:7926 23:979 24:7801 25:7174 26:4602 27:271 28:8517 29:7992 30:1830 31:3722 32:5725 33:273 34:6682 35:9708 36:9070 37:196 38:1241 39:5328 40:5450 41:2973 42:1802 43:1360 44:2291]; server map[1:3155 2:8510 3:4434 4:8111 5:3513 6:1192 7:2857 8:5476 9:9735 10:3891 11:3034 12:1036 13:6899 14:2354 15:9478 16:9147 17:5697 18:7200 19:3102 20:2297 21:3375 22:7926 23:979 24:7801 25:7174 26:4602 27:271 28:8517 29:7992 30:1830 31:3722 32:5725 33:273 34:6682 35:9708 36:9070 37:196 38:1241 39:5328 40:5450 41:2973 42:1802 43:1360 44:2291 45:4921]
2024/06/21 08:41:22 apply error: commit index=45 server=2 289 != server=1 4921
exit status 1
FAIL	6.5840/raft	79.296s
