Test (2C): basic persistence ...
leader is 2
leader is 1
leader is 1
leader is 0
leader is 2
  ... Passed --   5.6  3  136   34468    6
Test (2C): more persistence ...
leader is 1
leader is 4
leader is 2
leader is 0
leader is 3
leader is 1
  ... Passed --  16.8  5 1151  242994   16
Test (2C): partitioned leader and one follower crash, leader restarts ...
leader is 0
leader is 0
  ... Passed --   1.5  3   42   10046    4
Test (2C): Figure 8 ...
leader is 1
leader is 2
leader is 0
leader is 4
leader is 3
leader is 2
leader is 0
leader is 0
leader is 1
leader is 4
leader is 4
leader is 3
leader is 2
leader is 2
leader is 1
leader is 4
leader is 0
leader is 1
leader is 3
leader is 0
leader is 4
leader is 1
leader is 0
leader is 2
leader is 4
leader is 4
leader is 4
leader is 4
leader is 4
leader is 4
leader is 4
leader is 4
leader is 4
leader is 4
leader is 4
leader is 1
leader is 0
leader is 2
leader is 3
leader is 3
leader is 1
leader is 4
leader is 4
leader is 3
leader is 0
leader is 1
leader is 1
leader is 4
leader is 2
leader is 0
leader is 4
leader is 3
leader is 3
leader is 2
leader is 0
leader is 3
leader is 2
leader is 2
leader is 2
leader is 1
leader is 3
leader is 3
leader is 3
leader is 0
leader is 0
leader is 2
leader is 1
leader is 1
leader is 3
leader is 2
leader is 4
leader is 3
leader is 3
leader is 0
leader is 1
leader is 3
leader is 0
leader is 2
leader is 1
leader is 3
leader is 3
leader is 4
  ... Passed --  29.7  5 1724  361486   76
Test (2C): unreliable agreement ...
leader is 4
  ... Passed --   3.9  5 1140  377946  246
Test (2C): Figure 8 (unreliable) ...
leader is 3
leader is 1
leader is 0
leader is 2
leader is 4
leader is 0
leader is 3
leader is 1
leader is 0
leader is 4
leader is 1
leader is 2
leader is 0
leader is 3
leader is 1
leader is 4
leader is 1
leader is 0
leader is 0
leader is 1
  ... Passed --  33.4  5 10790 21253494  583
Test (2C): churn ...
leader is 4
leader is 1
leader is 2
leader is 3
leader is 0
  ... Passed --  16.2  5 5020 5320598  832
Test (2C): unreliable churn ...
leader is 1
leader is 4
leader is 3
2024/06/21 08:20:18 3: log map[1:3940856626067417557 2:2039689784876432098 3:7124150883765811218 4:3809087664915873580 5:4594250193455712255 6:8839079627833126363 7:5249119287519928201 8:3549994150645761664 9:1363518652317429223 10:531259992514323917 11:5510941312220786235 12:6186598906756637240 13:126389055879027396 14:5465672078335035753 15:5757667769517493896 16:8231566180582334217 17:3385862459946273342 18:4108811628250193189 19:4541663404209780377 20:4491998378076073110 21:5573767099054326566 22:7691154945989670034 23:3174173811035584752 24:3378431414303911237 25:2036401689824174029 26:8513207781918652579 27:9135565259498013986 28:2540631188352554218 29:4793642575920919991 30:9097469427994963839 31:3624127731746103371 32:7018385223315996479 33:7505411550817730864 34:2442531227989903063 35:245657149906891005 36:810346238905167158 37:682356476296724928 38:4429499682398062796 39:4390223375426135834 40:6899896752472193802 41:5175426383933840175 42:6852100944107961107 43:7487806165310681285 44:7313834115861559230 45:1771189231438143394 46:8108210179039029982 47:7572651032394171975 48:7812233953003555542 49:8395253052656284760 50:6355420206031461625 51:6546694274422972553 52:9159250896563495491 53:3134333942415412640 54:4541918317184148833 55:2036594208962636602 56:5818484584631621853 57:4097199427502631145 58:520713886597340502 59:7836010863572106470 60:1486973958262590498 61:8481670695305295157 62:2089197369972709807 63:3498879089346949211 64:4208043122032128798 65:3270441608248817795 66:8476062023436324437 67:5177099936496445312 68:2285245227861139944 69:97391127532593173 70:461996760519292157 71:8357754672634064894 72:7759752963713623073 73:327829004502678482 74:5160340950357621497 75:7461530090766572141 76:3211934149804869541 77:959455024482116728 78:1305654654257992988 79:9019414509424258186 80:820610394256316535 81:2824640222141824205 82:6037059865990174014 83:1879129087787930448 84:5251693769001068369 85:4317717096261485575 86:5840172405443839785 87:6745658698033919691 88:6204213661982455367 89:8135657860853940688 90:1639947318078478469 91:8871928712816976453]; server map[1:3940856626067417557 2:2039689784876432098 3:7124150883765811218 4:3809087664915873580 5:4594250193455712255 6:8839079627833126363 7:5249119287519928201 8:3549994150645761664 9:1363518652317429223 10:531259992514323917 11:5510941312220786235 12:6186598906756637240 13:126389055879027396 14:5465672078335035753 15:5757667769517493896 16:8231566180582334217 17:3385862459946273342 18:4108811628250193189 19:4541663404209780377 20:4491998378076073110 21:5573767099054326566 22:7691154945989670034 23:3174173811035584752 24:3378431414303911237 25:2036401689824174029 26:8513207781918652579 27:9135565259498013986 28:2540631188352554218 29:4793642575920919991 30:9097469427994963839 31:3624127731746103371 32:7018385223315996479 33:7505411550817730864 34:2442531227989903063 35:245657149906891005 36:810346238905167158 37:682356476296724928 38:4429499682398062796 39:4390223375426135834 40:6899896752472193802 41:5175426383933840175 42:6852100944107961107 43:7487806165310681285 44:7313834115861559230 45:1771189231438143394 46:8108210179039029982 47:7572651032394171975 48:7812233953003555542 49:8395253052656284760 50:6355420206031461625 51:6546694274422972553 52:9159250896563495491 53:3134333942415412640 54:4541918317184148833 55:2036594208962636602 56:5818484584631621853 57:4097199427502631145 58:520713886597340502 59:7836010863572106470 60:1486973958262590498 61:8481670695305295157 62:2089197369972709807 63:3498879089346949211 64:4208043122032128798 65:3270441608248817795 66:8476062023436324437 67:5177099936496445312 68:2285245227861139944 69:97391127532593173 70:461996760519292157 71:8357754672634064894 72:7759752963713623073 73:327829004502678482 74:5160340950357621497 75:7461530090766572141 76:3211934149804869541 77:959455024482116728 78:1305654654257992988 79:9019414509424258186 80:820610394256316535 81:2824640222141824205 82:6037059865990174014 83:1879129087787930448 84:5251693769001068369 85:4317717096261485575 86:5840172405443839785 87:6745658698033919691 88:6204213661982455367 89:8135657860853940688 90:1639947318078478469 91:8871928712816976453 92:9076441404628126258]
2024/06/21 08:20:18 apply error: commit index=92 server=3 3171232255141716103 != server=4 9076441404628126258
exit status 1
FAIL	6.5840/raft	111.075s
