Test (2C): basic persistence ...
leader is 0
leader is 2
leader is 2
leader is 1
leader is 1
  ... Passed --   5.6  3  130   32928    7
Test (2C): more persistence ...
leader is 3
leader is 1
leader is 4
leader is 2
leader is 0
leader is 3
  ... Passed --  16.6  5 1117  235334   16
Test (2C): partitioned leader and one follower crash, leader restarts ...
leader is 1
leader is 1
  ... Passed --   1.5  3   42   10114    4
Test (2C): Figure 8 ...
leader is 4
leader is 1
leader is 0
leader is 3
leader is 2
leader is 1
leader is 1
leader is 3
leader is 4
leader is 4
leader is 0
leader is 0
leader is 1
leader is 2
leader is 2
leader is 3
leader is 4
leader is 4
leader is 2
leader is 3
leader is 0
leader is 2
leader is 1
leader is 3
leader is 2
leader is 2
leader is 4
leader is 1
leader is 0
leader is 0
leader is 4
leader is 2
leader is 3
leader is 0
leader is 0
leader is 0
leader is 0
leader is 0
leader is 0
leader is 0
leader is 1
leader is 2
leader is 1
leader is 4
leader is 3
leader is 2
leader is 2
leader is 2
leader is 1
leader is 0
leader is 3
leader is 1
leader is 1
leader is 1
leader is 0
leader is 0
leader is 4
leader is 2
leader is 3
leader is 0
leader is 2
leader is 2
leader is 3
leader is 1
leader is 0
leader is 0
leader is 4
leader is 4
leader is 4
leader is 2
leader is 1
leader is 1
leader is 1
leader is 0
leader is 0
leader is 2
leader is 2
leader is 1
leader is 1
leader is 3
leader is 4
leader is 2
leader is 0
leader is 0
leader is 0
  ... Passed --  29.8  5 1668  344893   79
Test (2C): unreliable agreement ...
leader is 3
  ... Passed --   3.9  5 1147  376257  246
Test (2C): Figure 8 (unreliable) ...
leader is 4
leader is 3
leader is 2
leader is 2
leader is 1
leader is 0
2024/06/21 08:29:10 4: log map[1:9930 2:6059 3:4780 4:4179 5:508 6:1927 7:718]; server map[1:9930 2:6059 3:4780 4:4179 5:508 6:1927 7:718 8:2543]
2024/06/21 08:29:10 4: log map[1:9930 2:6059 3:4780 4:4179 5:508 6:1927 7:718]; server map[1:9930 2:6059 3:4780 4:4179 5:508 6:1927 7:718 8:2543]
2024/06/21 08:29:10 apply error: commit index=8 server=4 4258 != server=2 2543
exit status 1
FAIL	6.5840/raft	62.833s
