Test (2C): basic persistence ...
leader is 1
leader is 2
leader is 2
leader is 1
leader is 1
  ... Passed --   5.7  3  134   33700    7
Test (2C): more persistence ...
leader is 0
leader is 3
leader is 1
leader is 4
leader is 2
leader is 0
  ... Passed --  16.1  5 1196  259098   16
Test (2C): partitioned leader and one follower crash, leader restarts ...
leader is 2
leader is 2
  ... Passed --   1.5  3   42   10110    4
Test (2C): Figure 8 ...
leader is 2
leader is 4
leader is 1
leader is 3
leader is 0
leader is 0
leader is 0
leader is 4
leader is 2
leader is 1
leader is 1
leader is 0
leader is 3
leader is 2
leader is 4
leader is 0
leader is 2
leader is 1
leader is 1
leader is 0
leader is 4
leader is 2
leader is 3
leader is 1
leader is 4
leader is 0
leader is 3
leader is 2
leader is 4
leader is 1
leader is 3
leader is 4
leader is 0
leader is 2
leader is 3
leader is 1
leader is 2
leader is 2
leader is 0
leader is 0
leader is 4
leader is 1
leader is 2
leader is 3
leader is 3
leader is 4
leader is 0
leader is 3
leader is 2
leader is 2
leader is 1
leader is 3
leader is 4
leader is 2
leader is 2
leader is 0
leader is 3
leader is 2
leader is 1
leader is 1
leader is 3
leader is 0
leader is 2
leader is 2
leader is 4
leader is 1
leader is 2
leader is 2
leader is 3
leader is 4
leader is 0
leader is 0
leader is 0
leader is 0
leader is 1
leader is 1
  ... Passed --  34.1  5 1784  377311   73
Test (2C): unreliable agreement ...
leader is 1
  ... Passed --   4.0  5 1152  376442  246
Test (2C): Figure 8 (unreliable) ...
leader is 3
leader is 2
leader is 4
leader is 1
leader is 1
leader is 0
leader is 3
leader is 4
leader is 4
  ... Passed --  32.5  5 10675 27035516  166
Test (2C): churn ...
leader is 1
leader is 2
2024/06/21 08:14:49 3: log map[1:4114974085778109822 2:2871967715779881467 3:6410332755076417443 4:3420646487959636087 5:6901159669399217667 6:4383852257221569076 7:2773209314838892067 8:890821897978471814 9:3601347623928550787 10:192862518039240310 11:7772203358569423681 12:5883103128035026934 13:8385168023278783816 14:3655693887944904067 15:768803680604750843 16:8607471295077258936 17:5842878743344714997 18:526507455318928312 19:8556133771984763563 20:1663645595279139528 21:6855557647970144746 22:1932299840497094841 23:8730014060494214883 24:8846903009555024497 25:1685301133574375066 26:7821879476982049425 27:5570355682778327412 28:510600383636762219 29:8734866022101022212 30:5332220786056898251 31:4060189296239952337 32:671870705378221728 33:8882105683437991322 34:1968365120397027049 35:476213477190607243 36:1418271148821729753 37:9124674465491969555 38:8427354868779715641]; server map[1:4114974085778109822 2:2871967715779881467 3:6410332755076417443 4:3420646487959636087 5:6901159669399217667 6:4383852257221569076 7:2773209314838892067 8:890821897978471814 9:3601347623928550787 10:192862518039240310 11:7772203358569423681 12:5883103128035026934 13:8385168023278783816 14:3655693887944904067 15:768803680604750843 16:8607471295077258936 17:5842878743344714997 18:526507455318928312 19:8556133771984763563 20:1663645595279139528 21:6855557647970144746 22:1932299840497094841 23:8730014060494214883 24:8846903009555024497 25:1685301133574375066 26:7821879476982049425 27:5570355682778327412 28:510600383636762219 29:8734866022101022212 30:5332220786056898251 31:4060189296239952337 32:671870705378221728 33:8882105683437991322 34:1968365120397027049 35:476213477190607243 36:1418271148821729753 37:9124674465491969555 38:8427354868779715641 39:2200169018877624191]
2024/06/21 08:14:49 apply error: commit index=39 server=3 8054998731356280607 != server=1 2200169018877624191
exit status 1
FAIL	6.5840/raft	95.802s
