Test (2C): basic persistence ...
leader is 0
leader is 1
leader is 1
leader is 2
leader is 2
  ... Passed --   5.7  3  138   35158    7
Test (2C): more persistence ...
leader is 1
leader is 4
leader is 2
leader is 0
leader is 3
leader is 1
  ... Passed --  16.8  5 1305  283768   16
Test (2C): partitioned leader and one follower crash, leader restarts ...
leader is 0
leader is 0
  ... Passed --   1.6  3   42   10046    4
Test (2C): Figure 8 ...
leader is 4
leader is 2
leader is 0
leader is 1
leader is 3
leader is 3
leader is 2
leader is 4
leader is 1
leader is 0
leader is 3
leader is 3
leader is 1
leader is 2
leader is 0
leader is 1
leader is 1
leader is 1
leader is 3
leader is 2
leader is 4
leader is 1
leader is 1
leader is 3
leader is 2
leader is 0
leader is 4
leader is 3
leader is 3
leader is 2
leader is 2
leader is 2
leader is 0
leader is 4
leader is 4
leader is 3
leader is 1
leader is 0
leader is 4
leader is 1
leader is 2
leader is 3
leader is 0
leader is 4
leader is 4
leader is 4
leader is 4
leader is 4
leader is 4
leader is 4
leader is 3
leader is 3
leader is 1
leader is 1
leader is 1
leader is 4
leader is 4
leader is 4
leader is 4
leader is 0
leader is 3
leader is 3
leader is 3
leader is 3
leader is 2
leader is 4
leader is 0
leader is 3
leader is 1
leader is 0
leader is 4
leader is 4
leader is 1
leader is 1
leader is 1
leader is 0
leader is 2
leader is 3
leader is 4
leader is 4
leader is 0
leader is 1
leader is 2
leader is 2
leader is 3
leader is 3
leader is 0
leader is 0
leader is 0
leader is 4
leader is 3
leader is 1
leader is 1
leader is 2
leader is 2
  ... Passed --  34.0  5 1940  409723   94
Test (2C): unreliable agreement ...
leader is 4
  ... Passed --   4.2  5 1148  377614  246
Test (2C): Figure 8 (unreliable) ...
leader is 4
leader is 1
leader is 0
leader is 0
leader is 3
leader is 4
leader is 2
leader is 1
leader is 3
leader is 0
leader is 0
leader is 4
2024/06/21 08:12:58 0: log map[1:7253 2:441 3:9951 4:958 5:1350 6:2371 7:861 8:6302 9:9990 10:7981 11:2170 12:1825 13:5632 14:7329 15:4679 16:6593 17:1646 18:2242 19:6229 20:798 21:531 22:86 23:342 24:771 25:9683 26:3993]; server map[1:7253 2:441 3:9951 4:958 5:1350 6:2371 7:861 8:6302 9:9990 10:7981 11:2170 12:1825 13:5632 14:7329 15:4679 16:6593 17:1646 18:2242 19:6229 20:798 21:531 22:86 23:342 24:771 25:9683 26:3993 27:6834]
2024/06/21 08:12:58 apply error: commit index=27 server=0 4181 != server=4 6834
exit status 1
FAIL	6.5840/raft	90.389s
