Test (2C): basic persistence ...
leader is 2
leader is 2
leader is 2
leader is 1
leader is 1
  ... Passed --   5.8  3  136   34336    7
Test (2C): more persistence ...
leader is 0
leader is 3
leader is 1
leader is 4
leader is 2
leader is 0
  ... Passed --  16.2  5 1220  263864   16
Test (2C): partitioned leader and one follower crash, leader restarts ...
leader is 1
leader is 1
  ... Passed --   1.6  3   44   10688    4
Test (2C): Figure 8 ...
leader is 0
leader is 1
leader is 2
leader is 3
leader is 4
leader is 4
leader is 1
leader is 1
leader is 0
leader is 3
leader is 2
leader is 0
leader is 0
leader is 4
leader is 4
leader is 1
leader is 1
leader is 1
leader is 1
leader is 1
leader is 0
leader is 0
leader is 3
leader is 2
leader is 1
leader is 3
leader is 2
leader is 4
leader is 1
leader is 2
leader is 3
leader is 4
leader is 3
leader is 0
leader is 2
leader is 2
leader is 4
leader is 1
leader is 1
leader is 0
leader is 0
leader is 4
leader is 3
leader is 0
leader is 2
leader is 4
leader is 1
leader is 1
leader is 1
leader is 2
leader is 2
leader is 4
leader is 3
leader is 1
leader is 1
leader is 2
leader is 0
leader is 3
leader is 4
leader is 1
leader is 0
leader is 0
leader is 4
leader is 4
leader is 2
leader is 2
leader is 2
leader is 3
leader is 1
leader is 0
leader is 2
leader is 1
leader is 3
leader is 3
leader is 3
leader is 2
leader is 4
leader is 0
leader is 3
leader is 4
leader is 2
leader is 2
leader is 1
leader is 0
leader is 4
leader is 4
leader is 3
leader is 0
leader is 0
  ... Passed --  33.5  5 1787  371750   86
Test (2C): unreliable agreement ...
leader is 1
  ... Passed --   3.4  5 1120  371649  246
Test (2C): Figure 8 (unreliable) ...
leader is 2
leader is 4
leader is 3
leader is 1
leader is 0
leader is 4
leader is 2
leader is 3
leader is 2
leader is 0
leader is 1
leader is 1
leader is 0
leader is 0
leader is 4
2024/06/21 08:40:25 4: log map[1:6898 2:2515 3:7631 4:2470 5:3037 6:3432 7:2594 8:6014 9:9603 10:3763 11:5947 12:8136 13:1048 14:3445 15:3341 16:3238 17:552 18:6689 19:664 20:2630 21:3226 22:8273 23:5993 24:9137 25:6198 26:7340 27:8148 28:3159 29:3352 30:9481 31:2876 32:5758 33:4631 34:505 35:127 36:4894 37:3639 38:3902 39:3452 40:2537 41:6542 42:3889 43:3777 44:3348 45:3558 46:3966 47:8242 48:4739 49:9896 50:7629 51:6181 52:5781 53:5872 54:9074]; server map[1:6898 2:2515 3:7631 4:2470 5:3037 6:3432 7:2594 8:6014 9:9603 10:3763 11:5947 12:8136 13:1048 14:3445 15:3341 16:3238 17:552 18:6689 19:664 20:2630 21:3226 22:8273 23:5993 24:9137 25:6198 26:7340 27:8148 28:3159 29:3352 30:9481 31:2876 32:5758 33:4631 34:505 35:127 36:4894 37:3639 38:3902 39:3452 40:2537 41:6542 42:3889 43:3777 44:3348 45:3558 46:3966 47:8242 48:4739 49:9896 50:7629 51:6181 52:5781 53:5872 54:9074 55:6739 56:4016 57:4288 58:2477 59:3277 60:3284]
2024/06/21 08:40:25 apply error: commit index=55 server=4 4759 != server=2 6739
exit status 1
FAIL	6.5840/raft	81.822s
