Test (2C): basic persistence ...
leader is 1
leader is 0
leader is 0
leader is 2
leader is 2
  ... Passed --   5.9  3  138   34806    7
Test (2C): more persistence ...
leader is 2
leader is 0
leader is 3
leader is 1
leader is 4
leader is 2
  ... Passed --  16.7  5 1324  285872   16
Test (2C): partitioned leader and one follower crash, leader restarts ...
leader is 0
leader is 0
  ... Passed --   1.4  3   40    9856    4
Test (2C): Figure 8 ...
leader is 4
leader is 2
leader is 0
leader is 0
leader is 1
leader is 3
leader is 3
leader is 3
leader is 3
leader is 3
leader is 3
leader is 3
leader is 4
leader is 1
leader is 0
leader is 2
leader is 3
leader is 3
leader is 4
leader is 4
leader is 0
leader is 1
leader is 1
leader is 4
leader is 4
leader is 0
leader is 3
leader is 2
leader is 1
leader is 0
leader is 4
leader is 4
leader is 4
leader is 2
leader is 0
leader is 3
leader is 4
leader is 1
leader is 1
leader is 0
leader is 4
leader is 2
leader is 1
leader is 1
leader is 4
leader is 3
leader is 0
leader is 4
leader is 2
leader is 0
leader is 1
leader is 1
leader is 4
leader is 4
leader is 4
leader is 4
leader is 3
leader is 0
leader is 2
leader is 4
leader is 1
leader is 0
leader is 0
leader is 3
leader is 3
leader is 1
leader is 4
leader is 2
leader is 0
leader is 0
leader is 0
leader is 1
leader is 1
leader is 1
leader is 4
leader is 4
leader is 2
leader is 2
leader is 1
leader is 1
leader is 3
leader is 0
leader is 2
leader is 1
leader is 4
leader is 2
leader is 0
leader is 3
leader is 3
leader is 1
leader is 2
leader is 0
leader is 0
leader is 0
  ... Passed --  34.0  5 1935  404388   92
Test (2C): unreliable agreement ...
leader is 2
  ... Passed --   3.7  5 1128  370860  246
Test (2C): Figure 8 (unreliable) ...
leader is 2
leader is 1
leader is 4
leader is 3
leader is 1
leader is 0
2024/06/21 08:18:00 0: log map[1:8883 2:8930 3:9356 4:4620 5:4886 6:4040 7:8452 8:6944 9:9945 10:179 11:2414 12:8400]; server map[1:8883 2:8930 3:9356 4:4620 5:4886 6:4040 7:8452 8:6944 9:9945 10:179 11:2414 12:8400 13:3735]
2024/06/21 08:18:00 apply error: commit index=13 server=0 2782 != server=1 3735
exit status 1
FAIL	6.5840/raft	67.464s
