Test (2C): basic persistence ...
leader is 0
leader is 1
leader is 1
leader is 2
leader is 1
  ... Passed --   5.5  3  130   32666    7
Test (2C): more persistence ...
leader is 4
leader is 2
leader is 0
leader is 3
leader is 1
leader is 4
  ... Passed --  17.3  5 1244  267978   16
Test (2C): partitioned leader and one follower crash, leader restarts ...
leader is 2
leader is 2
  ... Passed --   1.4  3   42   10110    4
Test (2C): Figure 8 ...
leader is 1
leader is 2
leader is 3
leader is 0
leader is 0
leader is 0
leader is 4
leader is 1
leader is 0
leader is 3
leader is 2
leader is 4
leader is 1
leader is 2
leader is 0
leader is 3
leader is 2
leader is 2
leader is 1
leader is 1
leader is 4
leader is 3
leader is 4
leader is 2
leader is 1
leader is 4
leader is 4
leader is 0
leader is 3
leader is 4
leader is 4
leader is 1
leader is 1
leader is 2
leader is 2
leader is 3
leader is 4
leader is 4
leader is 4
leader is 2
leader is 0
leader is 1
leader is 3
leader is 0
leader is 0
leader is 1
leader is 4
leader is 3
leader is 3
leader is 3
leader is 3
leader is 3
leader is 0
leader is 1
leader is 2
leader is 2
leader is 4
leader is 3
leader is 0
leader is 4
leader is 2
leader is 2
leader is 2
leader is 0
leader is 4
leader is 4
leader is 3
leader is 1
leader is 1
leader is 0
leader is 2
leader is 2
leader is 1
leader is 4
leader is 0
leader is 1
leader is 1
  ... Passed --  30.0  5 1594  333045   74
Test (2C): unreliable agreement ...
leader is 4
  ... Passed --   3.9  5 1148  378855  246
Test (2C): Figure 8 (unreliable) ...
leader is 0
leader is 3
leader is 4
leader is 1
leader is 2
leader is 3
leader is 4
leader is 2
leader is 0
leader is 0
leader is 0
leader is 1
leader is 3
leader is 4
leader is 4
leader is 2
leader is 4
2024/06/21 08:31:54 4: log map[1:2659 2:8981 3:3903 4:9308 5:8349 6:3942 7:8274 8:9589 9:6999 10:601 11:3471 12:1766 13:8494 14:8661 15:7155 16:9177 17:5918 18:8064 19:6314 20:3854 21:7698 22:3663 23:8718 24:5745 25:5041 26:8744 27:6678 28:8791 29:1489 30:8343 31:4870 32:7964 33:7675 34:1208 35:9536 36:800 37:9554]; server map[1:2659 2:8981 3:3903 4:9308 5:8349 6:3942 7:8274 8:9589 9:6999 10:601 11:3471 12:1766 13:8494 14:8661 15:7155 16:9177 17:5918 18:8064 19:6314 20:3854 21:7698 22:3663 23:8718 24:5745 25:5041 26:8744 27:6678 28:8791 29:1489 30:8343 31:4870 32:7964 33:7675 34:1208 35:9536 36:800 37:9554 38:8702 39:2286]
2024/06/21 08:31:54 4: log map[1:2659 2:8981 3:3903 4:9308 5:8349 6:3942 7:8274 8:9589 9:6999 10:601 11:3471 12:1766 13:8494 14:8661 15:7155 16:9177 17:5918 18:8064 19:6314 20:3854 21:7698 22:3663 23:8718 24:5745 25:5041 26:8744 27:6678 28:8791 29:1489 30:8343 31:4870 32:7964 33:7675 34:1208 35:9536 36:800 37:9554]; server map[1:2659 2:8981 3:3903 4:9308 5:8349 6:3942 7:8274 8:9589 9:6999 10:601 11:3471 12:1766 13:8494 14:8661 15:7155 16:9177 17:5918 18:8064 19:6314 20:3854 21:7698 22:3663 23:8718 24:5745 25:5041 26:8744 27:6678 28:8791 29:1489 30:8343 31:4870 32:7964 33:7675 34:1208 35:9536 36:800 37:9554 38:8702 39:2286]
2024/06/21 08:31:54 apply error: commit index=38 server=4 2497 != server=1 8702
exit status 1
FAIL	6.5840/raft	93.792s
