Test (2C): basic persistence ...
leader is 1
leader is 0
leader is 0
leader is 2
leader is 1
  ... Passed --   5.7  3  134   33738    7
Test (2C): more persistence ...
leader is 1
leader is 4
leader is 2
leader is 0
leader is 3
leader is 1
  ... Passed --  16.7  5 1127  237300   16
Test (2C): partitioned leader and one follower crash, leader restarts ...
leader is 2
leader is 2
  ... Passed --   1.6  3   42   10110    4
Test (2C): Figure 8 ...
leader is 0
leader is 3
leader is 4
leader is 1
leader is 2
leader is 3
leader is 0
leader is 0
leader is 0
leader is 4
leader is 1
leader is 0
leader is 3
leader is 1
leader is 1
leader is 1
leader is 2
leader is 3
leader is 4
leader is 4
leader is 4
leader is 0
leader is 0
leader is 1
leader is 1
leader is 2
leader is 2
leader is 4
leader is 0
leader is 1
leader is 4
leader is 3
leader is 3
leader is 0
leader is 0
leader is 1
leader is 3
leader is 2
leader is 4
leader is 1
leader is 2
leader is 2
leader is 0
leader is 0
leader is 4
leader is 1
leader is 0
leader is 0
leader is 0
leader is 0
leader is 0
leader is 3
leader is 3
leader is 4
leader is 4
leader is 2
leader is 2
leader is 1
leader is 1
leader is 4
leader is 4
leader is 0
leader is 3
leader is 2
leader is 2
leader is 0
leader is 1
leader is 3
leader is 3
leader is 4
leader is 0
leader is 3
leader is 1
leader is 4
leader is 4
leader is 0
leader is 0
leader is 2
leader is 3
leader is 4
leader is 4
leader is 4
leader is 2
leader is 1
leader is 0
leader is 2
leader is 2
leader is 4
leader is 3
leader is 0
leader is 1
leader is 1
leader is 1
leader is 1
  ... Passed --  35.1  5 2031  431323   94
Test (2C): unreliable agreement ...
leader is 0
  ... Passed --   3.6  5 1140  375812  246
Test (2C): Figure 8 (unreliable) ...
leader is 3
leader is 4
leader is 1
2024/06/21 08:34:23 0: log map[1:7841 2:7473]; server map[1:7841 2:7473 3:9301]
2024/06/21 08:34:23 0: log map[1:7841 2:7473]; server map[1:7841 2:7473 3:9301]
2024/06/21 08:34:23 apply error: commit index=3 server=0 8975 != server=4 9301
exit status 1
FAIL	6.5840/raft	65.717s
