Test (2C): basic persistence ...
leader is 0
leader is 0
leader is 0
leader is 1
leader is 0
  ... Passed --   5.9  3  138   34636    6
Test (2C): more persistence ...
leader is 4
leader is 2
leader is 0
leader is 3
leader is 1
leader is 4
  ... Passed --  16.4  5 1400  303224   16
Test (2C): partitioned leader and one follower crash, leader restarts ...
leader is 2
leader is 2
  ... Passed --   1.5  3   42   10110    4
Test (2C): Figure 8 ...
leader is 4
leader is 2
leader is 0
leader is 3
leader is 1
leader is 4
leader is 2
leader is 2
leader is 1
leader is 3
leader is 4
leader is 2
leader is 2
leader is 1
leader is 0
leader is 0
leader is 0
leader is 3
leader is 2
leader is 1
leader is 1
leader is 3
leader is 3
leader is 3
leader is 3
leader is 4
leader is 4
leader is 1
leader is 1
leader is 3
leader is 2
leader is 1
leader is 0
leader is 0
leader is 0
leader is 2
leader is 3
leader is 4
leader is 4
leader is 0
leader is 0
leader is 1
leader is 2
leader is 0
leader is 1
leader is 1
leader is 3
leader is 0
leader is 2
leader is 2
leader is 3
leader is 3
leader is 3
leader is 3
leader is 0
leader is 4
leader is 4
leader is 2
leader is 1
leader is 3
leader is 0
leader is 4
leader is 4
leader is 2
leader is 3
leader is 3
leader is 1
leader is 1
leader is 0
leader is 0
leader is 3
leader is 3
leader is 3
leader is 4
leader is 0
leader is 0
leader is 0
leader is 2
leader is 3
leader is 3
leader is 3
leader is 4
leader is 1
leader is 1
leader is 1
leader is 1
leader is 1
leader is 0
leader is 4
leader is 2
leader is 0
leader is 4
leader is 2
leader is 2
leader is 1
leader is 4
leader is 4
leader is 4
leader is 4
leader is 4
leader is 2
leader is 4
leader is 4
leader is 4
  ... Passed --  35.5  5 2127  451029  102
Test (2C): unreliable agreement ...
leader is 0
  ... Passed --   3.7  5 1133  372627  246
Test (2C): Figure 8 (unreliable) ...
leader is 4
leader is 2
leader is 0
leader is 1
leader is 2
leader is 3
leader is 0
leader is 4
leader is 1
leader is 2
leader is 3
leader is 0
leader is 3
leader is 3
  ... Passed --  32.8  5 9194 15429846   85
Test (2C): churn ...
leader is 4
leader is 4
leader is 0
leader is 0
  ... Passed --  16.3  5 3128 3058670  520
Test (2C): unreliable churn ...
leader is 2
leader is 2
leader is 2
leader is 2
leader is 3
2024/06/21 08:39:19 3: log map[1:4497395879953458037 2:4032095655107598522 3:8174636035063747494 4:7607549004178315939 5:7767378437060352167 6:4942059349234991128 7:6074153005987291571 8:6282170268125273277 9:2461392178155034627 10:5123338483084614547 11:4623035397331665766 12:6944530630799057424 13:79693952779792127 14:5323619145259090663 15:1365995822752365644 16:801348512511828216 17:115678436516758003 18:7904520908415768187 19:2338362145409714106 20:2947688974425639676 21:4134663360386399290 22:5082229712745691337 23:8009889976543369653 24:5315085931725095691 25:3006820765973253598 26:2867749674176133272 27:356538385905278260 28:7767236012555091459 29:6055442983145341804 30:5055651682066373678 31:8071525889567011913 32:4128220565605864376 33:3701357137925877806 34:1700269121295295151 35:4474420881608877690 36:238415466596342698 37:3971722643363774599 38:7419400124776192387 39:6096030138460268909 40:5491628308773299127 41:4256981529114367382 42:2969668850074027560 43:4842428208999175330 44:3695955700262139747 45:6877290276656177430 46:8164824337389465262 47:4959134206583619061 48:4963994406570855757 49:4900252338051340123 50:6575336466285563176 51:8708966635238664020 52:4504488488840677278 53:8150156549148656654 54:1239487560598990438 55:1250967359785138115 56:4158450498958649826 57:6370818464021414311 58:2666728446247430288 59:3765810238299341627 60:1036516443937749398 61:2190850096270919823 62:4882453164914438335 63:1406381817209227145 64:779839418874996168 65:1471740113033825261 66:4287233288549149522 67:3637623078164019527 68:4603231463396509780 69:3265665035085847646 70:1527184665422254149 71:4515604456808499785 72:3075578162299401532 73:7764726646757007189 74:6856431678064098571 75:4484119950052971148 76:8117313256239995891 77:5617362291280845958 78:3638167374130101360 79:5270211488735629778 80:6458284084255772280 81:6572347145832670262 82:4700491175839563555 83:595433007952537275 84:950749110780364559 85:2004744087363867224 86:8366751080629989681 87:4394863962195411868 88:9105802182841653708 89:2510809086303975552 90:7250057152592831187 91:306651295197111392 92:7167212635578505909 93:370311977557881998 94:5557492475355238136 95:4085164840885606409 96:6762555478631282771 97:995220795231914929 98:3159511945836176517 99:4996827713231372193 100:6640621737065604119 101:3084479715593611415 102:6099994977301987615 103:1064982535336500071 104:4809309945342743893 105:6410475363948764008 106:4867825584636400135 107:6532201259205525938 108:3573222071333401517 109:2756859075846949384 110:265713089041761109 111:1162944743984198535 112:5373000756753554063 113:7363931570062047321 114:4102641902385571695 115:4539141542080305142 116:3541698518798596782 117:4824292826217483764 118:9080482504032813933 119:4688016264849990580 120:3337768970245998703 121:1290719431020915688 122:2109174983517886035 123:957172745807039888 124:1091737778456550929 125:8951478072011618374 126:7485906863726248149 127:2022704793064309895 128:5955636429173863824 129:1747533767705117296 130:321031507896414608 131:5087651870606397605 132:9201263087056173585 133:6617659536246437595 134:8275835529244134248 135:7426900489391822103 136:4219349927864097468 137:6817813714793337167 138:7383996970619422567 139:3230000158544211532 140:6407937336974719065 141:9140892893863550525 142:4973884664698279245 143:1384651803076152844 144:5989833559615551405 145:8628631206425500843 146:3124175394367998881 147:8666868510463813120 148:3134104254037651498 149:5162116900851684254 150:5244219250223465148 151:4366755106711591113 152:1945572609622068792 153:8436202345384745987 154:5916705794947897175 155:371026333044468596 156:4427918209051563519 157:6578893313275642162 158:4632611939824564395 159:1654186267110253487 160:5302877988199092270 161:6938749172724617907 162:3075730278075029876 163:6227332831793066242 164:6835102724140713274 165:3606403879538809462 166:7802776144062688565 167:598478830654223779 168:2041540852552850451 169:8463725857245017086 170:2432896937585046687 171:2433001648359222858 172:4418391881658320189 173:9084875504751568614 174:6541117390164833705 175:355381826873320550 176:1313280649480821635 177:3698701045167815601 178:1272310698833664614 179:3093713873432423036 180:5268118422062117104 181:7148010597406469087 182:1458372463456714585 183:661373132704143293 184:1699982076675510804 185:5052131105284965738 186:5225738142493182846 187:997499575378440177 188:7019073248748423118 189:8752918086915027560 190:7700442385058720567 191:3585400630596584099 192:5771418547281210097 193:656450579212918190 194:6364467425763195880 195:3807127186725655143 196:8047113097246282675 197:6474060917350584290 198:8093821275567795027 199:4667458979515402248 200:4205077214521531049 201:8164436464735771770 202:6002599052495809932 203:8263540498920498349 204:5790590285933325616 205:5758264669849910550 206:183903253455765825 207:2919693551737335607 208:7257800680156783127 209:1774862873348122472 210:8085988871279631 211:6145722218785908496 212:411526638539802821 213:3529965795278802808 214:1562539829497590555 215:4322079123178726476 216:3235141692056775173 217:1431973870306778212 218:9175265223832920366 219:6476098686252471403 220:1231220320236766306 221:7824792402176337917 222:1277865179313980916 223:1694808065820717037 224:3741113200428433945 225:8249547639999137639 226:6854633388754991763 227:4532142696892970688 228:6526026860816770989 229:3514692482232222665 230:6173176503210361675 231:5991386913643836241 232:842472508685126902 233:988177230776554307 234:6765088970882378030 235:5570919567745098750 236:1351045289006028223 237:1113428714984922705 238:1784476814013070498 239:8772259979613833269 240:7739364831329565658 241:3014029813432672357 242:2710108545485451076 243:8933646925957200323 244:540191754100731780 245:6024054360545054982 246:5450281219691931336 247:2649982288687127660 248:4199268448731686085 249:2623634778583198062 250:5276334004776210689 251:5776109917065155296 252:1860471250948201230 253:2558414180713251683 254:2261413997079141891 255:8376040474871925508 256:778115382446941358 257:4775151901950994048 258:6925325133957569304 259:7570734602208897684 260:4467866173020584299 261:2911691967008347702 262:1332141502636803195 263:2653785995366540194 264:1276640969254456290 265:6059080641604151860 266:9099839286370492990 267:3625462433590381430 268:9165545540927246482 269:7418932467522438322 270:3041858597914297145 271:2668844718669931262 272:396892103938049126 273:1216395916608819887 274:656695013080037269 275:5155802404919751364 276:7558369200602077023 277:4898623889399565412 278:6087332191876989199 279:2970120504138261216 280:1508333430082959652 281:4889205693252837196 282:3102590661721840694 283:6769441898270764740 284:3663285276305762734 285:5243097673496743168 286:6625667582851228805 287:4181158723129300003 288:4843038934808951764 289:4595345342353485342 290:5104579106351102788 291:2650252713825739773 292:324884984086311359 293:8902823517182381337 294:8420219577502281701 295:4358688604451640301 296:8995370524945045340 297:5952949657472037431 298:612312187446263761 299:9222563481360743729 300:7169302659940719107 301:6550950428809944566 302:2663325094896492505 303:3574409614587599412 304:7844320922422348288 305:4173672944234419901 306:1250004344868490350 307:6092859837556199064 308:5623202706043130826 309:5923371801698168610 310:8899922506097261994 311:7823043296689400224 312:860770859647144206 313:566152205490972554 314:2774852182323215126 315:977102163358783532 316:7634267819177332678 317:1452285938060845444 318:2245610241468053520 319:3734857127902628072 320:4731388003570701884 321:8632650794473361143 322:3272686846473207567 323:7845764389938988175 324:3147359184725787561 325:7101231195763036228 326:4297556090653610157 327:7808577797089964044 328:3524245395766241990 329:3693150416469963878 330:4801012589100789935 331:5654682673405907761 332:9082753506155721810 333:489820611072302202 334:4523181703266718312 335:3802268570025926256 336:6618914527346582872 337:2664760471109209435 338:492236118125168152 339:7456781970806869272 340:2813728225833582826 341:211135827610828788 342:1346955607368577395 343:8310462735001655482 344:744194865565656983 345:3116069737399438096 346:74177034406448159 347:4082427750629508375 348:3115240389493239330 349:2765940692608064075 350:3214230201217272946 351:7699236241303625912 352:2323547145696543019 353:2457982318404227639 354:7281542862628195189 355:5445501673265474204]; server map[1:4497395879953458037 2:4032095655107598522 3:8174636035063747494 4:7607549004178315939 5:7767378437060352167 6:4942059349234991128 7:6074153005987291571 8:6282170268125273277 9:2461392178155034627 10:5123338483084614547 11:4623035397331665766 12:6944530630799057424 13:79693952779792127 14:5323619145259090663 15:1365995822752365644 16:801348512511828216 17:115678436516758003 18:7904520908415768187 19:2338362145409714106 20:2947688974425639676 21:4134663360386399290 22:5082229712745691337 23:8009889976543369653 24:5315085931725095691 25:3006820765973253598 26:2867749674176133272 27:356538385905278260 28:7767236012555091459 29:6055442983145341804 30:5055651682066373678 31:8071525889567011913 32:4128220565605864376 33:3701357137925877806 34:1700269121295295151 35:4474420881608877690 36:238415466596342698 37:3971722643363774599 38:7419400124776192387 39:6096030138460268909 40:5491628308773299127 41:4256981529114367382 42:2969668850074027560 43:4842428208999175330 44:3695955700262139747 45:6877290276656177430 46:8164824337389465262 47:4959134206583619061 48:4963994406570855757 49:4900252338051340123 50:6575336466285563176 51:8708966635238664020 52:4504488488840677278 53:8150156549148656654 54:1239487560598990438 55:1250967359785138115 56:4158450498958649826 57:6370818464021414311 58:2666728446247430288 59:3765810238299341627 60:1036516443937749398 61:2190850096270919823 62:4882453164914438335 63:1406381817209227145 64:779839418874996168 65:1471740113033825261 66:4287233288549149522 67:3637623078164019527 68:4603231463396509780 69:3265665035085847646 70:1527184665422254149 71:4515604456808499785 72:3075578162299401532 73:7764726646757007189 74:6856431678064098571 75:4484119950052971148 76:8117313256239995891 77:5617362291280845958 78:3638167374130101360 79:5270211488735629778 80:6458284084255772280 81:6572347145832670262 82:4700491175839563555 83:595433007952537275 84:950749110780364559 85:2004744087363867224 86:8366751080629989681 87:4394863962195411868 88:9105802182841653708 89:2510809086303975552 90:7250057152592831187 91:306651295197111392 92:7167212635578505909 93:370311977557881998 94:5557492475355238136 95:4085164840885606409 96:6762555478631282771 97:995220795231914929 98:3159511945836176517 99:4996827713231372193 100:6640621737065604119 101:3084479715593611415 102:6099994977301987615 103:1064982535336500071 104:4809309945342743893 105:6410475363948764008 106:4867825584636400135 107:6532201259205525938 108:3573222071333401517 109:2756859075846949384 110:265713089041761109 111:1162944743984198535 112:5373000756753554063 113:7363931570062047321 114:4102641902385571695 115:4539141542080305142 116:3541698518798596782 117:4824292826217483764 118:9080482504032813933 119:4688016264849990580 120:3337768970245998703 121:1290719431020915688 122:2109174983517886035 123:957172745807039888 124:1091737778456550929 125:8951478072011618374 126:7485906863726248149 127:2022704793064309895 128:5955636429173863824 129:1747533767705117296 130:321031507896414608 131:5087651870606397605 132:9201263087056173585 133:6617659536246437595 134:8275835529244134248 135:7426900489391822103 136:4219349927864097468 137:6817813714793337167 138:7383996970619422567 139:3230000158544211532 140:6407937336974719065 141:9140892893863550525 142:4973884664698279245 143:1384651803076152844 144:5989833559615551405 145:8628631206425500843 146:3124175394367998881 147:8666868510463813120 148:3134104254037651498 149:5162116900851684254 150:5244219250223465148 151:4366755106711591113 152:1945572609622068792 153:8436202345384745987 154:5916705794947897175 155:371026333044468596 156:4427918209051563519 157:6578893313275642162 158:4632611939824564395 159:1654186267110253487 160:5302877988199092270 161:6938749172724617907 162:3075730278075029876 163:6227332831793066242 164:6835102724140713274 165:3606403879538809462 166:7802776144062688565 167:598478830654223779 168:2041540852552850451 169:8463725857245017086 170:2432896937585046687 171:2433001648359222858 172:4418391881658320189 173:9084875504751568614 174:6541117390164833705 175:355381826873320550 176:1313280649480821635 177:3698701045167815601 178:1272310698833664614 179:3093713873432423036 180:5268118422062117104 181:7148010597406469087 182:1458372463456714585 183:661373132704143293 184:1699982076675510804 185:5052131105284965738 186:5225738142493182846 187:997499575378440177 188:7019073248748423118 189:8752918086915027560 190:7700442385058720567 191:3585400630596584099 192:5771418547281210097 193:656450579212918190 194:6364467425763195880 195:3807127186725655143 196:8047113097246282675 197:6474060917350584290 198:8093821275567795027 199:4667458979515402248 200:4205077214521531049 201:8164436464735771770 202:6002599052495809932 203:8263540498920498349 204:5790590285933325616 205:5758264669849910550 206:183903253455765825 207:2919693551737335607 208:7257800680156783127 209:1774862873348122472 210:8085988871279631 211:6145722218785908496 212:411526638539802821 213:3529965795278802808 214:1562539829497590555 215:4322079123178726476 216:3235141692056775173 217:1431973870306778212 218:9175265223832920366 219:6476098686252471403 220:1231220320236766306 221:7824792402176337917 222:1277865179313980916 223:1694808065820717037 224:3741113200428433945 225:8249547639999137639 226:6854633388754991763 227:4532142696892970688 228:6526026860816770989 229:3514692482232222665 230:6173176503210361675 231:5991386913643836241 232:842472508685126902 233:988177230776554307 234:6765088970882378030 235:5570919567745098750 236:1351045289006028223 237:1113428714984922705 238:1784476814013070498 239:8772259979613833269 240:7739364831329565658 241:3014029813432672357 242:2710108545485451076 243:8933646925957200323 244:540191754100731780 245:6024054360545054982 246:5450281219691931336 247:2649982288687127660 248:4199268448731686085 249:2623634778583198062 250:5276334004776210689 251:5776109917065155296 252:1860471250948201230 253:2558414180713251683 254:2261413997079141891 255:8376040474871925508 256:778115382446941358 257:4775151901950994048 258:6925325133957569304 259:7570734602208897684 260:4467866173020584299 261:2911691967008347702 262:1332141502636803195 263:2653785995366540194 264:1276640969254456290 265:6059080641604151860 266:9099839286370492990 267:3625462433590381430 268:9165545540927246482 269:7418932467522438322 270:3041858597914297145 271:2668844718669931262 272:396892103938049126 273:1216395916608819887 274:656695013080037269 275:5155802404919751364 276:7558369200602077023 277:4898623889399565412 278:6087332191876989199 279:2970120504138261216 280:1508333430082959652 281:4889205693252837196 282:3102590661721840694 283:6769441898270764740 284:3663285276305762734 285:5243097673496743168 286:6625667582851228805 287:4181158723129300003 288:4843038934808951764 289:4595345342353485342 290:5104579106351102788 291:2650252713825739773 292:324884984086311359 293:8902823517182381337 294:8420219577502281701 295:4358688604451640301 296:8995370524945045340 297:5952949657472037431 298:612312187446263761 299:9222563481360743729 300:7169302659940719107 301:6550950428809944566 302:2663325094896492505 303:3574409614587599412 304:7844320922422348288 305:4173672944234419901 306:1250004344868490350 307:6092859837556199064 308:5623202706043130826 309:5923371801698168610 310:8899922506097261994 311:7823043296689400224 312:860770859647144206 313:566152205490972554 314:2774852182323215126 315:977102163358783532 316:7634267819177332678 317:1452285938060845444 318:2245610241468053520 319:3734857127902628072 320:4731388003570701884 321:8632650794473361143 322:3272686846473207567 323:7845764389938988175 324:3147359184725787561 325:7101231195763036228 326:4297556090653610157 327:7808577797089964044 328:3524245395766241990 329:3693150416469963878 330:4801012589100789935 331:5654682673405907761 332:9082753506155721810 333:489820611072302202 334:4523181703266718312 335:3802268570025926256 336:6618914527346582872 337:2664760471109209435 338:492236118125168152 339:7456781970806869272 340:2813728225833582826 341:211135827610828788 342:1346955607368577395 343:8310462735001655482 344:744194865565656983 345:3116069737399438096 346:74177034406448159 347:4082427750629508375 348:3115240389493239330 349:2765940692608064075 350:3214230201217272946 351:7699236241303625912 352:2323547145696543019 353:2457982318404227639 354:7281542862628195189 355:5445501673265474204 356:8887148649199851653]
2024/06/21 08:39:19 apply error: commit index=356 server=3 3231174972996616902 != server=2 8887148649199851653
exit status 1
FAIL	6.5840/raft	124.519s
