Test (2C): basic persistence ...
leader is 1
leader is 2
leader is 2
leader is 0
leader is 2
  ... Passed --   5.5  3  132   33404    7
Test (2C): more persistence ...
leader is 3
leader is 1
leader is 4
leader is 2
leader is 0
leader is 3
  ... Passed --  16.8  5 1143  242490   16
Test (2C): partitioned leader and one follower crash, leader restarts ...
leader is 0
leader is 0
  ... Passed --   1.5  3   42   10046    4
Test (2C): Figure 8 ...
leader is 2
leader is 3
leader is 1
leader is 1
leader is 4
leader is 2
leader is 0
leader is 1
leader is 4
leader is 4
leader is 4
leader is 3
leader is 2
leader is 0
leader is 1
leader is 3
leader is 3
leader is 3
leader is 4
leader is 0
leader is 1
leader is 2
leader is 2
leader is 0
leader is 0
leader is 0
leader is 0
leader is 0
leader is 0
leader is 3
leader is 3
leader is 1
leader is 0
leader is 3
leader is 1
leader is 0
leader is 4
leader is 2
leader is 1
leader is 3
leader is 3
leader is 2
leader is 0
leader is 1
leader is 1
leader is 3
leader is 4
leader is 1
leader is 1
leader is 2
leader is 0
leader is 0
leader is 0
leader is 3
leader is 4
leader is 0
leader is 2
leader is 4
leader is 1
leader is 2
leader is 2
leader is 2
leader is 2
leader is 3
leader is 3
leader is 3
leader is 4
leader is 4
leader is 4
leader is 0
leader is 0
leader is 1
leader is 3
leader is 3
leader is 4
leader is 2
leader is 1
leader is 0
leader is 3
leader is 3
leader is 4
leader is 1
leader is 1
leader is 1
leader is 2
leader is 2
  ... Passed --  31.7  5 1740  364432   86
Test (2C): unreliable agreement ...
leader is 1
  ... Passed --   4.0  5 1136  376412  246
Test (2C): Figure 8 (unreliable) ...
leader is 1
leader is 2
leader is 4
leader is 3
leader is 0
leader is 1
leader is 3
leader is 4
leader is 0
leader is 2
leader is 2
leader is 1
leader is 1
2024/06/21 08:29:57 1: log map[1:6448 2:1967 3:2298 4:3525 5:2796 6:3973 7:8635 8:3870 9:342 10:138 11:6174 12:7473 13:3440 14:8061 15:2474 16:8462 17:8953 18:5713 19:6202 20:5462 21:8119 22:9643 23:6363 24:5367 25:3792 26:1775 27:6811 28:3063 29:4794 30:1487 31:1308 32:4547 33:8320 34:279 35:4129 36:596 37:1297 38:8131 39:7500 40:4748 41:2688]; server map[1:6448 2:1967 3:2298 4:3525 5:2796 6:3973 7:8635 8:3870 9:342 10:138 11:6174 12:7473 13:3440 14:8061 15:2474 16:8462 17:8953 18:5713 19:6202 20:5462 21:8119 22:9643 23:6363 24:5367 25:3792 26:1775 27:6811 28:3063 29:4794 30:1487 31:1308 32:4547 33:8320 34:279 35:4129 36:596 37:1297 38:8131 39:7500 40:4748 41:2688 42:574]
2024/06/21 08:29:57 apply error: commit index=42 server=1 6241 != server=2 574
exit status 1
FAIL	6.5840/raft	84.990s
