Test (2C): basic persistence ...
leader is 2
leader is 2
leader is 2
leader is 1
leader is 0
  ... Passed --   5.7  3  136   34308    6
Test (2C): more persistence ...
leader is 4
leader is 2
leader is 0
leader is 3
leader is 1
leader is 4
  ... Passed --  15.9  5 1555  345308   16
Test (2C): partitioned leader and one follower crash, leader restarts ...
leader is 2
leader is 2
  ... Passed --   1.5  3   42   10110    4
Test (2C): Figure 8 ...
leader is 3
leader is 2
leader is 4
leader is 4
leader is 1
leader is 1
leader is 2
leader is 2
leader is 0
leader is 0
leader is 0
leader is 1
leader is 1
leader is 2
leader is 4
leader is 4
leader is 0
leader is 4
leader is 4
leader is 4
leader is 3
leader is 0
leader is 2
leader is 2
leader is 2
leader is 2
leader is 4
leader is 2
leader is 2
leader is 3
leader is 3
leader is 3
leader is 0
leader is 0
leader is 1
leader is 3
leader is 3
leader is 2
leader is 4
leader is 1
leader is 1
leader is 2
leader is 0
leader is 4
leader is 4
leader is 4
leader is 3
leader is 0
leader is 1
leader is 1
leader is 4
leader is 0
leader is 0
leader is 0
leader is 0
leader is 2
leader is 1
leader is 3
leader is 2
leader is 2
leader is 4
leader is 1
leader is 2
leader is 4
leader is 1
leader is 2
leader is 3
leader is 3
leader is 4
leader is 4
leader is 4
leader is 2
leader is 0
leader is 3
leader is 3
leader is 1
leader is 1
leader is 1
  ... Passed --  24.6  5 1536  321298   74
Test (2C): unreliable agreement ...
leader is 2
  ... Passed --   3.7  5 1140  377655  246
Test (2C): Figure 8 (unreliable) ...
leader is 2
leader is 4
leader is 1
2024/06/21 08:22:08 1: log map[1:9060 2:6813 3:8863 4:8364 5:317]; server map[1:9060 2:6813 3:8863 4:8364 5:317 6:8193]
2024/06/21 08:22:08 apply error: commit index=6 server=1 9801 != server=2 8193
exit status 1
FAIL	6.5840/raft	54.307s
