Test (2C): basic persistence ...
leader is 2
leader is 2
leader is 2
leader is 0
leader is 2
  ... Passed --   5.8  3  136   34148    6
Test (2C): more persistence ...
leader is 3
leader is 1
leader is 4
leader is 2
leader is 0
leader is 3
  ... Passed --  16.6  5 1126  236870   16
Test (2C): partitioned leader and one follower crash, leader restarts ...
leader is 1
leader is 1
  ... Passed --   1.5  3   42   10114    4
Test (2C): Figure 8 ...
leader is 4
leader is 3
leader is 2
leader is 2
leader is 0
leader is 0
leader is 1
leader is 3
leader is 4
leader is 2
leader is 0
leader is 3
leader is 3
leader is 1
leader is 4
leader is 4
leader is 2
leader is 0
leader is 3
leader is 2
leader is 2
leader is 0
leader is 2
leader is 4
leader is 0
leader is 0
leader is 3
leader is 3
leader is 1
leader is 4
leader is 4
leader is 4
leader is 2
leader is 3
leader is 0
leader is 1
leader is 1
leader is 1
leader is 1
leader is 1
leader is 4
leader is 2
leader is 2
leader is 0
leader is 0
leader is 4
leader is 1
leader is 1
leader is 3
leader is 4
leader is 1
leader is 3
leader is 4
leader is 2
leader is 2
leader is 0
leader is 0
leader is 1
leader is 2
leader is 0
leader is 3
leader is 3
leader is 3
leader is 4
leader is 1
leader is 1
leader is 1
leader is 2
leader is 0
leader is 1
leader is 3
leader is 3
leader is 2
leader is 0
leader is 1
leader is 3
leader is 3
leader is 2
leader is 1
leader is 1
leader is 4
leader is 3
leader is 2
leader is 1
leader is 0
leader is 4
leader is 1
leader is 1
leader is 1
leader is 3
leader is 3
  ... Passed --  36.8  5 1932  406702   90
Test (2C): unreliable agreement ...
leader is 2
  ... Passed --   4.2  5 1156  380183  246
Test (2C): Figure 8 (unreliable) ...
leader is 1
leader is 3
leader is 4
leader is 2
leader is 0
leader is 4
leader is 3
leader is 3
leader is 3
2024/06/21 08:30:55 3: log map[1:6494 2:8141 3:2382 4:4434 5:3184]; server map[1:6494 2:8141 3:2382 4:4434 5:3184 6:9679]
2024/06/21 08:30:55 apply error: commit index=6 server=3 2297 != server=2 9679
exit status 1
FAIL	6.5840/raft	87.433s
