Test (2C): basic persistence ...
leader is 0
leader is 1
leader is 2
leader is 2
leader is 1
leader is 0
  ... Passed --   5.2  3  134   34054    7
Test (2C): more persistence ...
leader is 2
leader is 0
leader is 3
leader is 1
leader is 4
leader is 2
  ... Passed --  16.7  5 1238  261288   16
Test (2C): partitioned leader and one follower crash, leader restarts ...
leader is 1
leader is 1
  ... Passed --   1.5  3   42   10114    4
Test (2C): Figure 8 ...
leader is 4
leader is 2
leader is 0
leader is 3
leader is 3
leader is 1
leader is 1
leader is 4
leader is 2
leader is 1
leader is 3
leader is 0
leader is 4
leader is 2
leader is 1
leader is 1
leader is 1
leader is 0
leader is 0
leader is 0
leader is 4
leader is 3
leader is 2
leader is 4
leader is 4
leader is 4
leader is 4
leader is 4
leader is 0
leader is 0
leader is 2
leader is 1
leader is 0
leader is 0
leader is 2
leader is 2
leader is 3
leader is 3
leader is 4
leader is 0
leader is 1
leader is 2
leader is 2
leader is 2
leader is 2
leader is 3
leader is 0
leader is 0
leader is 0
leader is 2
leader is 1
leader is 3
leader is 4
leader is 0
leader is 1
leader is 4
leader is 4
leader is 4
leader is 3
leader is 3
leader is 0
leader is 4
leader is 4
leader is 2
leader is 2
leader is 1
leader is 1
leader is 4
leader is 2
leader is 0
leader is 0
leader is 1
leader is 3
leader is 2
leader is 0
leader is 1
leader is 4
leader is 4
leader is 2
leader is 3
leader is 0
leader is 1
leader is 3
leader is 3
leader is 0
leader is 2
leader is 2
leader is 1
leader is 4
leader is 3
leader is 3
leader is 0
leader is 0
leader is 1
leader is 2
leader is 3
leader is 3
leader is 1
leader is 4
leader is 2
leader is 2
  ... Passed --  36.0  5 2112  446904   99
Test (2C): unreliable agreement ...
leader is 4
  ... Passed --   3.8  5 1140  374179  246
Test (2C): Figure 8 (unreliable) ...
leader is 0
leader is 4
leader is 3
leader is 1
leader is 2
leader is 3
leader is 0
leader is 4
leader is 1
leader is 0
leader is 0
leader is 1
leader is 1
  ... Passed --  38.4  5 10092 17855532  347
Test (2C): churn ...
leader is 0
leader is 2
leader is 3
  ... Passed --  16.2  5 5792 10570215  727
Test (2C): unreliable churn ...
leader is 1
leader is 2
2024/06/21 08:18:32 3: log map[1:6723605114389283649 2:104837952075579409 3:7705278377946921092 4:341567357883768330 5:1466118432200472421 6:7681199841041358220 7:7117814025635595164 8:7236359852773418737 9:4716396181649491601 10:7158589148333252185 11:8945266195918198351 12:4112783562676070469 13:4082822240384727460 14:4966873908681479671 15:2773299176358937295 16:3756392081709766724 17:4820097356645123205 18:8303728649562362290 19:1581556987102886369 20:4787761134806439681 21:318442270724166531 22:810480999831692302 23:5786699823928680953 24:8535642738731117331 25:2308526015173044862 26:4968752242856646111 27:4814570167274710409 28:2810571937765813768 29:8365331862454721605 30:5198413234815534421 31:7003997089417952632 32:4444261968202692088 33:3623503297054613139 34:2214014259267654422 35:4159425495273934770 36:2382710645869610564 37:8231438581075934139 38:5847117702996436000 39:2959977612651904411 40:71283432708963410 41:6073689486782534168 42:3617723847243208485 43:6753867455227689440 44:9167763068934119625 45:3310208502363455002 46:2877426961792208188 47:1214582530796554450 48:3056430923735346958 49:3530848174192538702 50:8211447365445572553 51:2879387502529911075 52:4151731080846866076 53:4927123582223215335 54:2256603222138566972 55:1091214640679768011 56:9042431775893379021 57:4878875458426891568 58:7924886469828178404 59:7620812577736596224 60:2385418210155524523 61:3172283446226662501 62:382226510230105968 63:1346228778329785650 64:2775539361705205815 65:346041295212075910 66:23021513357715648 67:4709876809575870277 68:3399135895068243884 69:2458743830181900049 70:4219965652329492807 71:4133470059902604954 72:3675112448046680654 73:8623085724998594440 74:7683869807017662742 75:4890186371213414825 76:5676886823633499926 77:7653561888242914104 78:7941776972547634851]; server map[1:6723605114389283649 2:104837952075579409 3:7705278377946921092 4:341567357883768330 5:1466118432200472421 6:7681199841041358220 7:7117814025635595164 8:7236359852773418737 9:4716396181649491601 10:7158589148333252185 11:8945266195918198351 12:4112783562676070469 13:4082822240384727460 14:4966873908681479671 15:2773299176358937295 16:3756392081709766724 17:4820097356645123205 18:8303728649562362290 19:1581556987102886369 20:4787761134806439681 21:318442270724166531 22:810480999831692302 23:5786699823928680953 24:8535642738731117331 25:2308526015173044862 26:4968752242856646111 27:4814570167274710409 28:2810571937765813768 29:8365331862454721605 30:5198413234815534421 31:7003997089417952632 32:4444261968202692088 33:3623503297054613139 34:2214014259267654422 35:4159425495273934770 36:2382710645869610564 37:8231438581075934139 38:5847117702996436000 39:2959977612651904411 40:71283432708963410 41:6073689486782534168 42:3617723847243208485 43:6753867455227689440 44:9167763068934119625 45:3310208502363455002 46:2877426961792208188 47:1214582530796554450 48:3056430923735346958 49:3530848174192538702 50:8211447365445572553 51:2879387502529911075 52:4151731080846866076 53:4927123582223215335 54:2256603222138566972 55:1091214640679768011 56:9042431775893379021 57:4878875458426891568 58:7924886469828178404 59:7620812577736596224 60:2385418210155524523 61:3172283446226662501 62:382226510230105968 63:1346228778329785650 64:2775539361705205815 65:346041295212075910 66:23021513357715648 67:4709876809575870277 68:3399135895068243884 69:2458743830181900049 70:4219965652329492807 71:4133470059902604954 72:3675112448046680654 73:8623085724998594440 74:7683869807017662742 75:4890186371213414825 76:5676886823633499926 77:7653561888242914104 78:7941776972547634851 79:1447379226019141872]
2024/06/21 08:18:32 apply error: commit index=79 server=3 5928341925439812856 != server=1 1447379226019141872
exit status 1
FAIL	6.5840/raft	121.603s
