Test (2C): basic persistence ...
leader is 2
leader is 2
leader is 2
leader is 1
leader is 1
  ... Passed --   5.6  3  134   34020    7
Test (2C): more persistence ...
leader is 4
leader is 2
leader is 0
leader is 3
leader is 1
leader is 4
  ... Passed --  15.8  5 1355  300244   16
Test (2C): partitioned leader and one follower crash, leader restarts ...
leader is 0
leader is 0
  ... Passed --   1.5  3   42   10046    4
Test (2C): Figure 8 ...
leader is 3
leader is 2
leader is 1
leader is 0
leader is 4
leader is 2
leader is 1
leader is 0
leader is 3
leader is 3
leader is 3
leader is 3
leader is 3
leader is 2
leader is 2
leader is 1
leader is 1
leader is 4
leader is 0
leader is 0
leader is 3
leader is 4
leader is 1
leader is 0
leader is 4
leader is 4
leader is 2
leader is 2
leader is 3
leader is 1
leader is 0
leader is 4
leader is 3
leader is 1
leader is 1
leader is 1
leader is 2
leader is 4
leader is 4
leader is 0
leader is 2
leader is 1
leader is 3
leader is 4
leader is 0
leader is 0
leader is 0
leader is 1
leader is 2
leader is 0
leader is 1
leader is 2
leader is 3
leader is 4
leader is 4
leader is 1
leader is 0
leader is 0
leader is 3
leader is 2
leader is 1
leader is 0
leader is 0
leader is 4
leader is 4
leader is 4
leader is 2
leader is 0
leader is 4
leader is 4
leader is 4
leader is 4
leader is 4
leader is 4
leader is 3
leader is 2
leader is 1
leader is 1
leader is 0
leader is 3
leader is 3
leader is 2
leader is 0
leader is 4
leader is 4
leader is 1
leader is 1
leader is 1
leader is 1
leader is 0
leader is 3
leader is 2
leader is 4
leader is 4
leader is 4
leader is 3
leader is 3
  ... Passed --  31.8  5 1944  408586   95
Test (2C): unreliable agreement ...
leader is 0
  ... Passed --   4.0  5 1152  373778  246
Test (2C): Figure 8 (unreliable) ...
leader is 3
leader is 4
leader is 1
leader is 0
leader is 4
leader is 2
leader is 3
leader is 1
leader is 4
leader is 2
leader is 3
leader is 4
leader is 1
leader is 0
leader is 1
  ... Passed --  32.3  5 11257 20848296  242
Test (2C): churn ...
leader is 1
leader is 0
leader is 1
leader is 2
leader is 3
  ... Passed --  16.2  5 4016 2712020  764
Test (2C): unreliable churn ...
leader is 1
leader is 3
2024/06/21 08:43:58 3: log map[1:4882884250800977142 2:3363584950258168276 3:1644028589974580397 4:3868857002937112428 5:2161301414149879665 6:1745606173543045476 7:4191407794181968089 8:7340644939091746055 9:1567933557354104549 10:2087806614082279062 11:3953500774718741248 12:8487245780834695637 13:1712949611761255047 14:8394454854008355007 15:3583327337598610756 16:6982199248165610410 17:7230590858928345966 18:1728322229785645440 19:7149798885527597180 20:1834623797049844667 21:4329064035898130709 22:2969799739153261137 23:893735132059561428 24:8126550954532259790 25:3010598361329911561 26:8603947275024151283 27:445980699739720208 28:3611785506947101135 29:5015044220065499142 30:2772051703369623934 31:4501583971414553135 32:6718678539480643961 33:569046130915007229 34:850835268977602227 35:3380662134750493309 36:4677014172862340391 37:4769785621885087902 38:5902716639897685547 39:8577658005943213428 40:6255251678838201411 41:5116400728058891800 42:8692390080720368101 43:1683670538937731436 44:5245185001826250283 45:4386206751708173511 46:2070535220198097103 47:1103138730310370184 48:2976197592437263814 49:728315287684732045 50:7187608983721057856 51:826300818295965060 52:1588058014168744718 53:2691291663846607115 54:5835399640104265031 55:6191686826389438509 56:5733677660855098348 57:290570245147930684 58:5948946535817099382 59:8532215083114329214 60:2545400372692218575 61:3421458662469106172 62:6103355545789361941 63:1266143991627607116 64:6449205373056290163 65:5945164920368626556 66:5844707037833517435 67:7842792331282593834 68:3781564439832284445 69:7575387823731970843 70:8028202323356439988 71:1116345675179240572 72:5936030599301717147 73:814669345278717501 74:4525577785190292199 75:9052321820689947715 76:8590387226056632100 77:6333453576869027029 78:5103542319316016693 79:3758323647863579116 80:2050400988254231867 81:8582442606391972326 82:1512123725161028361 83:8179798325994333176 84:4255462068244022267 85:7165709148579164066 86:7178644328243391820 87:7948510643465958055 88:5740952552126542473 89:4570360650379914592 90:458446608540470457 91:1655706448329777353 92:5848071217894685331 93:5288030624383051374 94:7082712135099747209 95:1722084063584049309 96:2881509932234405456 97:4036938299595982136 98:4115379347697068230 99:8352681071196332521 100:1572611760852066850 101:2076862638783788341 102:8476826334483404172 103:285922402828454143 104:169592871118292670 105:7271251156203718364 106:3038537800973823066 107:1364279502990407088 108:2924267660638733794 109:8402647424447893502 110:658954286815978103 111:361161338658779800 112:9170512645611565612 113:5914370843263852523 114:3315451254840874563 115:5298638492512004112 116:4784309656368729496 117:280000577010798313 118:3358746841806018372 119:6609744032100860045 120:9024679842571945482 121:4544271909163599495 122:8299116756511947641 123:8593413631752388060 124:4286810662452738077 125:5899268652112249300 126:6631896785249501753 127:5058875217225543503 128:5723558011986813118 129:1438203916440066784 130:4424610401961868806 131:1839482179541239977 132:2786171322372590877 133:828142176373076387 134:8434832962174330545 135:7798758035483017208 136:5107809861335239551 137:5816847790242142019 138:5138487885561614706 139:92889947938567010 140:6868427157644115045 141:8408783659798172181 142:432630562404716107 143:7640242881234249113 144:1457039884840797001 145:1089468397826927258 146:7809502435882314238 147:1371293989981967915 148:2441870331782447151 149:7504668192346758784 150:6913052557285484148 151:2392394102092592763 152:6105629127627762279 153:5010355855605978286 154:722838119783862540 155:8158048607167295899 156:8785320842462820630 157:7465526171204644321 158:8500117822772507816 159:7568252673969301372 160:7608193700559790811 161:2035098330504791657 162:8581905453973704312 163:2247030376138657189 164:967358834399001264 165:3117969989475322266 166:1203674402586273759 167:1679155073036572496 168:1848040412847304831 169:5800387074948149100 170:6404280261294164013 171:4632044312745788813 172:59411608407784922 173:6441003987759637193 174:4658432160998787808 175:94300621461206446 176:8871241233802615279 177:9081289536735492508 178:1055912955316121664 179:6059650593064305070 180:6896548597988563082 181:7143642954099196302 182:3889833990654040884 183:2593145829224845447 184:4057182976381272130 185:4186349721446379449 186:2948167183692250830 187:4382083098105534144 188:1396688793463315668 189:3104065509024239293 190:168601369864166193 191:3040642872976383512 192:8607404927589863882 193:5744118736911541783 194:7393163520116567173 195:1792786843101198862 196:3471779381318659199 197:8802439195255410255 198:499320316777644366 199:1415498365763057567 200:725316134834296698 201:5177041241688892718 202:601344720121687626 203:8930000237770803850 204:2691254037550656288 205:73525747603312529 206:8401912678014285946 207:5220157601100461236 208:2250172652448395864 209:533583713181945443 210:453144293773062573 211:7188511393897633263 212:2518283546908406406 213:1206185546926763427 214:6809014783598901334 215:4254261741846542276 216:5757491946254967340 217:6199175396931581575 218:1315094595188747005 219:7177955067209053047 220:8397129044026913937 221:61380343134179509 222:3426731705095376537 223:5148603747080146138 224:1859575926648170309 225:2206642469678153729 226:6424945250125925611 227:6944226273237689453 228:3006989681677100125 229:5672031392393150155 230:2666097953261706918 231:5951532298799132652 232:4009389841425190468 233:7652572075657335043 234:3856604866651312258 235:5588835040215882895 236:156374092033851507 237:6745538733199456640 238:8230319487901302694 239:6472299724158253340 240:3482380756629657722 241:2631006775146736821 242:6666623209722021451 243:2348575314877427035 244:2836343824394211994 245:6622644416202500965 246:2154400448227477265 247:6410769632420973094 248:257806224142575652 249:7828077417864646965 250:4498520199838888269 251:2262837781150644373 252:8698060755640971107 253:445055131818182813 254:5732171471805617857 255:6482298387695292477 256:5920705415401531272 257:7458671845340028495 258:5206559274134923016 259:4320550742898990787 260:1336070247592700556 261:320609909735052772 262:8767174510129141606 263:198920308985680205 264:2207654711081297658 265:913333631824017253 266:6542078141859949740 267:4122293727586778699 268:8133441627359165286 269:6970665227010881363 270:5560551616996429836 271:4735910509081938353 272:5674871984577059507 273:8756755524872735876 274:1055846823169474251 275:7436617285559243188 276:5459055179351037180 277:6059363448652135469 278:5010167122158653538 279:7470885971199462935 280:3411787408114279892 281:8054353178276291488 282:3796052110325672159 283:6738015200170875164 284:1102806470992578051 285:4999604640837289939 286:3471971773972362707 287:2047854102318472358 288:3311567587195481215 289:3699007590245992531 290:4314772974732361859 291:7155501271778760352 292:1304330916590510742 293:4177180197117010293 294:2167354841810028191 295:292003472713389599 296:127207311066785290 297:8136646674925792874 298:2026921692912208969 299:3413242064636232921 300:6435579309864068155 301:6280528470461386482 302:1813500484811647967 303:7560757630656494794 304:554614828431213444 305:3088097646365844044 306:8243392045601320360 307:3269338612017211400 308:4186009184052764772 309:3428997956248553556 310:8932395729491750480 311:8943103644206783492 312:1856943611888071241 313:7173137071769721717 314:8630995987686872198 315:6467661384288455299 316:1786984180123894596 317:8540367106030820647 318:1510203709609925189 319:5358347428628843335 320:8887026218565466530 321:4030956064010843089 322:493761447921480295 323:6999764705808585081 324:5550714778595533 325:6006897273698460202 326:2017915379748583856 327:532987897486563476 328:6139772763501770634 329:7602990562492452281 330:995687208369920917 331:7876443068566338239 332:3486351531999385881 333:7433201239097803657 334:6285254328880217908 335:4947796721989505647 336:2485029793509212087 337:7181553867123800188 338:8903777685768420246 339:1903965874837847073 340:5126594046420374622 341:8440284445902516800 342:8703649117156791969 343:8405140806676688167 344:7035347841300630757 345:9201059491829366568 346:2764650192597557980 347:1056898963241688265 348:8771031116035015396 349:6783316407427702398 350:6346628430483821828 351:1702474923031556107 352:9028911840027943075 353:4639500063230370169 354:664920481176989741 355:8842349753169211938 356:8033101380555156961 357:5078347331811215732 358:3845381191097933668 359:178230728855659444 360:3218508888465150714 361:2793945454432529333 362:7838925822716560791 363:2798915985012736441 364:5028983618148770444 365:4001452997164392845 366:3256308367206397265 367:253291241563604405 368:1168857616425477131 369:7648361668501901697 370:3817036025672600880 371:9222478377846066964 372:6364742649408240406 373:3391485561949585993 374:7886403288474448463 375:6238327208946438490 376:8377557336213661111 377:3943421594769308172 378:1776108765093326627 379:8019682557998191888 380:7782016558060991216 381:2045641346743540288 382:4400154811850019838 383:151201523620502343 384:5202902953747972943 385:2505392234772117389 386:5930079508141613616 387:8397644363375767548 388:8449642149001976279 389:5689714529133377051 390:1800224652016195273 391:6803847031425537391 392:6978506416503360749 393:5125857883299837422 394:8019057671323813698 395:4541527576874135550 396:3882968811880191157 397:9133061112550465188 398:9181777354311158243 399:2672034724888529445 400:8557321041130905855 401:5467936606500162924 402:954409951375080576 403:5840845387450418147 404:1185554332259653058 405:2623031661578469662 406:4654250941466063106 407:2147836874744072030 408:770663733077053807 409:4517388497284434747 410:7481624295897715400 411:3212559139956226134 412:3029837570426530922 413:8161054210931595066 414:6240881780413490416 415:4978012087295774831 416:7311050855883356362 417:6335467527108728893 418:4866204140239029588 419:7479350198505418199 420:8985349600832721345 421:7689670555102376343 422:2121497759985954044 423:4693275091225788605 424:8496236246748368781 425:6913478689734028169 426:1359046348803184464 427:4062170782612931581 428:1465471988297918850 429:4944750005765012406 430:2466268648224968591 431:1354833817846900947 432:896849907938887972 433:397527694849054235 434:4238498098984368244 435:1646721249801290563 436:382999746371700832 437:7625556408209666475 438:4164443940718856241 439:3483051135872711776 440:2410155491122040516 441:3519965364447656959 442:2660192070515968685 443:3801937644542343397 444:8638952444518980112 445:8614480949505554643 446:6194754885269539635 447:4803892218239321225 448:699577832845335127 449:5768614313326730225 450:7838749472011354290 451:5985992300813285584 452:3146445205736399444 453:7159494890597890633 454:4173053796149877270 455:5952088367034795997 456:7101131092151121785 457:530344855519925278 458:3335955058236956638 459:8842650442485477200 460:5304510613408529807 461:4518805754480692848 462:8306334808662847243 463:6086977185045071222 464:6359399465315887664 465:6643053237068477619 466:1787104055769961433 467:117163933106802148 468:6398844937371969723 469:545017895782838671 470:8079012968568765147 471:1097939577042241310 472:4333185817543383527 473:734142852613909486 474:724947058127937859 475:6874955002356929613 476:4627219992283577951 477:1702062202832837574 478:1526827500704127430 479:1320460033143724797 480:6049469148932286524 481:7778971105741596247 482:6236675187434800315 483:8346802909070949162 484:4142760071089092690 485:7714025142321402794 486:4874660743205812109 487:1354027882738666734]; server map[1:4882884250800977142 2:3363584950258168276 3:1644028589974580397 4:3868857002937112428 5:2161301414149879665 6:1745606173543045476 7:4191407794181968089 8:7340644939091746055 9:1567933557354104549 10:2087806614082279062 11:3953500774718741248 12:8487245780834695637 13:1712949611761255047 14:8394454854008355007 15:3583327337598610756 16:6982199248165610410 17:7230590858928345966 18:1728322229785645440 19:7149798885527597180 20:1834623797049844667 21:4329064035898130709 22:2969799739153261137 23:893735132059561428 24:8126550954532259790 25:3010598361329911561 26:8603947275024151283 27:445980699739720208 28:3611785506947101135 29:5015044220065499142 30:2772051703369623934 31:4501583971414553135 32:6718678539480643961 33:569046130915007229 34:850835268977602227 35:3380662134750493309 36:4677014172862340391 37:4769785621885087902 38:5902716639897685547 39:8577658005943213428 40:6255251678838201411 41:5116400728058891800 42:8692390080720368101 43:1683670538937731436 44:5245185001826250283 45:4386206751708173511 46:2070535220198097103 47:1103138730310370184 48:2976197592437263814 49:728315287684732045 50:7187608983721057856 51:826300818295965060 52:1588058014168744718 53:2691291663846607115 54:5835399640104265031 55:6191686826389438509 56:5733677660855098348 57:290570245147930684 58:5948946535817099382 59:8532215083114329214 60:2545400372692218575 61:3421458662469106172 62:6103355545789361941 63:1266143991627607116 64:6449205373056290163 65:5945164920368626556 66:5844707037833517435 67:7842792331282593834 68:3781564439832284445 69:7575387823731970843 70:8028202323356439988 71:1116345675179240572 72:5936030599301717147 73:814669345278717501 74:4525577785190292199 75:9052321820689947715 76:8590387226056632100 77:6333453576869027029 78:5103542319316016693 79:3758323647863579116 80:2050400988254231867 81:8582442606391972326 82:1512123725161028361 83:8179798325994333176 84:4255462068244022267 85:7165709148579164066 86:7178644328243391820 87:7948510643465958055 88:5740952552126542473 89:4570360650379914592 90:458446608540470457 91:1655706448329777353 92:5848071217894685331 93:5288030624383051374 94:7082712135099747209 95:1722084063584049309 96:2881509932234405456 97:4036938299595982136 98:4115379347697068230 99:8352681071196332521 100:1572611760852066850 101:2076862638783788341 102:8476826334483404172 103:285922402828454143 104:169592871118292670 105:7271251156203718364 106:3038537800973823066 107:1364279502990407088 108:2924267660638733794 109:8402647424447893502 110:658954286815978103 111:361161338658779800 112:9170512645611565612 113:5914370843263852523 114:3315451254840874563 115:5298638492512004112 116:4784309656368729496 117:280000577010798313 118:3358746841806018372 119:6609744032100860045 120:9024679842571945482 121:4544271909163599495 122:8299116756511947641 123:8593413631752388060 124:4286810662452738077 125:5899268652112249300 126:6631896785249501753 127:5058875217225543503 128:5723558011986813118 129:1438203916440066784 130:4424610401961868806 131:1839482179541239977 132:2786171322372590877 133:828142176373076387 134:8434832962174330545 135:7798758035483017208 136:5107809861335239551 137:5816847790242142019 138:5138487885561614706 139:92889947938567010 140:6868427157644115045 141:8408783659798172181 142:432630562404716107 143:7640242881234249113 144:1457039884840797001 145:1089468397826927258 146:7809502435882314238 147:1371293989981967915 148:2441870331782447151 149:7504668192346758784 150:6913052557285484148 151:2392394102092592763 152:6105629127627762279 153:5010355855605978286 154:722838119783862540 155:8158048607167295899 156:8785320842462820630 157:7465526171204644321 158:8500117822772507816 159:7568252673969301372 160:7608193700559790811 161:2035098330504791657 162:8581905453973704312 163:2247030376138657189 164:967358834399001264 165:3117969989475322266 166:1203674402586273759 167:1679155073036572496 168:1848040412847304831 169:5800387074948149100 170:6404280261294164013 171:4632044312745788813 172:59411608407784922 173:6441003987759637193 174:4658432160998787808 175:94300621461206446 176:8871241233802615279 177:9081289536735492508 178:1055912955316121664 179:6059650593064305070 180:6896548597988563082 181:7143642954099196302 182:3889833990654040884 183:2593145829224845447 184:4057182976381272130 185:4186349721446379449 186:2948167183692250830 187:4382083098105534144 188:1396688793463315668 189:3104065509024239293 190:168601369864166193 191:3040642872976383512 192:8607404927589863882 193:5744118736911541783 194:7393163520116567173 195:1792786843101198862 196:3471779381318659199 197:8802439195255410255 198:499320316777644366 199:1415498365763057567 200:725316134834296698 201:5177041241688892718 202:601344720121687626 203:8930000237770803850 204:2691254037550656288 205:73525747603312529 206:8401912678014285946 207:5220157601100461236 208:2250172652448395864 209:533583713181945443 210:453144293773062573 211:7188511393897633263 212:2518283546908406406 213:1206185546926763427 214:6809014783598901334 215:4254261741846542276 216:5757491946254967340 217:6199175396931581575 218:1315094595188747005 219:7177955067209053047 220:8397129044026913937 221:61380343134179509 222:3426731705095376537 223:5148603747080146138 224:1859575926648170309 225:2206642469678153729 226:6424945250125925611 227:6944226273237689453 228:3006989681677100125 229:5672031392393150155 230:2666097953261706918 231:5951532298799132652 232:4009389841425190468 233:7652572075657335043 234:3856604866651312258 235:5588835040215882895 236:156374092033851507 237:6745538733199456640 238:8230319487901302694 239:6472299724158253340 240:3482380756629657722 241:2631006775146736821 242:6666623209722021451 243:2348575314877427035 244:2836343824394211994 245:6622644416202500965 246:2154400448227477265 247:6410769632420973094 248:257806224142575652 249:7828077417864646965 250:4498520199838888269 251:2262837781150644373 252:8698060755640971107 253:445055131818182813 254:5732171471805617857 255:6482298387695292477 256:5920705415401531272 257:7458671845340028495 258:5206559274134923016 259:4320550742898990787 260:1336070247592700556 261:320609909735052772 262:8767174510129141606 263:198920308985680205 264:2207654711081297658 265:913333631824017253 266:6542078141859949740 267:4122293727586778699 268:8133441627359165286 269:6970665227010881363 270:5560551616996429836 271:4735910509081938353 272:5674871984577059507 273:8756755524872735876 274:1055846823169474251 275:7436617285559243188 276:5459055179351037180 277:6059363448652135469 278:5010167122158653538 279:7470885971199462935 280:3411787408114279892 281:8054353178276291488 282:3796052110325672159 283:6738015200170875164 284:1102806470992578051 285:4999604640837289939 286:3471971773972362707 287:2047854102318472358 288:3311567587195481215 289:3699007590245992531 290:4314772974732361859 291:7155501271778760352 292:1304330916590510742 293:4177180197117010293 294:2167354841810028191 295:292003472713389599 296:127207311066785290 297:8136646674925792874 298:2026921692912208969 299:3413242064636232921 300:6435579309864068155 301:6280528470461386482 302:1813500484811647967 303:7560757630656494794 304:554614828431213444 305:3088097646365844044 306:8243392045601320360 307:3269338612017211400 308:4186009184052764772 309:3428997956248553556 310:8932395729491750480 311:8943103644206783492 312:1856943611888071241 313:7173137071769721717 314:8630995987686872198 315:6467661384288455299 316:1786984180123894596 317:8540367106030820647 318:1510203709609925189 319:5358347428628843335 320:8887026218565466530 321:4030956064010843089 322:493761447921480295 323:6999764705808585081 324:5550714778595533 325:6006897273698460202 326:2017915379748583856 327:532987897486563476 328:6139772763501770634 329:7602990562492452281 330:995687208369920917 331:7876443068566338239 332:3486351531999385881 333:7433201239097803657 334:6285254328880217908 335:4947796721989505647 336:2485029793509212087 337:7181553867123800188 338:8903777685768420246 339:1903965874837847073 340:5126594046420374622 341:8440284445902516800 342:8703649117156791969 343:8405140806676688167 344:7035347841300630757 345:9201059491829366568 346:2764650192597557980 347:1056898963241688265 348:8771031116035015396 349:6783316407427702398 350:6346628430483821828 351:1702474923031556107 352:9028911840027943075 353:4639500063230370169 354:664920481176989741 355:8842349753169211938 356:8033101380555156961 357:5078347331811215732 358:3845381191097933668 359:178230728855659444 360:3218508888465150714 361:2793945454432529333 362:7838925822716560791 363:2798915985012736441 364:5028983618148770444 365:4001452997164392845 366:3256308367206397265 367:253291241563604405 368:1168857616425477131 369:7648361668501901697 370:3817036025672600880 371:9222478377846066964 372:6364742649408240406 373:3391485561949585993 374:7886403288474448463 375:6238327208946438490 376:8377557336213661111 377:3943421594769308172 378:1776108765093326627 379:8019682557998191888 380:7782016558060991216 381:2045641346743540288 382:4400154811850019838 383:151201523620502343 384:5202902953747972943 385:2505392234772117389 386:5930079508141613616 387:8397644363375767548 388:8449642149001976279 389:5689714529133377051 390:1800224652016195273 391:6803847031425537391 392:6978506416503360749 393:5125857883299837422 394:8019057671323813698 395:4541527576874135550 396:3882968811880191157 397:9133061112550465188 398:9181777354311158243 399:2672034724888529445 400:8557321041130905855 401:5467936606500162924 402:954409951375080576 403:5840845387450418147 404:1185554332259653058 405:2623031661578469662 406:4654250941466063106 407:2147836874744072030 408:770663733077053807 409:4517388497284434747 410:7481624295897715400 411:3212559139956226134 412:3029837570426530922 413:8161054210931595066 414:6240881780413490416 415:4978012087295774831 416:7311050855883356362 417:6335467527108728893 418:4866204140239029588 419:7479350198505418199 420:8985349600832721345 421:7689670555102376343 422:2121497759985954044 423:4693275091225788605 424:8496236246748368781 425:6913478689734028169 426:1359046348803184464 427:4062170782612931581 428:1465471988297918850 429:4944750005765012406 430:2466268648224968591 431:1354833817846900947 432:896849907938887972 433:397527694849054235 434:4238498098984368244 435:1646721249801290563 436:382999746371700832 437:7625556408209666475 438:4164443940718856241 439:3483051135872711776 440:2410155491122040516 441:3519965364447656959 442:2660192070515968685 443:3801937644542343397 444:8638952444518980112 445:8614480949505554643 446:6194754885269539635 447:4803892218239321225 448:699577832845335127 449:5768614313326730225 450:7838749472011354290 451:5985992300813285584 452:3146445205736399444 453:7159494890597890633 454:4173053796149877270 455:5952088367034795997 456:7101131092151121785 457:530344855519925278 458:3335955058236956638 459:8842650442485477200 460:5304510613408529807 461:4518805754480692848 462:8306334808662847243 463:6086977185045071222 464:6359399465315887664 465:6643053237068477619 466:1787104055769961433 467:117163933106802148 468:6398844937371969723 469:545017895782838671 470:8079012968568765147 471:1097939577042241310 472:4333185817543383527 473:734142852613909486 474:724947058127937859 475:6874955002356929613 476:4627219992283577951 477:1702062202832837574 478:1526827500704127430 479:1320460033143724797 480:6049469148932286524 481:7778971105741596247 482:6236675187434800315 483:8346802909070949162 484:4142760071089092690 485:7714025142321402794 486:4874660743205812109 487:1354027882738666734 488:7903181663213053858]
2024/06/21 08:43:58 3: log map[1:4882884250800977142 2:3363584950258168276 3:1644028589974580397 4:3868857002937112428 5:2161301414149879665 6:1745606173543045476 7:4191407794181968089 8:7340644939091746055 9:1567933557354104549 10:2087806614082279062 11:3953500774718741248 12:8487245780834695637 13:1712949611761255047 14:8394454854008355007 15:3583327337598610756 16:6982199248165610410 17:7230590858928345966 18:1728322229785645440 19:7149798885527597180 20:1834623797049844667 21:4329064035898130709 22:2969799739153261137 23:893735132059561428 24:8126550954532259790 25:3010598361329911561 26:8603947275024151283 27:445980699739720208 28:3611785506947101135 29:5015044220065499142 30:2772051703369623934 31:4501583971414553135 32:6718678539480643961 33:569046130915007229 34:850835268977602227 35:3380662134750493309 36:4677014172862340391 37:4769785621885087902 38:5902716639897685547 39:8577658005943213428 40:6255251678838201411 41:5116400728058891800 42:8692390080720368101 43:1683670538937731436 44:5245185001826250283 45:4386206751708173511 46:2070535220198097103 47:1103138730310370184 48:2976197592437263814 49:728315287684732045 50:7187608983721057856 51:826300818295965060 52:1588058014168744718 53:2691291663846607115 54:5835399640104265031 55:6191686826389438509 56:5733677660855098348 57:290570245147930684 58:5948946535817099382 59:8532215083114329214 60:2545400372692218575 61:3421458662469106172 62:6103355545789361941 63:1266143991627607116 64:6449205373056290163 65:5945164920368626556 66:5844707037833517435 67:7842792331282593834 68:3781564439832284445 69:7575387823731970843 70:8028202323356439988 71:1116345675179240572 72:5936030599301717147 73:814669345278717501 74:4525577785190292199 75:9052321820689947715 76:8590387226056632100 77:6333453576869027029 78:5103542319316016693 79:3758323647863579116 80:2050400988254231867 81:8582442606391972326 82:1512123725161028361 83:8179798325994333176 84:4255462068244022267 85:7165709148579164066 86:7178644328243391820 87:7948510643465958055 88:5740952552126542473 89:4570360650379914592 90:458446608540470457 91:1655706448329777353 92:5848071217894685331 93:5288030624383051374 94:7082712135099747209 95:1722084063584049309 96:2881509932234405456 97:4036938299595982136 98:4115379347697068230 99:8352681071196332521 100:1572611760852066850 101:2076862638783788341 102:8476826334483404172 103:285922402828454143 104:169592871118292670 105:7271251156203718364 106:3038537800973823066 107:1364279502990407088 108:2924267660638733794 109:8402647424447893502 110:658954286815978103 111:361161338658779800 112:9170512645611565612 113:5914370843263852523 114:3315451254840874563 115:5298638492512004112 116:4784309656368729496 117:280000577010798313 118:3358746841806018372 119:6609744032100860045 120:9024679842571945482 121:4544271909163599495 122:8299116756511947641 123:8593413631752388060 124:4286810662452738077 125:5899268652112249300 126:6631896785249501753 127:5058875217225543503 128:5723558011986813118 129:1438203916440066784 130:4424610401961868806 131:1839482179541239977 132:2786171322372590877 133:828142176373076387 134:8434832962174330545 135:7798758035483017208 136:5107809861335239551 137:5816847790242142019 138:5138487885561614706 139:92889947938567010 140:6868427157644115045 141:8408783659798172181 142:432630562404716107 143:7640242881234249113 144:1457039884840797001 145:1089468397826927258 146:7809502435882314238 147:1371293989981967915 148:2441870331782447151 149:7504668192346758784 150:6913052557285484148 151:2392394102092592763 152:6105629127627762279 153:5010355855605978286 154:722838119783862540 155:8158048607167295899 156:8785320842462820630 157:7465526171204644321 158:8500117822772507816 159:7568252673969301372 160:7608193700559790811 161:2035098330504791657 162:8581905453973704312 163:2247030376138657189 164:967358834399001264 165:3117969989475322266 166:1203674402586273759 167:1679155073036572496 168:1848040412847304831 169:5800387074948149100 170:6404280261294164013 171:4632044312745788813 172:59411608407784922 173:6441003987759637193 174:4658432160998787808 175:94300621461206446 176:8871241233802615279 177:9081289536735492508 178:1055912955316121664 179:6059650593064305070 180:6896548597988563082 181:7143642954099196302 182:3889833990654040884 183:2593145829224845447 184:4057182976381272130 185:4186349721446379449 186:2948167183692250830 187:4382083098105534144 188:1396688793463315668 189:3104065509024239293 190:168601369864166193 191:3040642872976383512 192:8607404927589863882 193:5744118736911541783 194:7393163520116567173 195:1792786843101198862 196:3471779381318659199 197:8802439195255410255 198:499320316777644366 199:1415498365763057567 200:725316134834296698 201:5177041241688892718 202:601344720121687626 203:8930000237770803850 204:2691254037550656288 205:73525747603312529 206:8401912678014285946 207:5220157601100461236 208:2250172652448395864 209:533583713181945443 210:453144293773062573 211:7188511393897633263 212:2518283546908406406 213:1206185546926763427 214:6809014783598901334 215:4254261741846542276 216:5757491946254967340 217:6199175396931581575 218:1315094595188747005 219:7177955067209053047 220:8397129044026913937 221:61380343134179509 222:3426731705095376537 223:5148603747080146138 224:1859575926648170309 225:2206642469678153729 226:6424945250125925611 227:6944226273237689453 228:3006989681677100125 229:5672031392393150155 230:2666097953261706918 231:5951532298799132652 232:4009389841425190468 233:7652572075657335043 234:3856604866651312258 235:5588835040215882895 236:156374092033851507 237:6745538733199456640 238:8230319487901302694 239:6472299724158253340 240:3482380756629657722 241:2631006775146736821 242:6666623209722021451 243:2348575314877427035 244:2836343824394211994 245:6622644416202500965 246:2154400448227477265 247:6410769632420973094 248:257806224142575652 249:7828077417864646965 250:4498520199838888269 251:2262837781150644373 252:8698060755640971107 253:445055131818182813 254:5732171471805617857 255:6482298387695292477 256:5920705415401531272 257:7458671845340028495 258:5206559274134923016 259:4320550742898990787 260:1336070247592700556 261:320609909735052772 262:8767174510129141606 263:198920308985680205 264:2207654711081297658 265:913333631824017253 266:6542078141859949740 267:4122293727586778699 268:8133441627359165286 269:6970665227010881363 270:5560551616996429836 271:4735910509081938353 272:5674871984577059507 273:8756755524872735876 274:1055846823169474251 275:7436617285559243188 276:5459055179351037180 277:6059363448652135469 278:5010167122158653538 279:7470885971199462935 280:3411787408114279892 281:8054353178276291488 282:3796052110325672159 283:6738015200170875164 284:1102806470992578051 285:4999604640837289939 286:3471971773972362707 287:2047854102318472358 288:3311567587195481215 289:3699007590245992531 290:4314772974732361859 291:7155501271778760352 292:1304330916590510742 293:4177180197117010293 294:2167354841810028191 295:292003472713389599 296:127207311066785290 297:8136646674925792874 298:2026921692912208969 299:3413242064636232921 300:6435579309864068155 301:6280528470461386482 302:1813500484811647967 303:7560757630656494794 304:554614828431213444 305:3088097646365844044 306:8243392045601320360 307:3269338612017211400 308:4186009184052764772 309:3428997956248553556 310:8932395729491750480 311:8943103644206783492 312:1856943611888071241 313:7173137071769721717 314:8630995987686872198 315:6467661384288455299 316:1786984180123894596 317:8540367106030820647 318:1510203709609925189 319:5358347428628843335 320:8887026218565466530 321:4030956064010843089 322:493761447921480295 323:6999764705808585081 324:5550714778595533 325:6006897273698460202 326:2017915379748583856 327:532987897486563476 328:6139772763501770634 329:7602990562492452281 330:995687208369920917 331:7876443068566338239 332:3486351531999385881 333:7433201239097803657 334:6285254328880217908 335:4947796721989505647 336:2485029793509212087 337:7181553867123800188 338:8903777685768420246 339:1903965874837847073 340:5126594046420374622 341:8440284445902516800 342:8703649117156791969 343:8405140806676688167 344:7035347841300630757 345:9201059491829366568 346:2764650192597557980 347:1056898963241688265 348:8771031116035015396 349:6783316407427702398 350:6346628430483821828 351:1702474923031556107 352:9028911840027943075 353:4639500063230370169 354:664920481176989741 355:8842349753169211938 356:8033101380555156961 357:5078347331811215732 358:3845381191097933668 359:178230728855659444 360:3218508888465150714 361:2793945454432529333 362:7838925822716560791 363:2798915985012736441 364:5028983618148770444 365:4001452997164392845 366:3256308367206397265 367:253291241563604405 368:1168857616425477131 369:7648361668501901697 370:3817036025672600880 371:9222478377846066964 372:6364742649408240406 373:3391485561949585993 374:7886403288474448463 375:6238327208946438490 376:8377557336213661111 377:3943421594769308172 378:1776108765093326627 379:8019682557998191888 380:7782016558060991216 381:2045641346743540288 382:4400154811850019838 383:151201523620502343 384:5202902953747972943 385:2505392234772117389 386:5930079508141613616 387:8397644363375767548 388:8449642149001976279 389:5689714529133377051 390:1800224652016195273 391:6803847031425537391 392:6978506416503360749 393:5125857883299837422 394:8019057671323813698 395:4541527576874135550 396:3882968811880191157 397:9133061112550465188 398:9181777354311158243 399:2672034724888529445 400:8557321041130905855 401:5467936606500162924 402:954409951375080576 403:5840845387450418147 404:1185554332259653058 405:2623031661578469662 406:4654250941466063106 407:2147836874744072030 408:770663733077053807 409:4517388497284434747 410:7481624295897715400 411:3212559139956226134 412:3029837570426530922 413:8161054210931595066 414:6240881780413490416 415:4978012087295774831 416:7311050855883356362 417:6335467527108728893 418:4866204140239029588 419:7479350198505418199 420:8985349600832721345 421:7689670555102376343 422:2121497759985954044 423:4693275091225788605 424:8496236246748368781 425:6913478689734028169 426:1359046348803184464 427:4062170782612931581 428:1465471988297918850 429:4944750005765012406 430:2466268648224968591 431:1354833817846900947 432:896849907938887972 433:397527694849054235 434:4238498098984368244 435:1646721249801290563 436:382999746371700832 437:7625556408209666475 438:4164443940718856241 439:3483051135872711776 440:2410155491122040516 441:3519965364447656959 442:2660192070515968685 443:3801937644542343397 444:8638952444518980112 445:8614480949505554643 446:6194754885269539635 447:4803892218239321225 448:699577832845335127 449:5768614313326730225 450:7838749472011354290 451:5985992300813285584 452:3146445205736399444 453:7159494890597890633 454:4173053796149877270 455:5952088367034795997 456:7101131092151121785 457:530344855519925278 458:3335955058236956638 459:8842650442485477200 460:5304510613408529807 461:4518805754480692848 462:8306334808662847243 463:6086977185045071222 464:6359399465315887664 465:6643053237068477619 466:1787104055769961433 467:117163933106802148 468:6398844937371969723 469:545017895782838671 470:8079012968568765147 471:1097939577042241310 472:4333185817543383527 473:734142852613909486 474:724947058127937859 475:6874955002356929613 476:4627219992283577951 477:1702062202832837574 478:1526827500704127430 479:1320460033143724797 480:6049469148932286524 481:7778971105741596247 482:6236675187434800315 483:8346802909070949162 484:4142760071089092690 485:7714025142321402794 486:4874660743205812109 487:1354027882738666734]; server map[1:4882884250800977142 2:3363584950258168276 3:1644028589974580397 4:3868857002937112428 5:2161301414149879665 6:1745606173543045476 7:4191407794181968089 8:7340644939091746055 9:1567933557354104549 10:2087806614082279062 11:3953500774718741248 12:8487245780834695637 13:1712949611761255047 14:8394454854008355007 15:3583327337598610756 16:6982199248165610410 17:7230590858928345966 18:1728322229785645440 19:7149798885527597180 20:1834623797049844667 21:4329064035898130709 22:2969799739153261137 23:893735132059561428 24:8126550954532259790 25:3010598361329911561 26:8603947275024151283 27:445980699739720208 28:3611785506947101135 29:5015044220065499142 30:2772051703369623934 31:4501583971414553135 32:6718678539480643961 33:569046130915007229 34:850835268977602227 35:3380662134750493309 36:4677014172862340391 37:4769785621885087902 38:5902716639897685547 39:8577658005943213428 40:6255251678838201411 41:5116400728058891800 42:8692390080720368101 43:1683670538937731436 44:5245185001826250283 45:4386206751708173511 46:2070535220198097103 47:1103138730310370184 48:2976197592437263814 49:728315287684732045 50:7187608983721057856 51:826300818295965060 52:1588058014168744718 53:2691291663846607115 54:5835399640104265031 55:6191686826389438509 56:5733677660855098348 57:290570245147930684 58:5948946535817099382 59:8532215083114329214 60:2545400372692218575 61:3421458662469106172 62:6103355545789361941 63:1266143991627607116 64:6449205373056290163 65:5945164920368626556 66:5844707037833517435 67:7842792331282593834 68:3781564439832284445 69:7575387823731970843 70:8028202323356439988 71:1116345675179240572 72:5936030599301717147 73:814669345278717501 74:4525577785190292199 75:9052321820689947715 76:8590387226056632100 77:6333453576869027029 78:5103542319316016693 79:3758323647863579116 80:2050400988254231867 81:8582442606391972326 82:1512123725161028361 83:8179798325994333176 84:4255462068244022267 85:7165709148579164066 86:7178644328243391820 87:7948510643465958055 88:5740952552126542473 89:4570360650379914592 90:458446608540470457 91:1655706448329777353 92:5848071217894685331 93:5288030624383051374 94:7082712135099747209 95:1722084063584049309 96:2881509932234405456 97:4036938299595982136 98:4115379347697068230 99:8352681071196332521 100:1572611760852066850 101:2076862638783788341 102:8476826334483404172 103:285922402828454143 104:169592871118292670 105:7271251156203718364 106:3038537800973823066 107:1364279502990407088 108:2924267660638733794 109:8402647424447893502 110:658954286815978103 111:361161338658779800 112:9170512645611565612 113:5914370843263852523 114:3315451254840874563 115:5298638492512004112 116:4784309656368729496 117:280000577010798313 118:3358746841806018372 119:6609744032100860045 120:9024679842571945482 121:4544271909163599495 122:8299116756511947641 123:8593413631752388060 124:4286810662452738077 125:5899268652112249300 126:6631896785249501753 127:5058875217225543503 128:5723558011986813118 129:1438203916440066784 130:4424610401961868806 131:1839482179541239977 132:2786171322372590877 133:828142176373076387 134:8434832962174330545 135:7798758035483017208 136:5107809861335239551 137:5816847790242142019 138:5138487885561614706 139:92889947938567010 140:6868427157644115045 141:8408783659798172181 142:432630562404716107 143:7640242881234249113 144:1457039884840797001 145:1089468397826927258 146:7809502435882314238 147:1371293989981967915 148:2441870331782447151 149:7504668192346758784 150:6913052557285484148 151:2392394102092592763 152:6105629127627762279 153:5010355855605978286 154:722838119783862540 155:8158048607167295899 156:8785320842462820630 157:7465526171204644321 158:8500117822772507816 159:7568252673969301372 160:7608193700559790811 161:2035098330504791657 162:8581905453973704312 163:2247030376138657189 164:967358834399001264 165:3117969989475322266 166:1203674402586273759 167:1679155073036572496 168:1848040412847304831 169:5800387074948149100 170:6404280261294164013 171:4632044312745788813 172:59411608407784922 173:6441003987759637193 174:4658432160998787808 175:94300621461206446 176:8871241233802615279 177:9081289536735492508 178:1055912955316121664 179:6059650593064305070 180:6896548597988563082 181:7143642954099196302 182:3889833990654040884 183:2593145829224845447 184:4057182976381272130 185:4186349721446379449 186:2948167183692250830 187:4382083098105534144 188:1396688793463315668 189:3104065509024239293 190:168601369864166193 191:3040642872976383512 192:8607404927589863882 193:5744118736911541783 194:7393163520116567173 195:1792786843101198862 196:3471779381318659199 197:8802439195255410255 198:499320316777644366 199:1415498365763057567 200:725316134834296698 201:5177041241688892718 202:601344720121687626 203:8930000237770803850 204:2691254037550656288 205:73525747603312529 206:8401912678014285946 207:5220157601100461236 208:2250172652448395864 209:533583713181945443 210:453144293773062573 211:7188511393897633263 212:2518283546908406406 213:1206185546926763427 214:6809014783598901334 215:4254261741846542276 216:5757491946254967340 217:6199175396931581575 218:1315094595188747005 219:7177955067209053047 220:8397129044026913937 221:61380343134179509 222:3426731705095376537 223:5148603747080146138 224:1859575926648170309 225:2206642469678153729 226:6424945250125925611 227:6944226273237689453 228:3006989681677100125 229:5672031392393150155 230:2666097953261706918 231:5951532298799132652 232:4009389841425190468 233:7652572075657335043 234:3856604866651312258 235:5588835040215882895 236:156374092033851507 237:6745538733199456640 238:8230319487901302694 239:6472299724158253340 240:3482380756629657722 241:2631006775146736821 242:6666623209722021451 243:2348575314877427035 244:2836343824394211994 245:6622644416202500965 246:2154400448227477265 247:6410769632420973094 248:257806224142575652 249:7828077417864646965 250:4498520199838888269 251:2262837781150644373 252:8698060755640971107 253:445055131818182813 254:5732171471805617857 255:6482298387695292477 256:5920705415401531272 257:7458671845340028495 258:5206559274134923016 259:4320550742898990787 260:1336070247592700556 261:320609909735052772 262:8767174510129141606 263:198920308985680205 264:2207654711081297658 265:913333631824017253 266:6542078141859949740 267:4122293727586778699 268:8133441627359165286 269:6970665227010881363 270:5560551616996429836 271:4735910509081938353 272:5674871984577059507 273:8756755524872735876 274:1055846823169474251 275:7436617285559243188 276:5459055179351037180 277:6059363448652135469 278:5010167122158653538 279:7470885971199462935 280:3411787408114279892 281:8054353178276291488 282:3796052110325672159 283:6738015200170875164 284:1102806470992578051 285:4999604640837289939 286:3471971773972362707 287:2047854102318472358 288:3311567587195481215 289:3699007590245992531 290:4314772974732361859 291:7155501271778760352 292:1304330916590510742 293:4177180197117010293 294:2167354841810028191 295:292003472713389599 296:127207311066785290 297:8136646674925792874 298:2026921692912208969 299:3413242064636232921 300:6435579309864068155 301:6280528470461386482 302:1813500484811647967 303:7560757630656494794 304:554614828431213444 305:3088097646365844044 306:8243392045601320360 307:3269338612017211400 308:4186009184052764772 309:3428997956248553556 310:8932395729491750480 311:8943103644206783492 312:1856943611888071241 313:7173137071769721717 314:8630995987686872198 315:6467661384288455299 316:1786984180123894596 317:8540367106030820647 318:1510203709609925189 319:5358347428628843335 320:8887026218565466530 321:4030956064010843089 322:493761447921480295 323:6999764705808585081 324:5550714778595533 325:6006897273698460202 326:2017915379748583856 327:532987897486563476 328:6139772763501770634 329:7602990562492452281 330:995687208369920917 331:7876443068566338239 332:3486351531999385881 333:7433201239097803657 334:6285254328880217908 335:4947796721989505647 336:2485029793509212087 337:7181553867123800188 338:8903777685768420246 339:1903965874837847073 340:5126594046420374622 341:8440284445902516800 342:8703649117156791969 343:8405140806676688167 344:7035347841300630757 345:9201059491829366568 346:2764650192597557980 347:1056898963241688265 348:8771031116035015396 349:6783316407427702398 350:6346628430483821828 351:1702474923031556107 352:9028911840027943075 353:4639500063230370169 354:664920481176989741 355:8842349753169211938 356:8033101380555156961 357:5078347331811215732 358:3845381191097933668 359:178230728855659444 360:3218508888465150714 361:2793945454432529333 362:7838925822716560791 363:2798915985012736441 364:5028983618148770444 365:4001452997164392845 366:3256308367206397265 367:253291241563604405 368:1168857616425477131 369:7648361668501901697 370:3817036025672600880 371:9222478377846066964 372:6364742649408240406 373:3391485561949585993 374:7886403288474448463 375:6238327208946438490 376:8377557336213661111 377:3943421594769308172 378:1776108765093326627 379:8019682557998191888 380:7782016558060991216 381:2045641346743540288 382:4400154811850019838 383:151201523620502343 384:5202902953747972943 385:2505392234772117389 386:5930079508141613616 387:8397644363375767548 388:8449642149001976279 389:5689714529133377051 390:1800224652016195273 391:6803847031425537391 392:6978506416503360749 393:5125857883299837422 394:8019057671323813698 395:4541527576874135550 396:3882968811880191157 397:9133061112550465188 398:9181777354311158243 399:2672034724888529445 400:8557321041130905855 401:5467936606500162924 402:954409951375080576 403:5840845387450418147 404:1185554332259653058 405:2623031661578469662 406:4654250941466063106 407:2147836874744072030 408:770663733077053807 409:4517388497284434747 410:7481624295897715400 411:3212559139956226134 412:3029837570426530922 413:8161054210931595066 414:6240881780413490416 415:4978012087295774831 416:7311050855883356362 417:6335467527108728893 418:4866204140239029588 419:7479350198505418199 420:8985349600832721345 421:7689670555102376343 422:2121497759985954044 423:4693275091225788605 424:8496236246748368781 425:6913478689734028169 426:1359046348803184464 427:4062170782612931581 428:1465471988297918850 429:4944750005765012406 430:2466268648224968591 431:1354833817846900947 432:896849907938887972 433:397527694849054235 434:4238498098984368244 435:1646721249801290563 436:382999746371700832 437:7625556408209666475 438:4164443940718856241 439:3483051135872711776 440:2410155491122040516 441:3519965364447656959 442:2660192070515968685 443:3801937644542343397 444:8638952444518980112 445:8614480949505554643 446:6194754885269539635 447:4803892218239321225 448:699577832845335127 449:5768614313326730225 450:7838749472011354290 451:5985992300813285584 452:3146445205736399444 453:7159494890597890633 454:4173053796149877270 455:5952088367034795997 456:7101131092151121785 457:530344855519925278 458:3335955058236956638 459:8842650442485477200 460:5304510613408529807 461:4518805754480692848 462:8306334808662847243 463:6086977185045071222 464:6359399465315887664 465:6643053237068477619 466:1787104055769961433 467:117163933106802148 468:6398844937371969723 469:545017895782838671 470:8079012968568765147 471:1097939577042241310 472:4333185817543383527 473:734142852613909486 474:724947058127937859 475:6874955002356929613 476:4627219992283577951 477:1702062202832837574 478:1526827500704127430 479:1320460033143724797 480:6049469148932286524 481:7778971105741596247 482:6236675187434800315 483:8346802909070949162 484:4142760071089092690 485:7714025142321402794 486:4874660743205812109 487:1354027882738666734 488:7903181663213053858]
2024/06/21 08:43:58 apply error: commit index=488 server=3 1467891650042367224 != server=2 7903181663213053858
exit status 1
FAIL	6.5840/raft	123.574s
