Test (2C): basic persistence ...
leader is 2
leader is 1
leader is 1
leader is 2
leader is 1
  ... Passed --   5.6  3  136   34316    6
Test (2C): more persistence ...
leader is 1
leader is 4
leader is 2
leader is 0
leader is 3
leader is 1
  ... Passed --  16.8  5 1031  216256   16
Test (2C): partitioned leader and one follower crash, leader restarts ...
leader is 0
leader is 0
  ... Passed --   1.0  3   38    9416    4
Test (2C): Figure 8 ...
leader is 1
leader is 3
leader is 4
leader is 4
leader is 0
leader is 0
leader is 3
leader is 2
leader is 2
leader is 2
leader is 1
leader is 1
leader is 0
leader is 0
leader is 0
leader is 3
leader is 3
leader is 3
leader is 3
leader is 3
leader is 3
leader is 4
leader is 4
leader is 1
leader is 2
leader is 3
leader is 3
leader is 1
leader is 4
leader is 4
leader is 4
leader is 0
leader is 0
leader is 1
leader is 1
leader is 4
leader is 0
leader is 0
leader is 0
leader is 3
leader is 3
leader is 3
leader is 3
leader is 2
leader is 1
leader is 1
leader is 3
leader is 4
leader is 1
leader is 2
leader is 2
leader is 3
leader is 1
leader is 0
leader is 4
leader is 2
leader is 1
leader is 3
leader is 2
leader is 0
leader is 0
leader is 0
leader is 0
leader is 4
leader is 2
leader is 2
leader is 1
leader is 0
leader is 3
leader is 3
leader is 2
leader is 1
leader is 3
leader is 2
leader is 4
leader is 4
leader is 1
leader is 1
leader is 3
leader is 3
leader is 3
leader is 3
leader is 4
leader is 0
leader is 3
leader is 3
leader is 4
leader is 4
leader is 0
leader is 2
leader is 3
leader is 3
leader is 4
leader is 1
leader is 1
  ... Passed --  30.7  5 1875  394225   95
Test (2C): unreliable agreement ...
leader is 3
  ... Passed --   3.6  5 1136  377847  246
Test (2C): Figure 8 (unreliable) ...
leader is 4
leader is 1
leader is 3
leader is 0
leader is 2
leader is 4
leader is 3
2024/06/21 08:44:03 3: log map[1:8205 2:3011 3:9657 4:278]; server map[1:8205 2:3011 3:9657 4:278 5:2678]
2024/06/21 08:44:03 3: log map[1:8205 2:3011 3:9657 4:278]; server map[1:8205 2:3011 3:9657 4:278 5:2678]
2024/06/21 08:44:03 apply error: commit index=5 server=3 6963 != server=2 2678
exit status 1
FAIL	6.5840/raft	68.225s
