Test (2C): basic persistence ...
leader is 0
leader is 1
leader is 1
leader is 0
leader is 2
  ... Passed --   5.5  3  132   33242    6
Test (2C): more persistence ...
leader is 4
leader is 2
leader is 0
leader is 3
leader is 1
leader is 4
  ... Passed --  16.3  5 1204  258952   16
Test (2C): partitioned leader and one follower crash, leader restarts ...
leader is 2
leader is 2
  ... Passed --   1.4  3   40    9536    4
Test (2C): Figure 8 ...
leader is 4
leader is 0
leader is 1
leader is 1
leader is 3
leader is 0
leader is 0
leader is 0
leader is 2
leader is 4
leader is 0
leader is 0
leader is 0
leader is 3
leader is 4
leader is 4
leader is 0
leader is 0
leader is 0
leader is 1
leader is 1
leader is 4
leader is 3
leader is 1
leader is 2
leader is 4
leader is 0
leader is 1
leader is 4
leader is 3
leader is 3
leader is 0
leader is 2
leader is 1
leader is 1
leader is 0
leader is 0
leader is 4
leader is 3
leader is 2
leader is 4
leader is 4
leader is 1
leader is 0
leader is 2
leader is 1
leader is 3
leader is 3
leader is 3
leader is 0
leader is 4
leader is 4
leader is 2
leader is 1
leader is 3
leader is 3
leader is 3
leader is 0
leader is 1
leader is 2
leader is 4
leader is 0
leader is 2
leader is 4
leader is 3
leader is 3
leader is 0
leader is 0
leader is 1
leader is 2
leader is 3
leader is 3
leader is 3
leader is 3
leader is 3
leader is 1
leader is 4
leader is 4
leader is 0
leader is 0
leader is 0
leader is 0
leader is 3
leader is 4
leader is 4
leader is 2
leader is 2
leader is 2
  ... Passed --  33.0  5 1854  388977   83
Test (2C): unreliable agreement ...
leader is 2
  ... Passed --   3.8  5 1140  373000  246
Test (2C): Figure 8 (unreliable) ...
leader is 4
leader is 1
leader is 2
leader is 3
leader is 0
2024/06/21 08:47:56 0: log map[1:1547 2:9019 3:9717 4:8610 5:9260 6:5898 7:8416 8:148 9:1577 10:2337 11:6013 12:8001 13:4261]; server map[1:1547 2:9019 3:9717 4:8610 5:9260 6:5898 7:8416 8:148 9:1577 10:2337 11:6013 12:8001 13:4261 14:5312]
2024/06/21 08:47:56 apply error: commit index=14 server=0 249 != server=3 5312
exit status 1
FAIL	6.5840/raft	65.041s
