Test (2C): basic persistence ...
leader is 0
leader is 0
leader is 0
leader is 2
leader is 1
  ... Passed --   5.8  3  138   34714    7
Test (2C): more persistence ...
leader is 4
leader is 2
leader is 0
leader is 3
leader is 1
leader is 4
  ... Passed --  16.6  5 1319  286940   16
Test (2C): partitioned leader and one follower crash, leader restarts ...
leader is 2
leader is 2
  ... Passed --   1.5  3   42   10110    4
Test (2C): Figure 8 ...
leader is 4
leader is 3
leader is 1
leader is 0
leader is 3
leader is 1
leader is 1
leader is 1
leader is 1
leader is 2
leader is 3
leader is 0
leader is 4
leader is 1
leader is 1
leader is 0
leader is 2
leader is 1
leader is 2
leader is 0
leader is 4
leader is 2
leader is 2
leader is 1
leader is 3
leader is 3
leader is 0
leader is 4
leader is 1
leader is 3
leader is 0
leader is 2
leader is 1
leader is 0
leader is 2
leader is 4
leader is 3
leader is 1
leader is 0
leader is 0
leader is 2
leader is 2
leader is 2
leader is 1
leader is 1
leader is 3
leader is 2
leader is 4
leader is 4
leader is 4
leader is 1
leader is 3
leader is 3
leader is 3
leader is 3
leader is 0
leader is 2
leader is 4
leader is 1
leader is 2
leader is 0
leader is 0
leader is 3
leader is 2
leader is 2
leader is 0
leader is 4
leader is 4
leader is 2
leader is 3
leader is 3
leader is 3
leader is 4
leader is 2
leader is 0
leader is 3
leader is 1
leader is 2
leader is 2
  ... Passed --  30.6  5 1748  367215   73
Test (2C): unreliable agreement ...
leader is 0
  ... Passed --   4.0  5 1156  373170  246
Test (2C): Figure 8 (unreliable) ...
leader is 3
leader is 0
leader is 4
leader is 1
leader is 2
leader is 3
leader is 0
leader is 1
leader is 3
leader is 3
leader is 0
leader is 2
leader is 0
leader is 3
leader is 1
leader is 4
leader is 4
  ... Passed --  36.6  5 8868 10891412  199
Test (2C): churn ...
leader is 1
leader is 3
leader is 3
leader is 0
  ... Passed --  16.4  5 3324 5604686  658
Test (2C): unreliable churn ...
leader is 3
leader is 2
leader is 0
2024/06/21 08:45:31 0: log map[1:3776278465461442373 2:7614192440533109059 3:5231116991736211127 4:2613300611278748959 5:8810172367335343325 6:5258386386601939478 7:7567687841725546693 8:5083733698656124465 9:8127902313699321280 10:543436605478595992 11:401874151301138201 12:8559537254931248543 13:1221754406563933158 14:4608264364763672994 15:1666226241896311970 16:1644182461137366639 17:3447283499124203470 18:6597495755305541398 19:7371742780877522663 20:7212769689683097354 21:2664918401087775873 22:2235677565157932609 23:9026317953408218104 24:8775773233988023549 25:6115910690919542752 26:7801629689456265240 27:8631504704229764067 28:8083937997205139092 29:5914774747392777231 30:5691587790365212976 31:4821965931365148301 32:4194904053114244887 33:2778679730243519142 34:7840776791050697365 35:6087308260451842246 36:1992022948533156677 37:1738120664209401570 38:9207260244545262259 39:7850577568113288813 40:351072196486563830 41:4037581360942880795 42:1245848804527238242 43:2111212160206820334 44:1692282899574188451 45:3136389053489469431 46:5906817229480564715 47:6209491038307281330 48:6005255116173393335 49:4639476423014235129 50:9222901473451075850 51:5301809621695763347 52:551391187670256597 53:2441235612333767402 54:4030251123057270416 55:4107300210058236459 56:6321881998598853556 57:2691927333145323166 58:1049030330215799258 59:2198458449887230859 60:5385960839723127871 61:244385118053367817 62:2512254940579974693 63:3491221267256808199 64:5831070478405735452 65:3944521025969202020 66:5576027139149514028 67:8003392724519722238 68:8575604225193421563 69:8074875648776853769 70:1611561421224636305 71:7448533456391652162 72:4779547244116497918 73:1774955039312159526 74:427661809607591368 75:3999103708739292558 76:7515002425800407008 77:4261823957949970464 78:8192679271731798032 79:4194724767131384432 80:8234772722143551463 81:7690612441340644010 82:3880193660482631323 83:3202663048165632468 84:3828153527542213509 85:1835360175770853256 86:484030123882158974 87:6363201216027521324 88:211843656000219708 89:2389792740172038150 90:6988456370894203745 91:7009495821320367964 92:8791315416320133292 93:951945140892118807 94:5937726525086048029 95:1529022415834887351 96:6815000061147827050 97:5195288207413939703 98:757258825460893976 99:7264440779454484801 100:2897764691187714154 101:2667390698521117739 102:1951826339242899891 103:5258122837731706869 104:3788529421691500598 105:1825177132805751051 106:88583827125517213 107:4598232929417105474 108:7222798596205641579 109:1431804103503972499 110:6107615306401766469 111:55712339560250681 112:6235006056051194816 113:2978119087813934492 114:3091866314045013083 115:2341293293707039781 116:6990740608974658538 117:1364198580970173648 118:7459180276623262582 119:4236735783814602863 120:7704600660805672869 121:5359644623135332328 122:511384673105886248 123:825258967633518091 124:5403852045125827215 125:3523820619840099993 126:5106716272292637202 127:517856829429117664 128:6059041324389100081 129:8897780456920780230 130:6181469241716052431 131:2530760293290224525 132:2932702964775865445 133:2489871949924991765 134:7038409232781957872 135:6510960110276241195 136:4663581306071243314 137:7857276294144467681 138:3105859254707015763 139:4710248901538488443 140:3978686547420006084 141:630495582019797648 142:1278034200518863779 143:2818640655319905120 144:3507868900506078404 145:2574903594999320866 146:6055867990116820338 147:6774660822792999734 148:899354460222065437 149:314439413519029294 150:1613637069868223519 151:7724089209451183795 152:6737698303015724348 153:6659198398827099125 154:299465011685701782 155:7268271784528715958 156:4309165924905934149 157:3392682431441356298 158:8844273839262080952 159:7372055047833031161 160:2940949921288186198 161:8248720399066954054 162:6232431572774962071 163:8772807822001944249 164:9125840760159921149 165:7722199148388628512 166:1248087574649889713 167:6996576128684410002 168:2683589062022229213 169:4128185746281222235 170:8206468656853280113 171:2721204137742079465 172:5046431807405302252 173:7777159737296202686 174:2546130063266344476 175:1387334456904873202 176:5293638600796009856 177:6361389209033068967 178:8538081956297047562 179:4366038172450867601 180:296447582634888725 181:2317960840167719699 182:1942964011753107129 183:7315629994945636225 184:3675208817213939611 185:3357056565589462482 186:4457726518689379292 187:3108122997084778032 188:2099530621003784275 189:8325005334953086339 190:8656224567737658963 191:4210147476795260178 192:4852048249596955324 193:8411898169953149757 194:1283719544342202806 195:2085525891572468856 196:2998193882753437295 197:675559086786347326 198:4707919245763015786 199:3704531936102761869 200:7299047721617173811 201:3106312104948494052 202:1139909378103268960 203:2789643518494569355 204:4015085687854762472 205:1517446060539116627 206:2685996566676892810 207:1467703020788826184 208:942724966225701646 209:6531939163079793962 210:2620629728443339791 211:728518953839229037 212:804988724876863402 213:3301864091988288409 214:7333536457257909329 215:3226502445180446281 216:3025902375863940727 217:3409438350506532763 218:7774760683421432606 219:8358999217476845099 220:5374230954994010185 221:15284923573300217 222:1920384485383383443 223:24547867250181960 224:7107726770686345474 225:2593093702854857703 226:7109825476839538821 227:8635824155113520377 228:1970184444326067889 229:5246951440877312186 230:6514091125900462432 231:2732969436080472396 232:1697065134123640016 233:100648228329244009 234:4183189923212892379 235:1495984537150238623 236:8552176229137810458 237:5185936183427491519 238:3735361172239215968 239:7170121633819448953 240:1526969484417439716 241:5751810029695147123 242:8988235589416732872 243:3927588007309063747 244:798146797269520251 245:7932230640193764000 246:6437700845656867919 247:5299292523265355632 248:3989964628991901274 249:2976189240410290740 250:8226719791291749094 251:8611266880583530776 252:4364091160932108868 253:2157893724053557900 254:634872083985037496 255:5511719062669701072 256:2818405520591510844 257:2825979792267963076 258:3409104579037015610 259:5765751958875153875 260:5712522766072566613 261:1381481710361954294 262:506127641206673368 263:267207445289289227 264:3792196505685341870 265:5661874125728839661 266:214521815648813358 267:8861645037605753728 268:1681976975506322894 269:5503324369439285368 270:7616138810054887882 271:3519386930688342637 272:3773135378123450984 273:1784222097738972217 274:6058152510582980669 275:563040240389814006 276:3712093276632111911 277:7100278542068471027 278:6249141947752477247 279:2189837628234896354 280:7422252973613424059 281:5068643291794286220 282:9023623667583636561 283:301984910466846543 284:2407970728202724481 285:791228409403042435 286:5190430840838666983 287:221183749197366296 288:4457998736093333324 289:3755050372514975134 290:3026750518048547322 291:9016172421552522135 292:8123433341861267745 293:2695901609613943415 294:6338752615116544942 295:8661896668334614481 296:2814617805344887633 297:5909522373597346243 298:6865622160366102459 299:7747909417307172469 300:9220222272924829530 301:5473892096160568474 302:3221209089737031374 303:3630770367746915998 304:6716156192677642759 305:8689455784230017467 306:7986797115723870310 307:5485211514676009537 308:4408452631208257269 309:3139246727006790144 310:461130657723772600 311:653449325067506895]; server map[1:3776278465461442373 2:7614192440533109059 3:5231116991736211127 4:2613300611278748959 5:8810172367335343325 6:5258386386601939478 7:7567687841725546693 8:5083733698656124465 9:8127902313699321280 10:543436605478595992 11:401874151301138201 12:8559537254931248543 13:1221754406563933158 14:4608264364763672994 15:1666226241896311970 16:1644182461137366639 17:3447283499124203470 18:6597495755305541398 19:7371742780877522663 20:7212769689683097354 21:2664918401087775873 22:2235677565157932609 23:9026317953408218104 24:8775773233988023549 25:6115910690919542752 26:7801629689456265240 27:8631504704229764067 28:8083937997205139092 29:5914774747392777231 30:5691587790365212976 31:4821965931365148301 32:4194904053114244887 33:2778679730243519142 34:7840776791050697365 35:6087308260451842246 36:1992022948533156677 37:1738120664209401570 38:9207260244545262259 39:7850577568113288813 40:351072196486563830 41:4037581360942880795 42:1245848804527238242 43:2111212160206820334 44:1692282899574188451 45:3136389053489469431 46:5906817229480564715 47:6209491038307281330 48:6005255116173393335 49:4639476423014235129 50:9222901473451075850 51:5301809621695763347 52:551391187670256597 53:2441235612333767402 54:4030251123057270416 55:4107300210058236459 56:6321881998598853556 57:2691927333145323166 58:1049030330215799258 59:2198458449887230859 60:5385960839723127871 61:244385118053367817 62:2512254940579974693 63:3491221267256808199 64:5831070478405735452 65:3944521025969202020 66:5576027139149514028 67:8003392724519722238 68:8575604225193421563 69:8074875648776853769 70:1611561421224636305 71:7448533456391652162 72:4779547244116497918 73:1774955039312159526 74:427661809607591368 75:3999103708739292558 76:7515002425800407008 77:4261823957949970464 78:8192679271731798032 79:4194724767131384432 80:8234772722143551463 81:7690612441340644010 82:3880193660482631323 83:3202663048165632468 84:3828153527542213509 85:1835360175770853256 86:484030123882158974 87:6363201216027521324 88:211843656000219708 89:2389792740172038150 90:6988456370894203745 91:7009495821320367964 92:8791315416320133292 93:951945140892118807 94:5937726525086048029 95:1529022415834887351 96:6815000061147827050 97:5195288207413939703 98:757258825460893976 99:7264440779454484801 100:2897764691187714154 101:2667390698521117739 102:1951826339242899891 103:5258122837731706869 104:3788529421691500598 105:1825177132805751051 106:88583827125517213 107:4598232929417105474 108:7222798596205641579 109:1431804103503972499 110:6107615306401766469 111:55712339560250681 112:6235006056051194816 113:2978119087813934492 114:3091866314045013083 115:2341293293707039781 116:6990740608974658538 117:1364198580970173648 118:7459180276623262582 119:4236735783814602863 120:7704600660805672869 121:5359644623135332328 122:511384673105886248 123:825258967633518091 124:5403852045125827215 125:3523820619840099993 126:5106716272292637202 127:517856829429117664 128:6059041324389100081 129:8897780456920780230 130:6181469241716052431 131:2530760293290224525 132:2932702964775865445 133:2489871949924991765 134:7038409232781957872 135:6510960110276241195 136:4663581306071243314 137:7857276294144467681 138:3105859254707015763 139:4710248901538488443 140:3978686547420006084 141:630495582019797648 142:1278034200518863779 143:2818640655319905120 144:3507868900506078404 145:2574903594999320866 146:6055867990116820338 147:6774660822792999734 148:899354460222065437 149:314439413519029294 150:1613637069868223519 151:7724089209451183795 152:6737698303015724348 153:6659198398827099125 154:299465011685701782 155:7268271784528715958 156:4309165924905934149 157:3392682431441356298 158:8844273839262080952 159:7372055047833031161 160:2940949921288186198 161:8248720399066954054 162:6232431572774962071 163:8772807822001944249 164:9125840760159921149 165:7722199148388628512 166:1248087574649889713 167:6996576128684410002 168:2683589062022229213 169:4128185746281222235 170:8206468656853280113 171:2721204137742079465 172:5046431807405302252 173:7777159737296202686 174:2546130063266344476 175:1387334456904873202 176:5293638600796009856 177:6361389209033068967 178:8538081956297047562 179:4366038172450867601 180:296447582634888725 181:2317960840167719699 182:1942964011753107129 183:7315629994945636225 184:3675208817213939611 185:3357056565589462482 186:4457726518689379292 187:3108122997084778032 188:2099530621003784275 189:8325005334953086339 190:8656224567737658963 191:4210147476795260178 192:4852048249596955324 193:8411898169953149757 194:1283719544342202806 195:2085525891572468856 196:2998193882753437295 197:675559086786347326 198:4707919245763015786 199:3704531936102761869 200:7299047721617173811 201:3106312104948494052 202:1139909378103268960 203:2789643518494569355 204:4015085687854762472 205:1517446060539116627 206:2685996566676892810 207:1467703020788826184 208:942724966225701646 209:6531939163079793962 210:2620629728443339791 211:728518953839229037 212:804988724876863402 213:3301864091988288409 214:7333536457257909329 215:3226502445180446281 216:3025902375863940727 217:3409438350506532763 218:7774760683421432606 219:8358999217476845099 220:5374230954994010185 221:15284923573300217 222:1920384485383383443 223:24547867250181960 224:7107726770686345474 225:2593093702854857703 226:7109825476839538821 227:8635824155113520377 228:1970184444326067889 229:5246951440877312186 230:6514091125900462432 231:2732969436080472396 232:1697065134123640016 233:100648228329244009 234:4183189923212892379 235:1495984537150238623 236:8552176229137810458 237:5185936183427491519 238:3735361172239215968 239:7170121633819448953 240:1526969484417439716 241:5751810029695147123 242:8988235589416732872 243:3927588007309063747 244:798146797269520251 245:7932230640193764000 246:6437700845656867919 247:5299292523265355632 248:3989964628991901274 249:2976189240410290740 250:8226719791291749094 251:8611266880583530776 252:4364091160932108868 253:2157893724053557900 254:634872083985037496 255:5511719062669701072 256:2818405520591510844 257:2825979792267963076 258:3409104579037015610 259:5765751958875153875 260:5712522766072566613 261:1381481710361954294 262:506127641206673368 263:267207445289289227 264:3792196505685341870 265:5661874125728839661 266:214521815648813358 267:8861645037605753728 268:1681976975506322894 269:5503324369439285368 270:7616138810054887882 271:3519386930688342637 272:3773135378123450984 273:1784222097738972217 274:6058152510582980669 275:563040240389814006 276:3712093276632111911 277:7100278542068471027 278:6249141947752477247 279:2189837628234896354 280:7422252973613424059 281:5068643291794286220 282:9023623667583636561 283:301984910466846543 284:2407970728202724481 285:791228409403042435 286:5190430840838666983 287:221183749197366296 288:4457998736093333324 289:3755050372514975134 290:3026750518048547322 291:9016172421552522135 292:8123433341861267745 293:2695901609613943415 294:6338752615116544942 295:8661896668334614481 296:2814617805344887633 297:5909522373597346243 298:6865622160366102459 299:7747909417307172469 300:9220222272924829530 301:5473892096160568474 302:3221209089737031374 303:3630770367746915998 304:6716156192677642759 305:8689455784230017467 306:7986797115723870310 307:5485211514676009537 308:4408452631208257269 309:3139246727006790144 310:461130657723772600 311:653449325067506895 312:788078645473096157]
2024/06/21 08:45:31 apply error: commit index=312 server=0 6524120215706452979 != server=3 788078645473096157
exit status 1
FAIL	6.5840/raft	127.680s
