Test (2C): basic persistence ...
leader is 0
leader is 2
leader is 2
leader is 0
leader is 2
  ... Passed --   5.7  3  136   34464    7
Test (2C): more persistence ...
leader is 0
leader is 3
leader is 1
leader is 4
leader is 2
leader is 0
  ... Passed --  16.5  5 1196  258560   16
Test (2C): partitioned leader and one follower crash, leader restarts ...
leader is 2
leader is 2
  ... Passed --   1.5  3   42   10110    4
Test (2C): Figure 8 ...
leader is 2
leader is 0
leader is 4
leader is 1
leader is 1
leader is 1
leader is 3
leader is 0
leader is 1
leader is 4
leader is 4
leader is 4
leader is 4
leader is 0
leader is 0
leader is 2
leader is 1
leader is 1
leader is 4
leader is 4
leader is 3
leader is 4
leader is 4
leader is 1
leader is 3
leader is 0
leader is 2
leader is 3
leader is 3
leader is 3
leader is 4
leader is 0
leader is 3
leader is 4
leader is 1
leader is 0
leader is 0
leader is 0
leader is 3
leader is 1
leader is 1
leader is 1
leader is 0
leader is 2
leader is 3
leader is 3
leader is 3
leader is 0
leader is 0
leader is 0
leader is 0
leader is 2
leader is 1
leader is 4
leader is 0
leader is 3
leader is 3
leader is 2
leader is 4
leader is 4
leader is 0
leader is 0
leader is 1
leader is 1
leader is 1
leader is 2
leader is 4
leader is 4
leader is 0
leader is 2
leader is 2
leader is 3
leader is 3
leader is 1
leader is 1
leader is 1
leader is 2
leader is 0
leader is 0
leader is 4
leader is 3
leader is 2
leader is 2
leader is 2
leader is 2
leader is 2
  ... Passed --  30.4  5 1820  384308   78
Test (2C): unreliable agreement ...
leader is 4
  ... Passed --   3.9  5 1151  375206  246
Test (2C): Figure 8 (unreliable) ...
leader is 3
leader is 0
leader is 4
leader is 1
leader is 2
leader is 0
leader is 3
leader is 2
2024/06/21 08:44:36 2: log map[1:3274 2:3518 3:536 4:9506 5:4971 6:1230 7:4838 8:4105 9:6781 10:3217 11:2994 12:2313 13:8917 14:1928 15:6542 16:2802 17:4838 18:6180]; server map[1:3274 2:3518 3:536 4:9506 5:4971 6:1230 7:4838 8:4105 9:6781 10:3217 11:2994 12:2313 13:8917 14:1928 15:6542 16:2802 17:4838 18:6180 19:6993]
2024/06/21 08:44:36 apply error: commit index=19 server=2 8638 != server=1 6993
exit status 1
FAIL	6.5840/raft	82.937s
