Test (2C): basic persistence ...
leader is 0
leader is 1
leader is 1
leader is 0
leader is 2
  ... Passed --   5.6  3  130   33000    7
Test (2C): more persistence ...
leader is 3
leader is 1
leader is 4
leader is 2
leader is 0
leader is 3
  ... Passed --  16.7  5 1013  213028   16
Test (2C): partitioned leader and one follower crash, leader restarts ...
leader is 2
leader is 2
  ... Passed --   1.5  3   42   10110    4
Test (2C): Figure 8 ...
leader is 0
leader is 3
leader is 1
leader is 2
leader is 4
leader is 1
leader is 1
leader is 2
leader is 4
leader is 1
leader is 3
leader is 3
leader is 0
leader is 0
leader is 2
leader is 1
leader is 3
leader is 0
leader is 1
leader is 1
leader is 4
leader is 0
leader is 2
leader is 1
leader is 1
leader is 1
leader is 3
leader is 2
leader is 4
leader is 4
leader is 1
leader is 3
leader is 4
leader is 0
leader is 1
leader is 2
leader is 2
leader is 3
leader is 3
leader is 0
leader is 1
leader is 1
leader is 4
leader is 4
leader is 2
leader is 2
leader is 0
leader is 1
leader is 3
leader is 4
leader is 0
leader is 3
leader is 1
leader is 1
leader is 0
leader is 0
leader is 0
leader is 2
leader is 4
leader is 1
leader is 1
leader is 0
leader is 4
leader is 2
leader is 0
leader is 1
leader is 2
leader is 1
leader is 3
leader is 0
leader is 4
leader is 4
leader is 3
leader is 1
leader is 4
leader is 4
leader is 4
leader is 2
leader is 1
leader is 0
leader is 0
  ... Passed --  31.9  5 1731  363817   80
Test (2C): unreliable agreement ...
leader is 3
  ... Passed --   4.0  5 1152  378817  246
Test (2C): Figure 8 (unreliable) ...
leader is 2
leader is 4
leader is 3
leader is 1
leader is 0
leader is 2
2024/06/21 08:47:51 4: log map[1:8425 2:5525 3:4998 4:1748 5:3317 6:3112 7:4861 8:2470 9:2289 10:8118 11:1771 12:8075 13:5043 14:813 15:5394 16:2955 17:4463 18:9318 19:6452 20:1175 21:4109 22:9966 23:2008 24:7921 25:8955 26:6886 27:2675]; server map[1:8425 2:5525 3:4998 4:1748 5:3317 6:3112 7:4861 8:2470 9:2289 10:8118 11:1771 12:8075 13:5043 14:813 15:5394 16:2955 17:4463 18:9318 19:6452 20:1175 21:4109 22:9966 23:2008 24:7921 25:8955 26:6886 27:2675 28:3420]
2024/06/21 08:47:51 apply error: commit index=28 server=4 9806 != server=0 3420
exit status 1
FAIL	6.5840/raft	65.044s
