Test (2C): basic persistence ...
leader is 0
leader is 1
leader is 1
leader is 1
leader is 2
leader is 1
  ... Passed --   5.2  3  136   34680    6
Test (2C): more persistence ...
leader is 4
leader is 2
leader is 0
leader is 3
leader is 1
leader is 4
  ... Passed --  16.5  5 1128  238560   16
Test (2C): partitioned leader and one follower crash, leader restarts ...
leader is 2
leader is 2
  ... Passed --   1.5  3   42   10110    4
Test (2C): Figure 8 ...
leader is 3
leader is 1
leader is 2
leader is 4
leader is 1
leader is 3
leader is 3
leader is 2
leader is 1
leader is 3
leader is 3
leader is 0
leader is 2
leader is 3
leader is 4
leader is 0
leader is 1
leader is 1
leader is 3
leader is 2
leader is 4
leader is 0
leader is 3
leader is 4
leader is 4
leader is 4
leader is 1
leader is 3
leader is 3
leader is 0
leader is 2
leader is 2
leader is 2
leader is 2
leader is 4
leader is 4
leader is 0
leader is 1
leader is 1
leader is 2
leader is 3
leader is 3
leader is 4
leader is 2
leader is 0
leader is 0
leader is 3
leader is 3
leader is 1
leader is 1
leader is 0
leader is 4
leader is 2
leader is 1
leader is 3
leader is 2
leader is 2
leader is 2
leader is 2
leader is 2
leader is 2
leader is 4
leader is 3
leader is 0
leader is 2
leader is 2
leader is 1
leader is 1
leader is 4
leader is 0
leader is 3
leader is 2
leader is 1
leader is 4
leader is 3
leader is 0
leader is 1
leader is 4
leader is 0
leader is 1
leader is 4
leader is 4
leader is 4
leader is 2
leader is 2
leader is 2
  ... Passed --  31.7  5 1829  384867   84
Test (2C): unreliable agreement ...
leader is 0
  ... Passed --   3.9  5 1144  375052  246
Test (2C): Figure 8 (unreliable) ...
leader is 0
leader is 2
leader is 4
leader is 3
leader is 1
leader is 2
leader is 0
leader is 3
leader is 4
leader is 2
2024/06/21 08:44:11 2: log map[1:6228 2:3009 3:3724 4:189 5:6704 6:4174 7:4627 8:647 9:886 10:8773 11:9377 12:1596 13:6175 14:829 15:6446 16:2222 17:6468 18:1533 19:1803 20:4054 21:5161 22:937 23:4188 24:4900 25:4390 26:9681 27:1684]; server map[1:6228 2:3009 3:3724 4:189 5:6704 6:4174 7:4627 8:647 9:886 10:8773 11:9377 12:1596 13:6175 14:829 15:6446 16:2222 17:6468 18:1533 19:1803 20:4054 21:5161 22:937 23:4188 24:4900 25:4390 26:9681 27:1684 28:6606 29:4155]
2024/06/21 08:44:11 2: log map[1:6228 2:3009 3:3724 4:189 5:6704 6:4174 7:4627 8:647 9:886 10:8773 11:9377 12:1596 13:6175 14:829 15:6446 16:2222 17:6468 18:1533 19:1803 20:4054 21:5161 22:937 23:4188 24:4900 25:4390 26:9681 27:1684]; server map[1:6228 2:3009 3:3724 4:189 5:6704 6:4174 7:4627 8:647 9:886 10:8773 11:9377 12:1596 13:6175 14:829 15:6446 16:2222 17:6468 18:1533 19:1803 20:4054 21:5161 22:937 23:4188 24:4900 25:4390 26:9681 27:1684 28:6606 29:4155]
2024/06/21 08:44:11 apply error: commit index=28 server=2 4088 != server=4 6606
exit status 1
FAIL	6.5840/raft	69.972s
