Test (2C): basic persistence ...
leader is 2
leader is 0
leader is 0
leader is 1
leader is 0
  ... Passed --   5.6  3  134   33708    6
Test (2C): more persistence ...
leader is 4
leader is 2
leader is 0
leader is 3
leader is 1
leader is 4
  ... Passed --  16.5  5 1112  239968   16
Test (2C): partitioned leader and one follower crash, leader restarts ...
leader is 2
leader is 2
  ... Passed --   1.5  3   42   10110    4
Test (2C): Figure 8 ...
leader is 4
leader is 1
leader is 0
leader is 3
leader is 2
leader is 2
leader is 4
leader is 3
leader is 3
leader is 1
leader is 1
leader is 0
leader is 0
leader is 4
leader is 4
leader is 4
leader is 2
leader is 3
leader is 0
leader is 2
leader is 1
leader is 3
leader is 3
leader is 3
leader is 3
leader is 0
leader is 0
leader is 4
leader is 3
leader is 2
leader is 1
leader is 4
leader is 2
leader is 2
leader is 3
leader is 4
leader is 1
leader is 2
leader is 3
leader is 0
leader is 1
leader is 2
leader is 3
leader is 1
leader is 0
leader is 4
leader is 4
leader is 3
leader is 2
leader is 2
leader is 2
leader is 1
leader is 4
leader is 3
leader is 2
leader is 1
leader is 3
leader is 4
leader is 4
leader is 0
leader is 2
leader is 3
leader is 1
leader is 1
leader is 4
leader is 3
leader is 3
  ... Passed --  29.6  5 1600  341542   64
Test (2C): unreliable agreement ...
leader is 2
  ... Passed --   3.9  5 1148  377751  246
Test (2C): Figure 8 (unreliable) ...
leader is 1
leader is 0
2024/06/21 08:09:00 0: log map[1:9609 2:8540 3:8173 4:2706]; server map[1:9609 2:8540 3:8173 4:2706 5:6872]
2024/06/21 08:09:00 apply error: commit index=5 server=0 1356 != server=1 6872
exit status 1
FAIL	6.5840/raft	58.570s
