Test (2C): basic persistence ...
leader is 2
leader is 0
leader is 0
leader is 2
leader is 1
  ... Passed --   5.8  3  136   34160    7
Test (2C): more persistence ...
leader is 4
leader is 2
leader is 0
leader is 3
leader is 1
leader is 4
  ... Passed --  16.5  5 1125  237662   16
Test (2C): partitioned leader and one follower crash, leader restarts ...
leader is 1
leader is 1
  ... Passed --   1.4  3   42   10114    4
Test (2C): Figure 8 ...
leader is 1
leader is 4
leader is 3
leader is 3
leader is 0
leader is 2
leader is 2
leader is 2
leader is 1
leader is 1
leader is 4
leader is 2
leader is 2
leader is 1
leader is 1
leader is 1
leader is 1
leader is 4
leader is 0
leader is 1
leader is 1
leader is 3
leader is 3
leader is 4
leader is 4
leader is 0
leader is 2
leader is 1
leader is 1
leader is 1
leader is 3
leader is 3
leader is 3
leader is 2
leader is 4
leader is 0
leader is 1
leader is 1
leader is 1
leader is 2
leader is 2
leader is 2
leader is 4
leader is 4
leader is 3
leader is 2
leader is 2
leader is 0
leader is 4
leader is 3
leader is 3
leader is 1
leader is 2
leader is 0
leader is 3
leader is 3
leader is 4
leader is 4
leader is 4
leader is 2
leader is 1
leader is 1
leader is 1
leader is 0
leader is 4
leader is 2
leader is 3
leader is 0
leader is 0
leader is 0
leader is 4
leader is 1
leader is 1
leader is 0
leader is 0
leader is 3
leader is 3
leader is 3
leader is 3
leader is 2
leader is 4
leader is 3
leader is 3
leader is 3
leader is 2
leader is 1
leader is 1
leader is 4
leader is 0
leader is 3
leader is 4
leader is 4
leader is 1
leader is 1
leader is 1
  ... Passed --  32.9  5 2012  430238   96
Test (2C): unreliable agreement ...
leader is 1
  ... Passed --   4.1  5 1146  373349  246
Test (2C): Figure 8 (unreliable) ...
leader is 2
leader is 1
leader is 3
leader is 4
leader is 0
leader is 4
leader is 3
leader is 2
leader is 0
leader is 0
leader is 4
leader is 3
leader is 3
leader is 2
  ... Passed --  34.2  5 10540 28770585  298
Test (2C): churn ...
leader is 0
leader is 3
leader is 2
leader is 1
  ... Passed --  16.2  5 4357 8443337  804
Test (2C): unreliable churn ...
leader is 1
leader is 4
leader is 0
2024/06/21 08:09:31 0: log map[1:4800004085434977111 2:5264842138995534758 3:4175625007460427917 4:3113210219745676988 5:7794850184031496497 6:439259827099552970 7:8464233266780498683 8:5979164243757307555 9:1615282224787346490 10:8904420356042981736 11:413742008718463819 12:8080856918819469559 13:1586755207849769910 14:6914075370786709353 15:3732842007681919754 16:8034876317311027425 17:325602831023072623 18:303551374899583587 19:8164186070914763504 20:4617052494143194525 21:4478686315127917901 22:3936947460884966421 23:7182622225667701007 24:4064350960277509551 25:1594261561313961924 26:752545780586304417 27:4249358838790911469 28:5788844696013832145 29:3999217487505880156 30:8772854523176939352 31:7803758856602337012 32:344698390407445405 33:102741687830941207 34:7274924091004513086 35:264364934745166463 36:7305527409501169597 37:7126701558940843621 38:6252448170626370743 39:578065469568043784 40:6204571754478690293 41:6378570604353173324 42:1712700587395645355 43:2439691427461434102 44:552220333020035777 45:6463170681506009639 46:4794771476768499618 47:1496177309037550954 48:6733101210242222723 49:8999719093508329430 50:204367428687584335 51:6140106231786486427 52:3739486380202928734 53:7264593330143819093 54:5710641455792600466 55:9059409311434487274 56:6782264961681608422 57:7775067925713522157 58:2245889081068308948 59:785205132060682557 60:8985474997968325985 61:5378379920881980196 62:5950804928294775660 63:9115427376738844301 64:7775735709783889551 65:4918780306167691819 66:7776882435302699800 67:4253817660456787763 68:5436983929922422490 69:5257166228140586634 70:4701481086608145709 71:4631159427327090638 72:4244840640991181954 73:3601994436164367337 74:798428966171962095 75:6949576152895593808 76:3439313438560999524 77:4451302774718740079 78:4759423709313062536 79:2524856357603200579 80:1783064649914833668 81:3760196475231122168 82:1323841998991864563 83:2391613890731121489 84:5211204180466210053 85:3355717448071585577 86:7093095998213622244 87:5145478231843028624 88:3649235006866756968 89:1903677991726463024 90:6463815766820849033 91:1314662544739251456 92:7518640604880570755 93:7914398446498494608 94:4653003637499821787 95:407063320330186277 96:3028143178635413561 97:2273090177920044985 98:4770274507281211970 99:9015743256178614585 100:4697818549431157754 101:562818575321280767 102:5195661025174361948 103:2144303711507636695 104:1835089003633072196 105:6275096448388743387 106:6556669161500400425 107:297777290087314316 108:5450229128510726528 109:8258130184188328793 110:20640870151582272 111:7700234520383441733 112:6801997686830016657 113:5030077444495961594 114:8212175736585808924 115:8909618078444314666 116:7822729401558700889 117:170848336480729785 118:1528790948655992667 119:2734552131468975963 120:1342894786771080047 121:8726972900356914785 122:341499669628857210 123:832783444029651804 124:4530672937191902261 125:4996647379049649347 126:8330390892006124221 127:7759180527237467217 128:8848009322861291642 129:3227451801925151345 130:7518361877717998154 131:7073137548957988972 132:372268264719042683 133:5351667610902566910 134:6420515609760396033 135:2836458450259531531 136:4852302150122804777 137:9033186447087750288 138:627719732897813122 139:2273182933307153431 140:6438563567102442634 141:8904999805118756042 142:3670000065328248127 143:7317622527967193334 144:8465628368645383193 145:2972489363421404676 146:6130614262310741229 147:9210898659819858295 148:7738037017901273795 149:1776641551332811447 150:5903153563678194686 151:5206508584810383365 152:414725823962226056 153:5849954534741711582 154:6041759624896962500 155:8118255493164328940 156:7531658418607175185 157:7627957599161345007 158:6770434356861636229 159:5291830537622332175 160:6995740776837519784 161:5691426987679800771 162:2628452937528519019 163:5019329100211044967 164:4603448763638820821 165:1553519197542978392 166:5498961337162854699 167:7140321069940337009 168:6253042193661369124 169:7645413598441042849 170:7797627341142776917 171:7263013794327814394 172:6275820711995761299 173:4559844963274937385 174:1981814023764363836 175:1091947163288653825 176:6313919375580562364 177:591817485644375066 178:6479689746349400795 179:3700587459185966121 180:8268615512288553827 181:4144014051110299358 182:7850495494743504224 183:3374496449721901358 184:7581409799785982709 185:1543411460547704172 186:5700100292930590627 187:5017627698827938029 188:1521381421687942363 189:381364550504900701]; server map[1:4800004085434977111 2:5264842138995534758 3:4175625007460427917 4:3113210219745676988 5:7794850184031496497 6:439259827099552970 7:8464233266780498683 8:5979164243757307555 9:1615282224787346490 10:8904420356042981736 11:413742008718463819 12:8080856918819469559 13:1586755207849769910 14:6914075370786709353 15:3732842007681919754 16:8034876317311027425 17:325602831023072623 18:303551374899583587 19:8164186070914763504 20:4617052494143194525 21:4478686315127917901 22:3936947460884966421 23:7182622225667701007 24:4064350960277509551 25:1594261561313961924 26:752545780586304417 27:4249358838790911469 28:5788844696013832145 29:3999217487505880156 30:8772854523176939352 31:7803758856602337012 32:344698390407445405 33:102741687830941207 34:7274924091004513086 35:264364934745166463 36:7305527409501169597 37:7126701558940843621 38:6252448170626370743 39:578065469568043784 40:6204571754478690293 41:6378570604353173324 42:1712700587395645355 43:2439691427461434102 44:552220333020035777 45:6463170681506009639 46:4794771476768499618 47:1496177309037550954 48:6733101210242222723 49:8999719093508329430 50:204367428687584335 51:6140106231786486427 52:3739486380202928734 53:7264593330143819093 54:5710641455792600466 55:9059409311434487274 56:6782264961681608422 57:7775067925713522157 58:2245889081068308948 59:785205132060682557 60:8985474997968325985 61:5378379920881980196 62:5950804928294775660 63:9115427376738844301 64:7775735709783889551 65:4918780306167691819 66:7776882435302699800 67:4253817660456787763 68:5436983929922422490 69:5257166228140586634 70:4701481086608145709 71:4631159427327090638 72:4244840640991181954 73:3601994436164367337 74:798428966171962095 75:6949576152895593808 76:3439313438560999524 77:4451302774718740079 78:4759423709313062536 79:2524856357603200579 80:1783064649914833668 81:3760196475231122168 82:1323841998991864563 83:2391613890731121489 84:5211204180466210053 85:3355717448071585577 86:7093095998213622244 87:5145478231843028624 88:3649235006866756968 89:1903677991726463024 90:6463815766820849033 91:1314662544739251456 92:7518640604880570755 93:7914398446498494608 94:4653003637499821787 95:407063320330186277 96:3028143178635413561 97:2273090177920044985 98:4770274507281211970 99:9015743256178614585 100:4697818549431157754 101:562818575321280767 102:5195661025174361948 103:2144303711507636695 104:1835089003633072196 105:6275096448388743387 106:6556669161500400425 107:297777290087314316 108:5450229128510726528 109:8258130184188328793 110:20640870151582272 111:7700234520383441733 112:6801997686830016657 113:5030077444495961594 114:8212175736585808924 115:8909618078444314666 116:7822729401558700889 117:170848336480729785 118:1528790948655992667 119:2734552131468975963 120:1342894786771080047 121:8726972900356914785 122:341499669628857210 123:832783444029651804 124:4530672937191902261 125:4996647379049649347 126:8330390892006124221 127:7759180527237467217 128:8848009322861291642 129:3227451801925151345 130:7518361877717998154 131:7073137548957988972 132:372268264719042683 133:5351667610902566910 134:6420515609760396033 135:2836458450259531531 136:4852302150122804777 137:9033186447087750288 138:627719732897813122 139:2273182933307153431 140:6438563567102442634 141:8904999805118756042 142:3670000065328248127 143:7317622527967193334 144:8465628368645383193 145:2972489363421404676 146:6130614262310741229 147:9210898659819858295 148:7738037017901273795 149:1776641551332811447 150:5903153563678194686 151:5206508584810383365 152:414725823962226056 153:5849954534741711582 154:6041759624896962500 155:8118255493164328940 156:7531658418607175185 157:7627957599161345007 158:6770434356861636229 159:5291830537622332175 160:6995740776837519784 161:5691426987679800771 162:2628452937528519019 163:5019329100211044967 164:4603448763638820821 165:1553519197542978392 166:5498961337162854699 167:7140321069940337009 168:6253042193661369124 169:7645413598441042849 170:7797627341142776917 171:7263013794327814394 172:6275820711995761299 173:4559844963274937385 174:1981814023764363836 175:1091947163288653825 176:6313919375580562364 177:591817485644375066 178:6479689746349400795 179:3700587459185966121 180:8268615512288553827 181:4144014051110299358 182:7850495494743504224 183:3374496449721901358 184:7581409799785982709 185:1543411460547704172 186:5700100292930590627 187:5017627698827938029 188:1521381421687942363 189:381364550504900701 190:2522861235441597127]
2024/06/21 08:09:31 apply error: commit index=190 server=0 4823250267088719436 != server=4 2522861235441597127
exit status 1
FAIL	6.5840/raft	120.657s
