Test (2C): basic persistence ...
leader is 0
leader is 1
leader is 1
leader is 0
leader is 2
  ... Passed --   5.7  3  136   34076    7
Test (2C): more persistence ...
leader is 2
leader is 0
leader is 3
leader is 1
leader is 4
leader is 2
  ... Passed --  16.7  5 1028  215432   16
Test (2C): partitioned leader and one follower crash, leader restarts ...
leader is 0
leader is 0
  ... Passed --   1.5  3   42   10046    4
Test (2C): Figure 8 ...
leader is 4
leader is 3
leader is 0
leader is 2
leader is 2
leader is 3
leader is 3
leader is 3
leader is 3
leader is 0
leader is 1
leader is 3
leader is 4
leader is 2
leader is 0
leader is 0
leader is 4
leader is 1
leader is 1
leader is 3
leader is 2
leader is 1
leader is 0
leader is 0
leader is 0
leader is 3
leader is 2
leader is 2
leader is 2
leader is 0
leader is 0
leader is 0
leader is 3
leader is 2
leader is 1
leader is 1
leader is 0
leader is 4
leader is 1
leader is 0
leader is 4
leader is 2
leader is 2
leader is 2
leader is 2
leader is 3
leader is 1
leader is 1
leader is 4
leader is 0
leader is 3
leader is 2
leader is 2
leader is 0
leader is 3
leader is 3
leader is 1
leader is 2
leader is 4
leader is 0
leader is 0
leader is 3
leader is 2
leader is 0
leader is 1
leader is 1
leader is 3
leader is 4
leader is 1
leader is 0
leader is 4
leader is 2
leader is 2
leader is 1
leader is 0
leader is 3
leader is 3
leader is 4
leader is 1
leader is 0
leader is 2
leader is 4
leader is 1
leader is 1
leader is 0
leader is 4
leader is 3
leader is 3
leader is 1
leader is 1
  ... Passed --  33.5  5 1832  380890   88
Test (2C): unreliable agreement ...
leader is 4
  ... Passed --   3.9  5 1148  375290  246
Test (2C): Figure 8 (unreliable) ...
leader is 1
leader is 0
leader is 2
leader is 3
leader is 1
leader is 4
2024/06/21 08:10:28 4: log map[1:4043 2:8462 3:246 4:5189 5:1006 6:4677 7:1908 8:601 9:6266 10:2467 11:1310 12:945 13:1780 14:6386 15:9241]; server map[1:4043 2:8462 3:246 4:5189 5:1006 6:4677 7:1908 8:601 9:6266 10:2467 11:1310 12:945 13:1780 14:6386 15:9241 16:8327]
2024/06/21 08:10:28 apply error: commit index=16 server=4 2289 != server=1 8327
exit status 1
FAIL	6.5840/raft	66.444s
