Test (2C): basic persistence ...
leader is 1
leader is 0
leader is 1
leader is 1
leader is 0
leader is 2
  ... Passed --   5.1  3  134   34120    6
Test (2C): more persistence ...
leader is 4
leader is 2
leader is 0
leader is 3
leader is 1
leader is 4
  ... Passed --  16.3  5 1113  235322   16
Test (2C): partitioned leader and one follower crash, leader restarts ...
leader is 2
leader is 2
  ... Passed --   1.4  3   42   10110    4
Test (2C): Figure 8 ...
leader is 0
leader is 1
leader is 4
leader is 3
leader is 2
leader is 4
leader is 4
leader is 0
leader is 2
leader is 1
leader is 1
leader is 1
leader is 1
leader is 0
leader is 2
leader is 2
leader is 3
leader is 3
leader is 1
leader is 0
leader is 0
leader is 3
leader is 2
leader is 2
leader is 0
leader is 0
leader is 0
leader is 3
leader is 1
leader is 2
leader is 4
leader is 4
leader is 3
leader is 0
leader is 1
leader is 4
leader is 4
leader is 4
leader is 2
leader is 0
leader is 0
leader is 4
leader is 1
leader is 1
leader is 3
leader is 2
leader is 2
leader is 1
leader is 1
leader is 1
leader is 1
leader is 1
leader is 1
leader is 4
leader is 4
leader is 3
leader is 0
leader is 1
leader is 4
leader is 3
leader is 0
leader is 1
leader is 2
leader is 3
leader is 4
leader is 2
leader is 3
leader is 3
  ... Passed --  24.7  5 1472  311028   67
Test (2C): unreliable agreement ...
leader is 0
  ... Passed --   3.8  5 1138  371632  246
Test (2C): Figure 8 (unreliable) ...
leader is 0
leader is 2
leader is 1
leader is 4
leader is 3
leader is 1
leader is 0
leader is 2
leader is 4
leader is 4
leader is 4
leader is 0
leader is 0
leader is 0
leader is 1
leader is 4
2024/06/21 08:11:24 4: log map[1:5722 2:5432 3:6073 4:7936 5:6510 6:5921 7:2433 8:2800 9:614 10:3418 11:7731 12:9443 13:6734 14:7815 15:3571 16:5404 17:8727 18:276 19:9377 20:8560 21:7710 22:9572]; server map[1:5722 2:5432 3:6073 4:7936 5:6510 6:5921 7:2433 8:2800 9:614 10:3418 11:7731 12:9443 13:6734 14:7815 15:3571 16:5404 17:8727 18:276 19:9377 20:8560 21:7710 22:9572 23:6434 24:6622]
2024/06/21 08:11:24 apply error: commit index=23 server=4 8112 != server=1 6434
exit status 1
FAIL	6.5840/raft	84.015s
