Test (2C): basic persistence ...
leader is 1
leader is 1
leader is 1
leader is 2
leader is 2
  ... Passed --   5.7  3  136   34264    7
Test (2C): more persistence ...
leader is 3
leader is 1
leader is 4
leader is 2
leader is 0
leader is 3
  ... Passed --  16.4  5 1333  288334   16
Test (2C): partitioned leader and one follower crash, leader restarts ...
leader is 2
leader is 2
  ... Passed --   1.5  3   42   10110    4
Test (2C): Figure 8 ...
leader is 4
leader is 1
leader is 2
leader is 2
leader is 3
leader is 3
leader is 3
leader is 0
leader is 1
leader is 4
leader is 1
leader is 0
leader is 2
leader is 2
leader is 2
leader is 2
leader is 3
leader is 3
leader is 4
leader is 4
leader is 0
leader is 1
leader is 1
leader is 2
leader is 3
leader is 4
leader is 2
leader is 1
leader is 1
leader is 3
leader is 3
leader is 0
leader is 4
leader is 1
leader is 3
leader is 3
leader is 3
leader is 0
leader is 0
leader is 0
leader is 1
leader is 4
leader is 3
leader is 2
leader is 1
leader is 4
leader is 0
leader is 0
leader is 1
leader is 3
leader is 4
leader is 0
leader is 0
leader is 1
leader is 3
leader is 0
leader is 1
leader is 2
leader is 3
leader is 1
leader is 1
leader is 1
leader is 4
leader is 3
leader is 0
leader is 1
leader is 2
leader is 4
leader is 0
leader is 3
leader is 3
leader is 3
leader is 1
leader is 1
leader is 2
leader is 2
leader is 2
leader is 4
leader is 0
leader is 0
  ... Passed --  30.8  5 1702  360107   79
Test (2C): unreliable agreement ...
leader is 4
  ... Passed --   3.8  5 1140  373022  246
Test (2C): Figure 8 (unreliable) ...
leader is 1
leader is 0
leader is 3
leader is 4
leader is 2
leader is 2
leader is 1
leader is 3
leader is 4
leader is 4
leader is 2
leader is 4
leader is 0
leader is 2
2024/06/21 08:11:48 2: log map[1:2952 2:7690 3:3302 4:7154 5:6361 6:5885 7:4718 8:6285 9:8420 10:9560 11:5172 12:2156 13:7557 14:8686 15:9231 16:3648 17:2624 18:6688 19:3772 20:5728 21:5668 22:7477 23:7067 24:3603 25:9998 26:7755 27:4296 28:8890 29:7345 30:7421 31:1774 32:5251 33:4831 34:194 35:1694 36:2466 37:6365 38:1872 39:8685 40:8397 41:1268 42:9190 43:3197 44:6116 45:4741 46:7110 47:9068 48:3598 49:9300 50:871 51:5108 52:9416 53:9637 54:2409]; server map[1:2952 2:7690 3:3302 4:7154 5:6361 6:5885 7:4718 8:6285 9:8420 10:9560 11:5172 12:2156 13:7557 14:8686 15:9231 16:3648 17:2624 18:6688 19:3772 20:5728 21:5668 22:7477 23:7067 24:3603 25:9998 26:7755 27:4296 28:8890 29:7345 30:7421 31:1774 32:5251 33:4831 34:194 35:1694 36:2466 37:6365 38:1872 39:8685 40:8397 41:1268 42:9190 43:3197 44:6116 45:4741 46:7110 47:9068 48:3598 49:9300 50:871 51:5108 52:9416 53:9637 54:2409 55:3666]
2024/06/21 08:11:48 2: log map[1:2952 2:7690 3:3302 4:7154 5:6361 6:5885 7:4718 8:6285 9:8420 10:9560 11:5172 12:2156 13:7557 14:8686 15:9231 16:3648 17:2624 18:6688 19:3772 20:5728 21:5668 22:7477 23:7067 24:3603 25:9998 26:7755 27:4296 28:8890 29:7345 30:7421 31:1774 32:5251 33:4831 34:194 35:1694 36:2466 37:6365 38:1872 39:8685 40:8397 41:1268 42:9190 43:3197 44:6116 45:4741 46:7110 47:9068 48:3598 49:9300 50:871 51:5108 52:9416 53:9637 54:2409]; server map[1:2952 2:7690 3:3302 4:7154 5:6361 6:5885 7:4718 8:6285 9:8420 10:9560 11:5172 12:2156 13:7557 14:8686 15:9231 16:3648 17:2624 18:6688 19:3772 20:5728 21:5668 22:7477 23:7067 24:3603 25:9998 26:7755 27:4296 28:8890 29:7345 30:7421 31:1774 32:5251 33:4831 34:194 35:1694 36:2466 37:6365 38:1872 39:8685 40:8397 41:1268 42:9190 43:3197 44:6116 45:4741 46:7110 47:9068 48:3598 49:9300 50:871 51:5108 52:9416 53:9637 54:2409 55:3666]
2024/06/21 08:11:48 2: log map[1:2952 2:7690 3:3302 4:7154 5:6361 6:5885 7:4718 8:6285 9:8420 10:9560 11:5172 12:2156 13:7557 14:8686 15:9231 16:3648 17:2624 18:6688 19:3772 20:5728 21:5668 22:7477 23:7067 24:3603 25:9998 26:7755 27:4296 28:8890 29:7345 30:7421 31:1774 32:5251 33:4831 34:194 35:1694 36:2466 37:6365 38:1872 39:8685 40:8397 41:1268 42:9190 43:3197 44:6116 45:4741 46:7110 47:9068 48:3598 49:9300 50:871 51:5108 52:9416 53:9637 54:2409]; server map[1:2952 2:7690 3:3302 4:7154 5:6361 6:5885 7:4718 8:6285 9:8420 10:9560 11:5172 12:2156 13:7557 14:8686 15:9231 16:3648 17:2624 18:6688 19:3772 20:5728 21:5668 22:7477 23:7067 24:3603 25:9998 26:7755 27:4296 28:8890 29:7345 30:7421 31:1774 32:5251 33:4831 34:194 35:1694 36:2466 37:6365 38:1872 39:8685 40:8397 41:1268 42:9190 43:3197 44:6116 45:4741 46:7110 47:9068 48:3598 49:9300 50:871 51:5108 52:9416 53:9637 54:2409 55:3666]
2024/06/21 08:11:48 apply error: commit index=55 server=2 2361 != server=4 3666
exit status 1
FAIL	6.5840/raft	77.561s
