Test (2C): basic persistence ...
leader is 0
leader is 1
leader is 1
leader is 0
leader is 0
  ... Passed --   5.6  3  134   33934    7
Test (2C): more persistence ...
leader is 3
leader is 1
leader is 4
leader is 2
leader is 0
leader is 3
  ... Passed --  16.5  5 1300  280522   16
Test (2C): partitioned leader and one follower crash, leader restarts ...
leader is 0
leader is 0
  ... Passed --   1.5  3   42   10046    4
Test (2C): Figure 8 ...
leader is 4
leader is 3
leader is 0
leader is 0
leader is 0
leader is 0
leader is 1
leader is 3
leader is 3
leader is 3
leader is 2
leader is 2
leader is 4
leader is 4
leader is 1
leader is 1
leader is 0
leader is 3
leader is 1
leader is 0
leader is 0
leader is 2
leader is 4
leader is 2
leader is 1
leader is 0
leader is 2
leader is 2
leader is 1
leader is 1
leader is 4
leader is 4
leader is 4
leader is 3
leader is 1
leader is 2
leader is 0
leader is 0
leader is 3
leader is 4
leader is 0
leader is 1
leader is 2
leader is 0
leader is 0
leader is 0
leader is 4
leader is 4
leader is 4
leader is 1
leader is 1
leader is 1
leader is 1
leader is 1
leader is 2
leader is 0
leader is 1
leader is 1
leader is 1
leader is 1
leader is 1
leader is 3
leader is 2
leader is 4
leader is 1
leader is 2
leader is 0
leader is 0
leader is 0
leader is 0
leader is 0
leader is 4
leader is 4
leader is 1
leader is 2
leader is 0
leader is 3
leader is 4
leader is 2
leader is 2
leader is 2
leader is 3
leader is 3
leader is 3
leader is 4
leader is 1
leader is 1
leader is 2
leader is 0
leader is 4
leader is 2
leader is 3
leader is 3
  ... Passed --  29.6  5 1816  380006   92
Test (2C): unreliable agreement ...
leader is 1
  ... Passed --   3.9  5 1152  372735  246
Test (2C): Figure 8 (unreliable) ...
leader is 1
leader is 4
leader is 2
leader is 0
leader is 3
leader is 4
leader is 2
leader is 1
leader is 4
leader is 0
leader is 2
2024/06/21 08:10:37 2: log map[1:7146 2:671 3:7711 4:8892 5:8532 6:3406 7:727 8:4600 9:9416 10:3078 11:983 12:7755 13:5443 14:9457 15:2917 16:2944 17:8940 18:4708 19:2287 20:9226 21:6247 22:7308 23:9737 24:9393 25:2324 26:5309 27:5525 28:2780 29:8526 30:7405 31:527 32:2132 33:7055 34:9309 35:6158 36:8557 37:6521 38:878 39:3797 40:2279 41:39]; server map[1:7146 2:671 3:7711 4:8892 5:8532 6:3406 7:727 8:4600 9:9416 10:3078 11:983 12:7755 13:5443 14:9457 15:2917 16:2944 17:8940 18:4708 19:2287 20:9226 21:6247 22:7308 23:9737 24:9393 25:2324 26:5309 27:5525 28:2780 29:8526 30:7405 31:527 32:2132 33:7055 34:9309 35:6158 36:8557 37:6521 38:878 39:3797 40:2279 41:39 42:7116]
2024/06/21 08:10:37 apply error: commit index=42 server=2 4887 != server=4 7116
exit status 1
FAIL	6.5840/raft	67.294s
