Test (2C): basic persistence ...
leader is 2
leader is 1
leader is 1
leader is 2
leader is 1
  ... Passed --   5.6  3  132   33452    7
Test (2C): more persistence ...
leader is 0
leader is 3
leader is 1
leader is 4
leader is 2
leader is 0
  ... Passed --  16.6  5 1026  214086   16
Test (2C): partitioned leader and one follower crash, leader restarts ...
leader is 0
leader is 0
  ... Passed --   1.6  3   44   10616    4
Test (2C): Figure 8 ...
leader is 4
leader is 1
leader is 3
leader is 2
leader is 2
leader is 2
leader is 0
leader is 1
leader is 4
leader is 3
leader is 0
leader is 0
leader is 0
leader is 1
leader is 1
leader is 1
leader is 2
leader is 4
leader is 0
leader is 0
leader is 3
leader is 2
leader is 1
leader is 4
leader is 4
leader is 4
leader is 4
leader is 0
leader is 0
leader is 2
leader is 3
leader is 0
leader is 1
leader is 4
leader is 3
leader is 3
leader is 2
leader is 0
leader is 4
leader is 3
leader is 3
leader is 0
leader is 1
leader is 1
leader is 2
leader is 4
leader is 4
leader is 3
leader is 1
leader is 1
leader is 0
leader is 4
leader is 4
leader is 4
leader is 3
leader is 0
leader is 4
leader is 2
leader is 1
leader is 0
leader is 3
leader is 2
leader is 1
leader is 3
leader is 4
leader is 1
leader is 1
leader is 3
leader is 0
leader is 4
leader is 2
leader is 0
leader is 1
  ... Passed --  27.3  5 1531  321116   71
Test (2C): unreliable agreement ...
leader is 4
  ... Passed --   3.9  5 1139  374755  246
Test (2C): Figure 8 (unreliable) ...
leader is 0
leader is 3
leader is 4
leader is 1
leader is 0
leader is 4
leader is 2
leader is 1
leader is 1
leader is 2
leader is 4
leader is 4
  ... Passed --  33.7  5 11263 26999185  409
Test (2C): churn ...
leader is 3
leader is 2
leader is 3
leader is 1
leader is 2
  ... Passed --  16.3  5 3848 2204354  769
Test (2C): unreliable churn ...
leader is 0
leader is 0
leader is 1
leader is 0
leader is 1
2024/06/21 08:11:51 1: log map[1:3539469525241122709 2:6528902508308333600 3:7080770908132264766 4:3031931699375523866 5:4599541754764011290 6:2962306708404221 7:2903075971479764360 8:6765947950490956798 9:6787431816199218592 10:4833182298532213566 11:3390251776027037634 12:6599706669266953737 13:3834459240892693467 14:1627753736013155667 15:709513286878922207 16:3025057188310348502 17:1622059820627570470 18:1404235236333009222 19:1439139984072291357 20:1623985042408655338 21:5042340872610517894 22:2504458927512625657 23:4076779804714384022 24:6436202118296130191 25:2980378022001777632 26:5243873525833858933 27:2061313310363942618 28:3603658177745404330 29:2597778428812481437 30:3433263813652068909 31:8875674688641717202 32:6047975628150406005 33:2826833532236816703 34:8315704993195658002 35:1382277808760677610 36:512929076444667370 37:3198661248266826859 38:6495672979000128700 39:7195847864665430903 40:2768169456969353371 41:7045665433360706594 42:1439510551972599425 43:3852277988618967457 44:2303584092568933068 45:4169332449621141373 46:5167848179567132607 47:3488156687829542182 48:7847616866247957621 49:5011630420098377434 50:4016853156527491524 51:8619386128534118335 52:6364732013163363692 53:5810979187673244090 54:3412673627157260463 55:3271205295765553859 56:6934810865117667276 57:6862569803026236291 58:332718755779056756 59:2331801956670833486 60:5872658434587861143 61:2690026353540737938 62:8082375303025766583 63:2096241333122249399 64:9090486198803408690 65:2913654679759785623 66:6812432771424623979 67:5393514811596334727 68:4756289184675540814 69:6984330746503475289 70:1634512907692472908 71:8853628843276304860 72:8151040312372692641 73:2320858939370293015 74:8969114012843161434 75:480965326896898034 76:715776185178970642 77:3504623868546668712 78:8144528127517749171 79:5933621045417288804 80:7809378639985006520 81:40234497078506644 82:980830602817135820 83:3847607892533580309 84:3044137092694892734 85:1778036324378529855 86:6602221542367063962 87:7638989141975836443 88:3668244342290993699 89:2189774389152042631 90:6750066531777687365 91:4998144352725698343 92:8199673482757228086 93:2304412702160030423 94:968630259859883411 95:7931614819332435263 96:1428652777787581404 97:2887854482567735770 98:1253565794804305360 99:1693238004696294115 100:1919061635033779259 101:3134559080169374624 102:537507147026635059 103:1447097454841961149 104:6144828259947254070 105:8836463011178143240 106:5933490255083143044 107:9180558969850971533 108:720116755009321066 109:2888690183903978889 110:8209506971096643749 111:1593036746611931691 112:4036860509050449535 113:5530444871937424178 114:7263829273485564963 115:5866599928388083248 116:5567391083111780759 117:8464214798968260757 118:8964711053542783652 119:4210995107380506561 120:538074656341391524 121:9066243200909626612 122:1868532225095872188 123:7699598565586041716 124:7840596424978943598 125:1610189023577060005 126:85816459445563492 127:2862866447975409502 128:9173566325432107190 129:907503517537621309 130:3501047459003194789 131:7877164044441202292 132:2892782174934570417 133:561343913384015105 134:8473304856056380405 135:6599964632904086167 136:3839803077377940683 137:2850149728787653989 138:5215875065344392156 139:3633419241962238177 140:4904644921076240295 141:7773541632054451482 142:65054096987133749 143:4124525564145853474 144:8657859700566938088 145:7604706946525841749 146:4467102779408946025 147:8729999903756583400 148:6627785670101497513 149:7812779567033802071 150:567718969691752198 151:3209893174946143324 152:1784358122517937380 153:3620401546792632199 154:2227720279631913627 155:8520929110127930630 156:4305411212780321552 157:3302124817045153518 158:6086586697220823150 159:5427156813472266340 160:2560503726178549827 161:3000434775090769376 162:7433459017917373806 163:8725473989519621012 164:2071403466765641960 165:8921087215609044299 166:2439223923541544295 167:2051890285833810443 168:1456659662500564827 169:7358764033218791686 170:1787949489950203582 171:5207866482660079285 172:3433659795561134232 173:4120449613798454179 174:9120650776658325760 175:5462351840189129405 176:5267321341495794073 177:7053157082484241847 178:8444100192101694995 179:2397945534264169270 180:6411780615860653381 181:5949880794309238331 182:2759232281067885097 183:1494851543613130869 184:2563124967619859707 185:808938162266444968 186:1529900775862193603 187:6392681708922678438 188:7044452873881593489 189:5740181485482315407 190:6874507245023930079 191:9169374999502446827 192:9130414918996344735 193:1057692658016301534 194:681771619521027830 195:8047523671679618561 196:3533930099591113296 197:5653781557096744741 198:1171916582200101116 199:6583603682996243060 200:3336969525815286852 201:273826844722837359 202:8302378490359683265 203:3693837200487547168 204:3426450428223937189 205:5691964099429048731 206:5711531977085225535 207:4129458563964401210 208:5803010935616149204 209:5520420724135532027 210:46268723347575799 211:8114646971281078268 212:3981376341412258856 213:7517892524742957348 214:2304495196739494759 215:2715786016634574882 216:6921764948452480432 217:1782973751450964109 218:4262000056347863525 219:1226385243130848598 220:7569605800947372564 221:1009588158471805489 222:4092202059967651974 223:7726993286479558282 224:5939204913642402808 225:619786243393299740 226:7278704201972339090 227:7169877553888724488 228:7236589857022011749 229:1025042221753187587 230:3986700289807906501 231:21004696990911997 232:4982666162049948910 233:6449261930532514999 234:700320746201637956 235:1660219338365501053 236:2986583533119795268 237:5483961780002320938 238:1016295425400406043 239:5483066126901047131 240:4783191124422918691 241:5103128082905741140 242:9112434647215628136 243:3054408710867457331 244:2458089084265958954 245:1604615835019614276 246:1481369562893149279 247:2290212679954991635 248:8893470976289105109 249:8646359897498751460 250:7086455502184377742 251:8912348848622032118 252:2256318244610011695 253:7417688670024860574 254:3056549689938659586 255:6017996611012988723 256:7038499538182499486 257:1550911121277633026 258:3292282349567586543 259:4897674694764449219 260:3890094023065492255 261:6301527718660458350 262:9063316304605804551 263:2463113809725772513 264:681202907446907018 265:2620352079076153406 266:2446039192352459197 267:6089247199428858180 268:5803306251020032726 269:6223056529286920069 270:6484587619813352275 271:5348771219746995439 272:8211955886866111518 273:4617317033152333020 274:590406127271243536 275:2804070250195212007 276:1884584510718014846 277:1011607091951398566 278:1236131092713018532 279:2695624905952280521 280:7222510504784978504 281:6782384859700767710 282:1065323154767424399 283:1538569669951096550 284:400891077765389823 285:496104234938903112 286:3998433933587394312 287:6722761478828578416 288:671235933653519619 289:4468385947462815320 290:5946977861105441468]; server map[1:3539469525241122709 2:6528902508308333600 3:7080770908132264766 4:3031931699375523866 5:4599541754764011290 6:2962306708404221 7:2903075971479764360 8:6765947950490956798 9:6787431816199218592 10:4833182298532213566 11:3390251776027037634 12:6599706669266953737 13:3834459240892693467 14:1627753736013155667 15:709513286878922207 16:3025057188310348502 17:1622059820627570470 18:1404235236333009222 19:1439139984072291357 20:1623985042408655338 21:5042340872610517894 22:2504458927512625657 23:4076779804714384022 24:6436202118296130191 25:2980378022001777632 26:5243873525833858933 27:2061313310363942618 28:3603658177745404330 29:2597778428812481437 30:3433263813652068909 31:8875674688641717202 32:6047975628150406005 33:2826833532236816703 34:8315704993195658002 35:1382277808760677610 36:512929076444667370 37:3198661248266826859 38:6495672979000128700 39:7195847864665430903 40:2768169456969353371 41:7045665433360706594 42:1439510551972599425 43:3852277988618967457 44:2303584092568933068 45:4169332449621141373 46:5167848179567132607 47:3488156687829542182 48:7847616866247957621 49:5011630420098377434 50:4016853156527491524 51:8619386128534118335 52:6364732013163363692 53:5810979187673244090 54:3412673627157260463 55:3271205295765553859 56:6934810865117667276 57:6862569803026236291 58:332718755779056756 59:2331801956670833486 60:5872658434587861143 61:2690026353540737938 62:8082375303025766583 63:2096241333122249399 64:9090486198803408690 65:2913654679759785623 66:6812432771424623979 67:5393514811596334727 68:4756289184675540814 69:6984330746503475289 70:1634512907692472908 71:8853628843276304860 72:8151040312372692641 73:2320858939370293015 74:8969114012843161434 75:480965326896898034 76:715776185178970642 77:3504623868546668712 78:8144528127517749171 79:5933621045417288804 80:7809378639985006520 81:40234497078506644 82:980830602817135820 83:3847607892533580309 84:3044137092694892734 85:1778036324378529855 86:6602221542367063962 87:7638989141975836443 88:3668244342290993699 89:2189774389152042631 90:6750066531777687365 91:4998144352725698343 92:8199673482757228086 93:2304412702160030423 94:968630259859883411 95:7931614819332435263 96:1428652777787581404 97:2887854482567735770 98:1253565794804305360 99:1693238004696294115 100:1919061635033779259 101:3134559080169374624 102:537507147026635059 103:1447097454841961149 104:6144828259947254070 105:8836463011178143240 106:5933490255083143044 107:9180558969850971533 108:720116755009321066 109:2888690183903978889 110:8209506971096643749 111:1593036746611931691 112:4036860509050449535 113:5530444871937424178 114:7263829273485564963 115:5866599928388083248 116:5567391083111780759 117:8464214798968260757 118:8964711053542783652 119:4210995107380506561 120:538074656341391524 121:9066243200909626612 122:1868532225095872188 123:7699598565586041716 124:7840596424978943598 125:1610189023577060005 126:85816459445563492 127:2862866447975409502 128:9173566325432107190 129:907503517537621309 130:3501047459003194789 131:7877164044441202292 132:2892782174934570417 133:561343913384015105 134:8473304856056380405 135:6599964632904086167 136:3839803077377940683 137:2850149728787653989 138:5215875065344392156 139:3633419241962238177 140:4904644921076240295 141:7773541632054451482 142:65054096987133749 143:4124525564145853474 144:8657859700566938088 145:7604706946525841749 146:4467102779408946025 147:8729999903756583400 148:6627785670101497513 149:7812779567033802071 150:567718969691752198 151:3209893174946143324 152:1784358122517937380 153:3620401546792632199 154:2227720279631913627 155:8520929110127930630 156:4305411212780321552 157:3302124817045153518 158:6086586697220823150 159:5427156813472266340 160:2560503726178549827 161:3000434775090769376 162:7433459017917373806 163:8725473989519621012 164:2071403466765641960 165:8921087215609044299 166:2439223923541544295 167:2051890285833810443 168:1456659662500564827 169:7358764033218791686 170:1787949489950203582 171:5207866482660079285 172:3433659795561134232 173:4120449613798454179 174:9120650776658325760 175:5462351840189129405 176:5267321341495794073 177:7053157082484241847 178:8444100192101694995 179:2397945534264169270 180:6411780615860653381 181:5949880794309238331 182:2759232281067885097 183:1494851543613130869 184:2563124967619859707 185:808938162266444968 186:1529900775862193603 187:6392681708922678438 188:7044452873881593489 189:5740181485482315407 190:6874507245023930079 191:9169374999502446827 192:9130414918996344735 193:1057692658016301534 194:681771619521027830 195:8047523671679618561 196:3533930099591113296 197:5653781557096744741 198:1171916582200101116 199:6583603682996243060 200:3336969525815286852 201:273826844722837359 202:8302378490359683265 203:3693837200487547168 204:3426450428223937189 205:5691964099429048731 206:5711531977085225535 207:4129458563964401210 208:5803010935616149204 209:5520420724135532027 210:46268723347575799 211:8114646971281078268 212:3981376341412258856 213:7517892524742957348 214:2304495196739494759 215:2715786016634574882 216:6921764948452480432 217:1782973751450964109 218:4262000056347863525 219:1226385243130848598 220:7569605800947372564 221:1009588158471805489 222:4092202059967651974 223:7726993286479558282 224:5939204913642402808 225:619786243393299740 226:7278704201972339090 227:7169877553888724488 228:7236589857022011749 229:1025042221753187587 230:3986700289807906501 231:21004696990911997 232:4982666162049948910 233:6449261930532514999 234:700320746201637956 235:1660219338365501053 236:2986583533119795268 237:5483961780002320938 238:1016295425400406043 239:5483066126901047131 240:4783191124422918691 241:5103128082905741140 242:9112434647215628136 243:3054408710867457331 244:2458089084265958954 245:1604615835019614276 246:1481369562893149279 247:2290212679954991635 248:8893470976289105109 249:8646359897498751460 250:7086455502184377742 251:8912348848622032118 252:2256318244610011695 253:7417688670024860574 254:3056549689938659586 255:6017996611012988723 256:7038499538182499486 257:1550911121277633026 258:3292282349567586543 259:4897674694764449219 260:3890094023065492255 261:6301527718660458350 262:9063316304605804551 263:2463113809725772513 264:681202907446907018 265:2620352079076153406 266:2446039192352459197 267:6089247199428858180 268:5803306251020032726 269:6223056529286920069 270:6484587619813352275 271:5348771219746995439 272:8211955886866111518 273:4617317033152333020 274:590406127271243536 275:2804070250195212007 276:1884584510718014846 277:1011607091951398566 278:1236131092713018532 279:2695624905952280521 280:7222510504784978504 281:6782384859700767710 282:1065323154767424399 283:1538569669951096550 284:400891077765389823 285:496104234938903112 286:3998433933587394312 287:6722761478828578416 288:671235933653519619 289:4468385947462815320 290:5946977861105441468 291:3422727921667980862]
2024/06/21 08:11:51 apply error: commit index=291 server=1 1037662430668798549 != server=0 3422727921667980862
exit status 1
FAIL	6.5840/raft	115.915s
